C51 COMPILER V9.00   MAIN                                                                  07/26/2019 21:38:13 PAGE 1   


C51 COMPILER V9.00, COMPILATION OF MODULE MAIN
OBJECT MODULE PLACED IN .\Objects\main.obj
COMPILER INVOKED BY: F:\workApp\Keil_v5\C51\BIN\C51.EXE main.c BROWSE DEBUG OBJECTEXTEND PRINT(.\Listings\main.lst) OBJE
                    -CT(.\Objects\main.obj)

line level    source

   1          #include "includes.h"
   2          /************************************/
   3          /*                                                                      */
   4          /*                      主函数                                  */
   5          /************************************/
   6          
   7          void main()
   8          {
   9   1              while(1)
  10   1              {       
  11   2                      run();
  12   2              }
  13   1              /*延时函数的作用是防止电机转动过快*/
  14   1      }


MODULE INFORMATION:   STATIC OVERLAYABLE
   CODE SIZE        =      5    ----
   CONSTANT SIZE    =   ----    ----
   XDATA SIZE       =   ----    ----
   PDATA SIZE       =   ----    ----
   DATA SIZE        =   ----    ----
   IDATA SIZE       =   ----    ----
   BIT SIZE         =   ----    ----
END OF MODULE INFORMATION.


C51 COMPILATION COMPLETE.  0 WARNING(S),  0 ERROR(S)
