C51 COMPILER V9.01   DELAY                                                                 07/05/2019 14:16:50 PAGE 1   


C51 COMPILER V9.01, COMPILATION OF MODULE DELAY
OBJECT MODULE PLACED IN delay.obj
COMPILER INVOKED BY: C:\Keil\C51\BIN\C51.EXE delay\delay.c BROWSE DEBUG OBJECTEXTEND PRINT(.\delay.lst) OBJECT(delay.obj
                    -)

line level    source

   1          /*********************************************************************************************************
   2          *名称：delay.c
   3          *功能：延时所用到的函数
   4          创建时间：2019/7/5
   5          修改时间：2019/7/5
   6          作者：黄剑桥
   7          *********************************************************************************************************/
   8          
   9          #include "delay.h"
  10          
  11          /*******************************************************************************
  12          * 函 数 名         : Delay_us
  13          * 函数功能                 : 延时函数，i=1时，大约延时10us
  14          *******************************************************************************/
  15          void Delay_us(U16 i)
  16          {
  17   1          while(i--); 
  18   1      }
  19          


MODULE INFORMATION:   STATIC OVERLAYABLE
   CODE SIZE        =     11    ----
   CONSTANT SIZE    =   ----    ----
   XDATA SIZE       =   ----    ----
   PDATA SIZE       =   ----    ----
   DATA SIZE        =   ----    ----
   IDATA SIZE       =   ----    ----
   BIT SIZE         =   ----    ----
END OF MODULE INFORMATION.


C51 COMPILATION COMPLETE.  0 WARNING(S),  0 ERROR(S)
