C51 COMPILER V9.01   KEY1                                                                  07/05/2019 14:16:50 PAGE 1   


C51 COMPILER V9.01, COMPILATION OF MODULE KEY1
OBJECT MODULE PLACED IN Key1.obj
COMPILER INVOKED BY: C:\Keil\C51\BIN\C51.EXE Key\Key1.c BROWSE DEBUG OBJECTEXTEND PRINT(.\Key1.lst) OBJECT(Key1.obj)

line level    source

   1          /*********************************************************************************************************
   2          *名称：DuLiKey.c
   3          *功能：独立按键所用到的函数
   4          创建时间：2019/7/5
   5          修改时间：2019/7/5
   6          作者：黄剑桥
   7          *********************************************************************************************************/
   8          #include "Key1.h"
   9          U8 j=1;
  10          /**************************************************************************
  11          * 函数名称： Key1
  12          * 功能：     按键 +1 -1 清零
  13          ******************************************************************************/    
  14          void Key1()
  15          {
  16   1         U8 j=1;
  17   1         P1=0x00;
  18   1         while(1)
  19   1         {
  20   2         
  21   2         if(KEY1==0)//按下+1
  22   2         
  23   2         Delay_us(500);
  24   2         if(KEY1==0)//再次确认按键是否按下
  25   2         {
  26   3         j++; //显示的数 +1
  27   3          DisplayAddr(j);                                     
  28   3         }
  29   2         while(!KEY1);
  30   2         if(KEY2==0)//按下-1
  31   2         Delay_us(500);
  32   2         if(KEY2==0)//再次确认按键是否按下
  33   2         {
  34   3         j--; //显示的数 -1
  35   3         DisplayAddr(j);
  36   3         }
  37   2         while(!KEY2);
  38   2         if(KEY3==0)//按下清零
  39   2         Delay_us(500);
  40   2         if(KEY3==0)  //再次确认按键是否按下
  41   2         j=0; //显示的数为0
  42   2         {
  43   3              DisplayAddr(j);
  44   3         }                                                                     
  45   2         if(j>10)     //j>10时，重新给j赋值0
  46   2         {                                                                
  47   3         j=0;
  48   3         }
  49   2         }
  50   1      }
  51          


MODULE INFORMATION:   STATIC OVERLAYABLE
   CODE SIZE        =     91    ----
C51 COMPILER V9.01   KEY1                                                                  07/05/2019 14:16:50 PAGE 2   

   CONSTANT SIZE    =   ----    ----
   XDATA SIZE       =   ----    ----
   PDATA SIZE       =   ----    ----
   DATA SIZE        =      1       1
   IDATA SIZE       =   ----    ----
   BIT SIZE         =   ----    ----
END OF MODULE INFORMATION.


C51 COMPILATION COMPLETE.  0 WARNING(S),  0 ERROR(S)
