C51 COMPILER V9.01   MAIN                                                                  07/05/2019 14:16:50 PAGE 1   


C51 COMPILER V9.01, COMPILATION OF MODULE MAIN
OBJECT MODULE PLACED IN main.OBJ
COMPILER INVOKED BY: C:\Keil\C51\BIN\C51.EXE main.c BROWSE DEBUG OBJECTEXTEND

line level    source

   1                                             /*****************************************************************************
   2          *名称：独立按键
   3          *功能：分别用三个按键实现 +  -  清0  的功能
   4          创建时间：2019/7/5
   5          修改时间：2019/7/5
   6          作者：黄剑桥
   7          *********************************************************************************************************/
   8          #include "includes.h"
   9          void main()
  10          {
  11   1          P4M1=0x00;//P4.1 P4.4 P4.5 P4.6推挽
  12   1          P4M0=0x72; 
  13   1          P4SW=0x70;//P4.4=I/O P4.5=I/O P4.6=I/O 
  14   1      
  15   1          Key1();
  16   1      }
  17          


MODULE INFORMATION:   STATIC OVERLAYABLE
   CODE SIZE        =     12    ----
   CONSTANT SIZE    =   ----    ----
   XDATA SIZE       =   ----    ----
   PDATA SIZE       =   ----    ----
   DATA SIZE        =   ----    ----
   IDATA SIZE       =   ----    ----
   BIT SIZE         =   ----    ----
END OF MODULE INFORMATION.


C51 COMPILATION COMPLETE.  0 WARNING(S),  0 ERROR(S)
