C51 COMPILER V9.00   MAIN                                                                  07/14/2019 13:55:41 PAGE 1   


C51 COMPILER V9.00, COMPILATION OF MODULE MAIN
OBJECT MODULE PLACED IN main.OBJ
COMPILER INVOKED BY: F:\workApp\Keil_v5\C51\BIN\C51.EXE main.c BROWSE DEBUG OBJECTEXTEND

line level    source

   1          /*********************************************************************************************************
   2          *名称：串口通信
   3          *功能：在串口助手窗口进行串口数据收发检测
   4          创建时间：2019/7/5
   5          修改时间：2019/XX/XX
   6          作者：李诗琪
   7          *********************************************************************************************************/
   8          
   9          #include "includes.h"
  10          
  11          uchar num;
  12          
  13          int main()
  14          {
  15   1              UART_Init();    //串口初始化
  16   1              while(1);
  17   1      }
  18          
  19          void UART() interrupt 4
  20          {
  21   1              UART_Interrupt();       
  22   1      }


MODULE INFORMATION:   STATIC OVERLAYABLE
   CODE SIZE        =     64    ----
   CONSTANT SIZE    =   ----    ----
   XDATA SIZE       =   ----    ----
   PDATA SIZE       =   ----    ----
   DATA SIZE        =      1    ----
   IDATA SIZE       =   ----    ----
   BIT SIZE         =   ----    ----
END OF MODULE INFORMATION.


C51 COMPILATION COMPLETE.  0 WARNING(S),  0 ERROR(S)
