C51 COMPILER V9.00   LED                                                                   08/30/2019 19:00:50 PAGE 1   


C51 COMPILER V9.00, COMPILATION OF MODULE LED
OBJECT MODULE PLACED IN .\Objects\led.obj
COMPILER INVOKED BY: F:\workApp\Keil_v5\C51\BIN\C51.EXE led\led.c BROWSE DEBUG OBJECTEXTEND PRINT(.\Listings\led.lst) OB
                    -JECT(.\Objects\led.obj)

line level    source

   1          /*********************************************************************************************************
   2          *名称：led.c
   3          *功能：led灯对应的函数
   4          创建时间：2019/7/4
   5          修改时间：2019/7/4
   6          作者：黄彦钊
   7          *********************************************************************************************************/
   8          #include "led.h"                                  
   9          sbit LED1=P4^0;      //位定义，将stc12中的定义为LED
  10          sbit LED2=P4^1;           //每一个IO口都要进行定义
  11          sbit LED3=P4^4; 
  12          
  13          /*******************************************************************************
  14          * 函 数 名         : run
  15          * 函数功能                 : 根据真值表点亮第一个LED
  16          *******************************************************************************/ 
  17          void run()
  18          {
  19   1         
  20   1               P4SW=0xbb;     //定义P4 IO口
  21   1           LED1=0;
  22   1               LED2=0;  
  23   1               LED3=0;
  24   1      
  25   1      }


MODULE INFORMATION:   STATIC OVERLAYABLE
   CODE SIZE        =     10    ----
   CONSTANT SIZE    =   ----    ----
   XDATA SIZE       =   ----    ----
   PDATA SIZE       =   ----    ----
   DATA SIZE        =   ----    ----
   IDATA SIZE       =   ----    ----
   BIT SIZE         =   ----    ----
END OF MODULE INFORMATION.


C51 COMPILATION COMPLETE.  0 WARNING(S),  0 ERROR(S)
