C51 COMPILER V9.00   MAIN                                                                  07/26/2019 16:59:12 PAGE 1   


C51 COMPILER V9.00, COMPILATION OF MODULE MAIN
OBJECT MODULE PLACED IN .\Objects\main.obj
COMPILER INVOKED BY: F:\workApp\Keil_v5\C51\BIN\C51.EXE main.c BROWSE DEBUG OBJECTEXTEND PRINT(.\Listings\main.lst) OBJE
                    -CT(.\Objects\main.obj)

line level    source

   1          /*********************************************************************************************************
   2          *名称：点亮第一个LED
   3          创建时间：2019/7/4
   4          修改时间：2019/7/4
   5          作者：黄剑桥
   6          *********************************************************************************************************/
   7          
   8          #include "includes.h"
*** WARNING C318 IN LINE 12 OF includes.h: can't open file 'DianLiangLED/DianLiangLED.h'
   9          void main()
  10          {
  11   1      while(1)
  12   1      {
  13   2        Dian_Liang_LED();
*** WARNING C206 IN LINE 13 OF MAIN.C: 'Dian_Liang_LED': missing function-prototype
  14   2      }       
  15   1      }


MODULE INFORMATION:   STATIC OVERLAYABLE
   CODE SIZE        =      5    ----
   CONSTANT SIZE    =   ----    ----
   XDATA SIZE       =   ----    ----
   PDATA SIZE       =   ----    ----
   DATA SIZE        =   ----    ----
   IDATA SIZE       =   ----    ----
   BIT SIZE         =   ----    ----
END OF MODULE INFORMATION.


C51 COMPILATION COMPLETE.  2 WARNING(S),  0 ERROR(S)
