C51 COMPILER V9.00   CODE_TAB                                                              07/11/2019 21:13:47 PAGE 1   


C51 COMPILER V9.00, COMPILATION OF MODULE CODE_TAB
OBJECT MODULE PLACED IN code_tab.obj
COMPILER INVOKED BY: D:\单片机\C51\BIN\C51.EXE code_tab\code_tab.c BROWSE DEBUG OBJECTEXTEND PRINT(.\code_tab.lst) OBJEC
                    -T(code_tab.obj)

line level    source

   1          /*********************************************************************************************************
   2          *名称：code_tab.c
   3          *功能：显示的16进制数组存放
   4          创建时间：2019/7/5
   5          修改时间：2019/XX/XX
   6          作者：XXX
   7          **********************************************************************************************************
             -/
   8          
   9          #include "code_tab.h"
  10          
  11          U8 code F16x16[] =               
  12          {         
  13             0x00,0x00,0x00,0x00,0x00,0x00,0x00,0x00,0x00,0x00,0x00,0x00,0x00,0x00,0x00,0x00,/*" ",0*/
  14             0x00,0x00,0x00,0x00,0x00,0x00,0x00,0x00,0x00,0x00,0x00,0x00,0x00,0x00,0x00,0x00,/*" ",0*/
  15          
  16             0x04,0x44,0x44,0x44,0x5F,0x44,0xC4,0x44,0x44,0x44,0x5F,0x44,0xC4,0x04,0x04,0x00,
  17             0x00,0x00,0x00,0x00,0x00,0x00,0xFF,0x00,0x00,0x08,0x10,0x08,0x07,0x00,0x00,0x00,/*"节",1*/
  18          
  19             0x08,0xCC,0x4A,0x49,0x48,0x4A,0xCC,0x18,0x00,0x7F,0x88,0x88,0x84,0x82,0xE0,0x00,
  20             0x00,0xFF,0x12,0x12,0x52,0x92,0x7F,0x00,0x00,0x7E,0x88,0x88,0x84,0x82,0xE0,0x00,/*"能",2*/
  21          
  22             0x04,0x84,0xE4,0x5C,0x44,0xC4,0x80,0x82,0xFE,0x82,0x82,0x82,0xFE,0x82,0x80,0x00,
  23             0x02,0x01,0x7F,0x10,0x10,0x3F,0x80,0x60,0x1F,0x00,0x00,0x00,0xFF,0x00,0x00,0x00,/*"研",3*/
  24          
  25             0x10,0x0C,0x44,0x24,0x14,0x04,0xE5,0x06,0x04,0x04,0x14,0x24,0x44,0x14,0x0C,0x00,
  26             0x00,0x80,0x41,0x21,0x11,0x0D,0x03,0x01,0x01,0x01,0x3F,0x40,0x40,0x40,0x70,0x00,/*"究",4*/
  27          
  28             0x00,0x00,0xFC,0x24,0x24,0x22,0xE3,0x02,0xFC,0x44,0x44,0x42,0xC3,0x42,0x40,0x00, 
  29             0x40,0x30,0x0F,0x02,0x02,0x82,0x43,0x30,0x0F,0x00,0x00,0x00,0xFF,0x00,0x00,0x00,/*"所   ",5*/
  30          
  31             0x00,0x00,0x00,0x00,0x00,0x00,0x00,0x00,0x00,0x00,0x00,0x00,0x00,0x00,0x00,0x00,/*" ",6*/
  32             0x00,0x00,0x00,0x00,0x00,0x00,0x00,0x00,0x00,0x00,0x00,0x00,0x00,0x00,0x00,0x00,/*" ",6*/
  33             0x00,0x00,0x00,0x00,0x00,0x00,0x00,0x00,0x00,0x00,0x00,0x00,0x00,0x00,0x00,0x00,/*" ",7*/
  34             0x00,0x00,0x00,0x00,0x00,0x00,0x00,0x00,0x00,0x00,0x00,0x00,0x00,0x00,0x00,0x00,/*" ",7*/
  35            
  36                  0x00,0x00,0x80,0x00,0x00,0xE0,0x02,0x04,0x18,0x00,0x00,0x00,0x40,0x80,0x00,0x00,
  37              0x10,0x0C,0x03,0x00,0x00,0x3F,0x40,0x40,0x40,0x40,0x40,0x78,0x00,0x01,0x0E,0x00,/*"心",8*/
  38          
  39              0x08,0x08,0x88,0xC8,0x38,0x0C,0x0B,0x08,0x08,0xE8,0x08,0x08,0x08,0x08,0x08,0x00,
  40              0x02,0x01,0x00,0xFF,0x40,0x41,0x41,0x41,0x41,0x7F,0x41,0x41,0x41,0x41,0x40,0x00,/*"在",9*/
  41          
  42              0x40,0x40,0x42,0xCC,0x00,0x08,0x28,0x48,0x89,0x0E,0xC8,0x38,0x08,0x08,0x00,0x00,
  43              0x00,0x40,0x20,0x1F,0x20,0x50,0x48,0x44,0x42,0x41,0x42,0x44,0x58,0x40,0x40,0x00,/*"这",10*/
  44          
  45              0x00,0x00,0xFE,0x92,0x92,0x92,0x92,0xFE,0x92,0x92,0x92,0x92,0xFE,0x00,0x00,0x00,
  46              0x40,0x40,0x44,0x44,0x44,0x44,0x44,0x7F,0x44,0x44,0x44,0x44,0x44,0x40,0x40,0x00,/*"里",11*/
  47          
  48              0x40,0x40,0x42,0xCC,0x00,0x80,0x88,0x88,0xFF,0x88,0x88,0xFF,0x88,0x88,0x80,0x00,
  49              0x00,0x40,0x20,0x1F,0x20,0x40,0x50,0x4C,0x43,0x40,0x40,0x5F,0x40,0x40,0x40,0x00,/*"进",12*/
  50          
  51              0x40,0x40,0x42,0xCC,0x00,0x00,0xFF,0x49,0x49,0xC9,0x49,0x49,0x7F,0x80,0x00,0x00,
  52              0x00,0x40,0x20,0x1F,0x20,0x40,0x5F,0x48,0x44,0x40,0x41,0x42,0x45,0x58,0x40,0x00,/*"退",13*/
  53          
C51 COMPILER V9.00   CODE_TAB                                                              07/11/2019 21:13:47 PAGE 2   

  54              0x00,0x00,0xF0,0x10,0x10,0x10,0x10,0xFF,0x10,0x10,0x10,0x10,0xF0,0x00,0x00,0x00,
  55              0x00,0x00,0xFF,0x42,0x42,0x42,0x42,0x7F,0x42,0x42,0x42,0x42,0xFF,0x00,0x00,0x00,/*"由",14*/
  56          
  57              0x00,0x80,0x60,0xF8,0x07,0x40,0x20,0x18,0x0F,0x08,0xC8,0x08,0x08,0x28,0x18,0x00,
  58              0x01,0x00,0x00,0xFF,0x00,0x10,0x0C,0x03,0x40,0x80,0x7F,0x00,0x01,0x06,0x18,0x00,/*"你",15*/
  59          
  60          
  61              0x00,0x00,0x00,0x00,0x00,0x00,0x00,0x00,0x00,0x00,0x00,0x00,0x00,0x00,0x00,0x00,/*" ",16*/
  62              0x00,0x00,0x00,0x00,0x00,0x00,0x00,0x00,0x00,0x00,0x00,0x00,0x00,0x00,0x00,0x00,/*" ",16*/
  63          
  64              0x00,0x00,0x00,0x00,0x00,0x00,0x00,0x00,0x00,0x00,0x00,0x00,0x00,0x00,0x00,0x00,/*" ",17*/
  65              0x00,0x00,0x00,0x00,0x00,0x00,0x00,0x00,0x00,0x00,0x00,0x00,0x00,0x00,0x00,0x00,/*" ",17*/
  66          
  67                  0x00,0x00,0x00,0x00,0x00,0x00,0x00,0x00,0x00,0x00,0x00,0x00,0x00,0x00,0x00,0x00,/*" ",18*/
  68              0x00,0x00,0x00,0x00,0x00,0x00,0x00,0x00,0x00,0x00,0x00,0x00,0x00,0x00,0x00,0x00,/*" ",18*/
  69          
  70              0x00,0x00,0x00,0x00,0x00,0x00,0x00,0x00,0x00,0x00,0x00,0x00,0x00,0x00,0x00,0x00,/*" ",19*/
  71              0x00,0x00,0x00,0x00,0x00,0x00,0x00,0x00,0x00,0x00,0x00,0x00,0x00,0x00,0x00,0x00,/*" ",19*/
  72          
  73              0x00,0x00,0x00,0x00,0x00,0x00,0x00,0x00,0x00,0x00,0x00,0x00,0x00,0x00,0x00,0x00,/*" ",20*/
  74              0x00,0x00,0x00,0x00,0x00,0x00,0x00,0x00,0x00,0x00,0x00,0x00,0x00,0x00,0x00,0x00,/*" ",20*/
  75          
  76              0x00,0x00,0x00,0x00,0x00,0x00,0x00,0x00,0x00,0x00,0x00,0x00,0x00,0x00,0x00,0x00,/*" ",21*/
  77              0x00,0x00,0x00,0x00,0x00,0x00,0x00,0x00,0x00,0x00,0x00,0x00,0x00,0x00,0x00,0x00,/*" ",21*/
  78          
  79              0x00,0x00,0x00,0x00,0x00,0x00,0x00,0x00,0x00,0x00,0x00,0x00,0x00,0x00,0x00,0x00,/*" ",22*/
  80              0x00,0x00,0x00,0x00,0x00,0x00,0x00,0x00,0x00,0x00,0x00,0x00,0x00,0x00,0x00,0x00,/*" ",22*/
  81          
  82              0x00,0x00,0x00,0x00,0x00,0x00,0x00,0x00,0x00,0x00,0x00,0x00,0x00,0x00,0x00,0x00,/*" ",23*/
  83              0x00,0x00,0x00,0x00,0x00,0x00,0x00,0x00,0x00,0x00,0x00,0x00,0x00,0x00,0x00,0x00,/*" ",23*/
  84          
  85             
  86             0x00,0x80,0x60,0xF8,0x07,0x40,0x20,0x18,0x0F,0x08,0xC8,0x08,0x08,0x28,0x18,0x00,
  87             0x01,0x00,0x00,0xFF,0x00,0x10,0x0C,0x03,0x40,0x80,0x7F,0x00,0x01,0x06,0x18,0x00,/*"你",24*/
  88          
  89             0x44,0x44,0x44,0x44,0x5F,0xC4,0x74,0x44,0x44,0x44,0x5F,0x44,0x44,0x44,0x44,0x00,
  90             0x10,0x08,0x04,0x02,0xFF,0x42,0x42,0x42,0x42,0x42,0x42,0xFE,0x00,0x00,0x00,0x00,/*"若",25*/
  91          
  92             0x00,0x00,0xFC,0x24,0x24,0x24,0xE4,0x04,0x1F,0x64,0x84,0x45,0x36,0x84,0x00,0x00,
  93             0x44,0x43,0x78,0x48,0x49,0x7A,0x49,0x4C,0x4A,0x79,0x48,0x49,0x7A,0x47,0x40,0x00,/*"盛",26*/
  94          
  95             0x80,0x82,0x82,0x82,0xFE,0x82,0x82,0x82,0x82,0x82,0xFE,0x82,0x82,0x82,0x80,0x00,
  96             0x00,0x80,0x40,0x30,0x0F,0x00,0x00,0x00,0x00,0x00,0xFF,0x00,0x00,0x00,0x00,0x00,/*"开",27*/
  97          
  98             0x10,0x60,0x02,0x8C,0x00,0x44,0x54,0x54,0x54,0x7F,0x54,0x54,0x54,0x44,0x40,0x00,
  99             0x04,0x04,0x7E,0x01,0x00,0x00,0xFF,0x15,0x15,0x15,0x55,0x95,0x7F,0x00,0x00,0x00,/*"清",28*/
 100          
 101             0x00,0x00,0xFE,0x02,0x12,0x22,0xC2,0x02,0xC2,0x32,0x02,0xFE,0x00,0x00,0x00,0x00,
 102             0x80,0x60,0x1F,0x00,0x20,0x10,0x0C,0x03,0x0C,0x30,0x00,0x0F,0x30,0x40,0xF8,0x00,/*"风",29*/
 103          
 104             0x00,0x00,0x00,0xF8,0x88,0x8C,0x8A,0x89,0x88,0x88,0x88,0xF8,0x00,0x00,0x00,0x00,
 105             0x00,0x00,0x00,0xFF,0x44,0x44,0x44,0x44,0x44,0x44,0x44,0xFF,0x00,0x00,0x00,0x00,/*"自",30*/
 106          
 107             0x00,0x08,0x08,0x28,0xC8,0x08,0x08,0xFF,0x08,0x08,0x88,0x68,0x08,0x08,0x00,0x00,
 108             0x21,0x21,0x11,0x11,0x09,0x05,0x03,0xFF,0x03,0x05,0x09,0x11,0x11,0x21,0x21,0x00,/*"来",31*/
 109          };
 110          
 111          /************************************6*8的点阵************************************/
 112          U8 code F6x8[][6] =
 113          {
 114             0x00, 0x00, 0x00, 0x00, 0x00, 0x00,// sp
 115             0x00, 0x00, 0x00, 0x2f, 0x00, 0x00,// !
C51 COMPILER V9.00   CODE_TAB                                                              07/11/2019 21:13:47 PAGE 3   

 116             0x00, 0x00, 0x07, 0x00, 0x07, 0x00,// "
 117             0x00, 0x14, 0x7f, 0x14, 0x7f, 0x14,// #
 118             0x00, 0x24, 0x2a, 0x7f, 0x2a, 0x12,// $
 119             0x00, 0x62, 0x64, 0x08, 0x13, 0x23,// %
 120             0x00, 0x36, 0x49, 0x55, 0x22, 0x50,// &
 121             0x00, 0x00, 0x05, 0x03, 0x00, 0x00,// '
 122             0x00, 0x00, 0x1c, 0x22, 0x41, 0x00,// (
 123             0x00, 0x00, 0x41, 0x22, 0x1c, 0x00,// )
 124             0x00, 0x14, 0x08, 0x3E, 0x08, 0x14,// *
 125             0x00, 0x08, 0x08, 0x3E, 0x08, 0x08,// +
 126             0x00, 0x00, 0x00, 0xA0, 0x60, 0x00,// ,
 127             0x00, 0x08, 0x08, 0x08, 0x08, 0x08,// -
 128             0x00, 0x00, 0x60, 0x60, 0x00, 0x00,// .
 129             0x00, 0x20, 0x10, 0x08, 0x04, 0x02,// /
 130             0x00, 0x3E, 0x51, 0x49, 0x45, 0x3E,// 0
 131             0x00, 0x00, 0x42, 0x7F, 0x40, 0x00,// 1
 132             0x00, 0x42, 0x61, 0x51, 0x49, 0x46,// 2
 133             0x00, 0x21, 0x41, 0x45, 0x4B, 0x31,// 3
 134             0x00, 0x18, 0x14, 0x12, 0x7F, 0x10,// 4
 135             0x00, 0x27, 0x45, 0x45, 0x45, 0x39,// 5
 136             0x00, 0x3C, 0x4A, 0x49, 0x49, 0x30,// 6
 137             0x00, 0x01, 0x71, 0x09, 0x05, 0x03,// 7
 138             0x00, 0x36, 0x49, 0x49, 0x49, 0x36,// 8
 139             0x00, 0x06, 0x49, 0x49, 0x29, 0x1E,// 9
 140             0x00, 0x00, 0x36, 0x36, 0x00, 0x00,// :
 141             0x00, 0x00, 0x56, 0x36, 0x00, 0x00,// ;
 142             0x00, 0x08, 0x14, 0x22, 0x41, 0x00,// <
 143             0x00, 0x14, 0x14, 0x14, 0x14, 0x14,// =
 144             0x00, 0x00, 0x41, 0x22, 0x14, 0x08,// >
 145             0x00, 0x02, 0x01, 0x51, 0x09, 0x06,// ?
 146             0x00, 0x32, 0x49, 0x59, 0x51, 0x3E,// @
 147             0x00, 0x7C, 0x12, 0x11, 0x12, 0x7C,// A
 148             0x00, 0x7F, 0x49, 0x49, 0x49, 0x36,// B
 149             0x00, 0x3E, 0x41, 0x41, 0x41, 0x22,// C
 150             0x00, 0x7F, 0x41, 0x41, 0x22, 0x1C,// D
 151             0x00, 0x7F, 0x49, 0x49, 0x49, 0x41,// E
 152             0x00, 0x7F, 0x09, 0x09, 0x09, 0x01,// F
 153             0x00, 0x3E, 0x41, 0x49, 0x49, 0x7A,// G
 154             0x00, 0x7F, 0x08, 0x08, 0x08, 0x7F,// H
 155             0x00, 0x00, 0x41, 0x7F, 0x41, 0x00,// I
 156             0x00, 0x20, 0x40, 0x41, 0x3F, 0x01,// J
 157             0x00, 0x7F, 0x08, 0x14, 0x22, 0x41,// K
 158             0x00, 0x7F, 0x40, 0x40, 0x40, 0x40,// L
 159             0x00, 0x7F, 0x02, 0x0C, 0x02, 0x7F,// M
 160             0x00, 0x7F, 0x04, 0x08, 0x10, 0x7F,// N
 161             0x00, 0x3E, 0x41, 0x41, 0x41, 0x3E,// O
 162             0x00, 0x7F, 0x09, 0x09, 0x09, 0x06,// P
 163             0x00, 0x3E, 0x41, 0x51, 0x21, 0x5E,// Q
 164             0x00, 0x7F, 0x09, 0x19, 0x29, 0x46,// R
 165             0x00, 0x46, 0x49, 0x49, 0x49, 0x31,// S
 166             0x00, 0x01, 0x01, 0x7F, 0x01, 0x01,// T
 167             0x00, 0x3F, 0x40, 0x40, 0x40, 0x3F,// U
 168             0x00, 0x1F, 0x20, 0x40, 0x20, 0x1F,// V
 169             0x00, 0x3F, 0x40, 0x38, 0x40, 0x3F,// W
 170             0x00, 0x63, 0x14, 0x08, 0x14, 0x63,// X
 171             0x00, 0x07, 0x08, 0x70, 0x08, 0x07,// Y
 172             0x00, 0x61, 0x51, 0x49, 0x45, 0x43,// Z
 173             0x00, 0x00, 0x7F, 0x41, 0x41, 0x00,// [
 174             0x00, 0x55, 0x2A, 0x55, 0x2A, 0x55,// 55
 175             0x00, 0x00, 0x41, 0x41, 0x7F, 0x00,// ]
 176             0x00, 0x04, 0x02, 0x01, 0x02, 0x04,// ^
 177             0x00, 0x40, 0x40, 0x40, 0x40, 0x40,// _
C51 COMPILER V9.00   CODE_TAB                                                              07/11/2019 21:13:47 PAGE 4   

 178             0x00, 0x00, 0x01, 0x02, 0x04, 0x00,// '
 179             0x00, 0x20, 0x54, 0x54, 0x54, 0x78,// a
 180             0x00, 0x7F, 0x48, 0x44, 0x44, 0x38,// b
 181             0x00, 0x38, 0x44, 0x44, 0x44, 0x20,// c
 182             0x00, 0x38, 0x44, 0x44, 0x48, 0x7F,// d
 183             0x00, 0x38, 0x54, 0x54, 0x54, 0x18,// e
 184             0x00, 0x08, 0x7E, 0x09, 0x01, 0x02,// f
 185             0x00, 0x18, 0xA4, 0xA4, 0xA4, 0x7C,// g
 186             0x00, 0x7F, 0x08, 0x04, 0x04, 0x78,// h
 187             0x00, 0x00, 0x44, 0x7D, 0x40, 0x00,// i
 188             0x00, 0x40, 0x80, 0x84, 0x7D, 0x00,// j
 189             0x00, 0x7F, 0x10, 0x28, 0x44, 0x00,// k
 190             0x00, 0x00, 0x41, 0x7F, 0x40, 0x00,// l
 191             0x00, 0x7C, 0x04, 0x18, 0x04, 0x78,// m
 192             0x00, 0x7C, 0x08, 0x04, 0x04, 0x78,// n
 193             0x00, 0x38, 0x44, 0x44, 0x44, 0x38,// o
 194             0x00, 0xFC, 0x24, 0x24, 0x24, 0x18,// p
 195             0x00, 0x18, 0x24, 0x24, 0x18, 0xFC,// q
 196             0x00, 0x7C, 0x08, 0x04, 0x04, 0x08,// r
 197             0x00, 0x48, 0x54, 0x54, 0x54, 0x20,// s
 198             0x00, 0x04, 0x3F, 0x44, 0x40, 0x20,// t
 199             0x00, 0x3C, 0x40, 0x40, 0x20, 0x7C,// u
 200             0x00, 0x1C, 0x20, 0x40, 0x20, 0x1C,// v
 201             0x00, 0x3C, 0x40, 0x30, 0x40, 0x3C,// w
 202             0x00, 0x44, 0x28, 0x10, 0x28, 0x44,// x
 203             0x00, 0x1C, 0xA0, 0xA0, 0xA0, 0x7C,// y
 204             0x00, 0x44, 0x64, 0x54, 0x4C, 0x44,// z
 205             0x14, 0x14, 0x14, 0x14, 0x14, 0x14,// horiz lines
 206          };
 207          
 208          /****************************************8*16的点阵************************************/
 209          U8 code F8X16[]=          
 210          {
 211             0x00,0x00,0x00,0x00,0x00,0x00,0x00,0x00,0x00,0x00,0x00,0x00,0x00,0x00,0x00,0x00,// 0
 212             0x00,0x00,0x00,0xF8,0x00,0x00,0x00,0x00,0x00,0x00,0x00,0x33,0x30,0x00,0x00,0x00,//! 1
 213             0x00,0x10,0x0C,0x06,0x10,0x0C,0x06,0x00,0x00,0x00,0x00,0x00,0x00,0x00,0x00,0x00,//" 2
 214             0x40,0xC0,0x78,0x40,0xC0,0x78,0x40,0x00,0x04,0x3F,0x04,0x04,0x3F,0x04,0x04,0x00,//# 3
 215             0x00,0x70,0x88,0xFC,0x08,0x30,0x00,0x00,0x00,0x18,0x20,0xFF,0x21,0x1E,0x00,0x00,//$ 4
 216             0xF0,0x08,0xF0,0x00,0xE0,0x18,0x00,0x00,0x00,0x21,0x1C,0x03,0x1E,0x21,0x1E,0x00,//% 5
 217             0x00,0xF0,0x08,0x88,0x70,0x00,0x00,0x00,0x1E,0x21,0x23,0x24,0x19,0x27,0x21,0x10,//& 6
 218             0x10,0x16,0x0E,0x00,0x00,0x00,0x00,0x00,0x00,0x00,0x00,0x00,0x00,0x00,0x00,0x00,//' 7
 219             0x00,0x00,0x00,0xE0,0x18,0x04,0x02,0x00,0x00,0x00,0x00,0x07,0x18,0x20,0x40,0x00,//( 8
 220             0x00,0x02,0x04,0x18,0xE0,0x00,0x00,0x00,0x00,0x40,0x20,0x18,0x07,0x00,0x00,0x00,//) 9
 221             0x40,0x40,0x80,0xF0,0x80,0x40,0x40,0x00,0x02,0x02,0x01,0x0F,0x01,0x02,0x02,0x00,//* 10
 222             0x00,0x00,0x00,0xF0,0x00,0x00,0x00,0x00,0x01,0x01,0x01,0x1F,0x01,0x01,0x01,0x00,//+ 11
 223             0x00,0x00,0x00,0x00,0x00,0x00,0x00,0x00,0x80,0xB0,0x70,0x00,0x00,0x00,0x00,0x00,//, 12
 224             0x00,0x00,0x00,0x00,0x00,0x00,0x00,0x00,0x00,0x01,0x01,0x01,0x01,0x01,0x01,0x01,//- 13
 225             0x00,0x00,0x00,0x00,0x00,0x00,0x00,0x00,0x00,0x30,0x30,0x00,0x00,0x00,0x00,0x00,//. 14
 226             0x00,0x00,0x00,0x00,0x80,0x60,0x18,0x04,0x00,0x60,0x18,0x06,0x01,0x00,0x00,0x00,/// 15
 227             0x00,0xE0,0x10,0x08,0x08,0x10,0xE0,0x00,0x00,0x0F,0x10,0x20,0x20,0x10,0x0F,0x00,//0 16
 228             0x00,0x10,0x10,0xF8,0x00,0x00,0x00,0x00,0x00,0x20,0x20,0x3F,0x20,0x20,0x00,0x00,//1 17
 229             0x00,0x70,0x08,0x08,0x08,0x88,0x70,0x00,0x00,0x30,0x28,0x24,0x22,0x21,0x30,0x00,//2 18
 230             0x00,0x30,0x08,0x88,0x88,0x48,0x30,0x00,0x00,0x18,0x20,0x20,0x20,0x11,0x0E,0x00,//3 19
 231             0x00,0x00,0xC0,0x20,0x10,0xF8,0x00,0x00,0x00,0x07,0x04,0x24,0x24,0x3F,0x24,0x00,//4 20
 232             0x00,0xF8,0x08,0x88,0x88,0x08,0x08,0x00,0x00,0x19,0x21,0x20,0x20,0x11,0x0E,0x00,//5 21
 233             0x00,0xE0,0x10,0x88,0x88,0x18,0x00,0x00,0x00,0x0F,0x11,0x20,0x20,0x11,0x0E,0x00,//6 22
 234             0x00,0x38,0x08,0x08,0xC8,0x38,0x08,0x00,0x00,0x00,0x00,0x3F,0x00,0x00,0x00,0x00,//7 23
 235             0x00,0x70,0x88,0x08,0x08,0x88,0x70,0x00,0x00,0x1C,0x22,0x21,0x21,0x22,0x1C,0x00,//8 24
 236             0x00,0xE0,0x10,0x08,0x08,0x10,0xE0,0x00,0x00,0x00,0x31,0x22,0x22,0x11,0x0F,0x00,//9 25
 237             0x00,0x00,0x00,0xC0,0xC0,0x00,0x00,0x00,0x00,0x00,0x00,0x30,0x30,0x00,0x00,0x00,//: 26
 238             0x00,0x00,0x00,0x80,0x00,0x00,0x00,0x00,0x00,0x00,0x80,0x60,0x00,0x00,0x00,0x00,//; 27
 239             0x00,0x00,0x80,0x40,0x20,0x10,0x08,0x00,0x00,0x01,0x02,0x04,0x08,0x10,0x20,0x00,//< 28
C51 COMPILER V9.00   CODE_TAB                                                              07/11/2019 21:13:47 PAGE 5   

 240             0x40,0x40,0x40,0x40,0x40,0x40,0x40,0x00,0x04,0x04,0x04,0x04,0x04,0x04,0x04,0x00,//= 29
 241             0x00,0x08,0x10,0x20,0x40,0x80,0x00,0x00,0x00,0x20,0x10,0x08,0x04,0x02,0x01,0x00,//> 30
 242             0x00,0x70,0x48,0x08,0x08,0x08,0xF0,0x00,0x00,0x00,0x00,0x30,0x36,0x01,0x00,0x00,//? 31
 243             0xC0,0x30,0xC8,0x28,0xE8,0x10,0xE0,0x00,0x07,0x18,0x27,0x24,0x23,0x14,0x0B,0x00,//@ 32
 244             0x00,0x00,0xC0,0x38,0xE0,0x00,0x00,0x00,0x20,0x3C,0x23,0x02,0x02,0x27,0x38,0x20,//A 33
 245             0x08,0xF8,0x88,0x88,0x88,0x70,0x00,0x00,0x20,0x3F,0x20,0x20,0x20,0x11,0x0E,0x00,//B 34
 246             0xC0,0x30,0x08,0x08,0x08,0x08,0x38,0x00,0x07,0x18,0x20,0x20,0x20,0x10,0x08,0x00,//C 35
 247             0x08,0xF8,0x08,0x08,0x08,0x10,0xE0,0x00,0x20,0x3F,0x20,0x20,0x20,0x10,0x0F,0x00,//D 36
 248             0x08,0xF8,0x88,0x88,0xE8,0x08,0x10,0x00,0x20,0x3F,0x20,0x20,0x23,0x20,0x18,0x00,//E 37
 249             0x08,0xF8,0x88,0x88,0xE8,0x08,0x10,0x00,0x20,0x3F,0x20,0x00,0x03,0x00,0x00,0x00,//F 38
 250             0xC0,0x30,0x08,0x08,0x08,0x38,0x00,0x00,0x07,0x18,0x20,0x20,0x22,0x1E,0x02,0x00,//G 39
 251             0x08,0xF8,0x08,0x00,0x00,0x08,0xF8,0x08,0x20,0x3F,0x21,0x01,0x01,0x21,0x3F,0x20,//H 40
 252             0x00,0x08,0x08,0xF8,0x08,0x08,0x00,0x00,0x00,0x20,0x20,0x3F,0x20,0x20,0x00,0x00,//I 41
 253             0x00,0x00,0x08,0x08,0xF8,0x08,0x08,0x00,0xC0,0x80,0x80,0x80,0x7F,0x00,0x00,0x00,//J 42
 254             0x08,0xF8,0x88,0xC0,0x28,0x18,0x08,0x00,0x20,0x3F,0x20,0x01,0x26,0x38,0x20,0x00,//K 43
 255             0x08,0xF8,0x08,0x00,0x00,0x00,0x00,0x00,0x20,0x3F,0x20,0x20,0x20,0x20,0x30,0x00,//L 44
 256             0x08,0xF8,0xF8,0x00,0xF8,0xF8,0x08,0x00,0x20,0x3F,0x00,0x3F,0x00,0x3F,0x20,0x00,//M 45
 257             0x08,0xF8,0x30,0xC0,0x00,0x08,0xF8,0x08,0x20,0x3F,0x20,0x00,0x07,0x18,0x3F,0x00,//N 46
 258             0xE0,0x10,0x08,0x08,0x08,0x10,0xE0,0x00,0x0F,0x10,0x20,0x20,0x20,0x10,0x0F,0x00,//O 47
 259             0x08,0xF8,0x08,0x08,0x08,0x08,0xF0,0x00,0x20,0x3F,0x21,0x01,0x01,0x01,0x00,0x00,//P 48
 260             0xE0,0x10,0x08,0x08,0x08,0x10,0xE0,0x00,0x0F,0x18,0x24,0x24,0x38,0x50,0x4F,0x00,//Q 49
 261             0x08,0xF8,0x88,0x88,0x88,0x88,0x70,0x00,0x20,0x3F,0x20,0x00,0x03,0x0C,0x30,0x20,//R 50
 262             0x00,0x70,0x88,0x08,0x08,0x08,0x38,0x00,0x00,0x38,0x20,0x21,0x21,0x22,0x1C,0x00,//S 51
 263             0x18,0x08,0x08,0xF8,0x08,0x08,0x18,0x00,0x00,0x00,0x20,0x3F,0x20,0x00,0x00,0x00,//T 52
 264             0x08,0xF8,0x08,0x00,0x00,0x08,0xF8,0x08,0x00,0x1F,0x20,0x20,0x20,0x20,0x1F,0x00,//U 53
 265             0x08,0x78,0x88,0x00,0x00,0xC8,0x38,0x08,0x00,0x00,0x07,0x38,0x0E,0x01,0x00,0x00,//V 54
 266             0xF8,0x08,0x00,0xF8,0x00,0x08,0xF8,0x00,0x03,0x3C,0x07,0x00,0x07,0x3C,0x03,0x00,//W 55
 267             0x08,0x18,0x68,0x80,0x80,0x68,0x18,0x08,0x20,0x30,0x2C,0x03,0x03,0x2C,0x30,0x20,//X 56
 268             0x08,0x38,0xC8,0x00,0xC8,0x38,0x08,0x00,0x00,0x00,0x20,0x3F,0x20,0x00,0x00,0x00,//Y 57
 269             0x10,0x08,0x08,0x08,0xC8,0x38,0x08,0x00,0x20,0x38,0x26,0x21,0x20,0x20,0x18,0x00,//Z 58
 270             0x00,0x00,0x00,0xFE,0x02,0x02,0x02,0x00,0x00,0x00,0x00,0x7F,0x40,0x40,0x40,0x00,//[ 59
 271             0x00,0x0C,0x30,0xC0,0x00,0x00,0x00,0x00,0x00,0x00,0x00,0x01,0x06,0x38,0xC0,0x00,//\ 60
 272             0x00,0x02,0x02,0x02,0xFE,0x00,0x00,0x00,0x00,0x40,0x40,0x40,0x7F,0x00,0x00,0x00,//] 61
 273             0x00,0x00,0x04,0x02,0x02,0x02,0x04,0x00,0x00,0x00,0x00,0x00,0x00,0x00,0x00,0x00,//^ 62
 274             0x00,0x00,0x00,0x00,0x00,0x00,0x00,0x00,0x80,0x80,0x80,0x80,0x80,0x80,0x80,0x80,//_ 63
 275             0x00,0x02,0x02,0x04,0x00,0x00,0x00,0x00,0x00,0x00,0x00,0x00,0x00,0x00,0x00,0x00,//` 64
 276             0x00,0x00,0x80,0x80,0x80,0x80,0x00,0x00,0x00,0x19,0x24,0x22,0x22,0x22,0x3F,0x20,//a 65
 277             0x08,0xF8,0x00,0x80,0x80,0x00,0x00,0x00,0x00,0x3F,0x11,0x20,0x20,0x11,0x0E,0x00,//b 66
 278             0x00,0x00,0x00,0x80,0x80,0x80,0x00,0x00,0x00,0x0E,0x11,0x20,0x20,0x20,0x11,0x00,//c 67
 279             0x00,0x00,0x00,0x80,0x80,0x88,0xF8,0x00,0x00,0x0E,0x11,0x20,0x20,0x10,0x3F,0x20,//d 68
 280             0x00,0x00,0x80,0x80,0x80,0x80,0x00,0x00,0x00,0x1F,0x22,0x22,0x22,0x22,0x13,0x00,//e 69
 281             0x00,0x80,0x80,0xF0,0x88,0x88,0x88,0x18,0x00,0x20,0x20,0x3F,0x20,0x20,0x00,0x00,//f 70
 282             0x00,0x00,0x80,0x80,0x80,0x80,0x80,0x00,0x00,0x6B,0x94,0x94,0x94,0x93,0x60,0x00,//g 71
 283             0x08,0xF8,0x00,0x80,0x80,0x80,0x00,0x00,0x20,0x3F,0x21,0x00,0x00,0x20,0x3F,0x20,//h 72
 284             0x00,0x80,0x98,0x98,0x00,0x00,0x00,0x00,0x00,0x20,0x20,0x3F,0x20,0x20,0x00,0x00,//i 73
 285             0x00,0x00,0x00,0x80,0x98,0x98,0x00,0x00,0x00,0xC0,0x80,0x80,0x80,0x7F,0x00,0x00,//j 74
 286             0x08,0xF8,0x00,0x00,0x80,0x80,0x80,0x00,0x20,0x3F,0x24,0x02,0x2D,0x30,0x20,0x00,//k 75
 287             0x00,0x08,0x08,0xF8,0x00,0x00,0x00,0x00,0x00,0x20,0x20,0x3F,0x20,0x20,0x00,0x00,//l 76
 288             0x80,0x80,0x80,0x80,0x80,0x80,0x80,0x00,0x20,0x3F,0x20,0x00,0x3F,0x20,0x00,0x3F,//m 77
 289             0x80,0x80,0x00,0x80,0x80,0x80,0x00,0x00,0x20,0x3F,0x21,0x00,0x00,0x20,0x3F,0x20,//n 78
 290             0x00,0x00,0x80,0x80,0x80,0x80,0x00,0x00,0x00,0x1F,0x20,0x20,0x20,0x20,0x1F,0x00,//o 79
 291             0x80,0x80,0x00,0x80,0x80,0x00,0x00,0x00,0x80,0xFF,0xA1,0x20,0x20,0x11,0x0E,0x00,//p 80
 292             0x00,0x00,0x00,0x80,0x80,0x80,0x80,0x00,0x00,0x0E,0x11,0x20,0x20,0xA0,0xFF,0x80,//q 81
 293             0x80,0x80,0x80,0x00,0x80,0x80,0x80,0x00,0x20,0x20,0x3F,0x21,0x20,0x00,0x01,0x00,//r 82
 294             0x00,0x00,0x80,0x80,0x80,0x80,0x80,0x00,0x00,0x33,0x24,0x24,0x24,0x24,0x19,0x00,//s 83
 295             0x00,0x80,0x80,0xE0,0x80,0x80,0x00,0x00,0x00,0x00,0x00,0x1F,0x20,0x20,0x00,0x00,//t 84
 296             0x80,0x80,0x00,0x00,0x00,0x80,0x80,0x00,0x00,0x1F,0x20,0x20,0x20,0x10,0x3F,0x20,//u 85
 297             0x80,0x80,0x80,0x00,0x00,0x80,0x80,0x80,0x00,0x01,0x0E,0x30,0x08,0x06,0x01,0x00,//v 86
 298             0x80,0x80,0x00,0x80,0x00,0x80,0x80,0x80,0x0F,0x30,0x0C,0x03,0x0C,0x30,0x0F,0x00,//w 87
 299             0x00,0x80,0x80,0x00,0x80,0x80,0x80,0x00,0x00,0x20,0x31,0x2E,0x0E,0x31,0x20,0x00,//x 88
 300             0x80,0x80,0x80,0x00,0x00,0x80,0x80,0x80,0x80,0x81,0x8E,0x70,0x18,0x06,0x01,0x00,//y 89
 301             0x00,0x80,0x80,0x80,0x80,0x80,0x80,0x00,0x00,0x21,0x30,0x2C,0x22,0x21,0x30,0x00,//z 90
C51 COMPILER V9.00   CODE_TAB                                                              07/11/2019 21:13:47 PAGE 6   

 302             0x00,0x00,0x00,0x00,0x80,0x7C,0x02,0x02,0x00,0x00,0x00,0x00,0x00,0x3F,0x40,0x40,//{ 91
 303             0x00,0x00,0x00,0x00,0xFF,0x00,0x00,0x00,0x00,0x00,0x00,0x00,0xFF,0x00,0x00,0x00,//| 92
 304             0x00,0x02,0x02,0x7C,0x80,0x00,0x00,0x00,0x00,0x40,0x40,0x3F,0x00,0x00,0x00,0x00,//} 93
 305             0x00,0x06,0x01,0x01,0x02,0x02,0x04,0x04,0x00,0x00,0x00,0x00,0x00,0x00,0x00,0x00,//~ 94
 306          };
 307          
 308          U8 code BMP1[] =
 309          {
 310                  0x00,0x03,0x05,0x09,0x11,0xFF,0x11,0x89,0x05,0xC3,0x00,0xE0,0x00,0xF0,0x00,0xF8, //图片不能太大，颜色只能
             -是黑白两种颜色的像素，否则软件无法打开
 311                  0x00,0x00,0x00,0x00,0x00,0x00,0x00,0x44,0x28,0xFF,0x11,0xAA,0x44,0x00,0x00,0x00,
 312                  0x00,0x00,0x00,0x00,0x00,0x00,0x00,0x00,0x00,0x00,0x00,0x00,0x00,0x00,0x00,0x00,
 313                  0x00,0x00,0x00,0x00,0x00,0x00,0x00,0x00,0x00,0x00,0x00,0x00,0x00,0x00,0x00,0x00,
 314                  0x00,0x00,0x00,0x00,0x00,0x00,0x00,0x00,0x00,0x00,0x00,0x00,0x00,0x00,0x00,0x00,
 315                  0x00,0x00,0x00,0x00,0x00,0x00,0x00,0x00,0x00,0x00,0x83,0x01,0x38,0x44,0x82,0x92,
 316                  0x92,0x74,0x01,0x83,0x00,0x00,0x00,0x00,0x00,0x00,0x00,0x7C,0x44,0xC7,0x01,0x7D,
 317                  0x7D,0x7D,0x7D,0x01,0x7D,0x7D,0x7D,0x7D,0x01,0x7D,0x7D,0x7D,0x7D,0x01,0xFF,0x00,
 318                  0x00,0x00,0x00,0x00,0x00,0x01,0x00,0x01,0x00,0x01,0x00,0x01,0x00,0x01,0x00,0x01,
 319                  0x00,0x00,0x00,0x00,0x00,0x00,0x00,0x00,0x00,0x01,0x01,0x00,0x00,0x00,0x00,0x00,
 320                  0x00,0x00,0x00,0x00,0x00,0x00,0x00,0x00,0x00,0x00,0x00,0x00,0x00,0x00,0x00,0x00,
 321                  0x00,0x00,0x00,0x00,0x00,0x00,0x00,0x00,0x00,0x00,0x00,0x00,0x00,0x00,0x00,0x00,
 322                  0x00,0x00,0x00,0x00,0x00,0x00,0x00,0x00,0x00,0x00,0x00,0x00,0x00,0x00,0x00,0x00,
 323                  0x00,0x00,0x00,0x00,0x00,0x00,0x00,0x00,0x00,0x00,0x01,0x01,0x00,0x00,0x00,0x00,
 324                  0x00,0x00,0x01,0x01,0x00,0x00,0x00,0x00,0x00,0x00,0x00,0x00,0x00,0x01,0x01,0x01,
 325                  0x01,0x01,0x01,0x01,0x01,0x01,0x01,0x01,0x01,0x01,0x01,0x01,0x01,0x01,0x01,0x00,
 326                  0x00,0x00,0x00,0x00,0x00,0x00,0x00,0x00,0x00,0x40,0x40,0x40,0x40,0x40,0x00,0x00,
 327                  0x6D,0x6D,0x6D,0x6D,0x6D,0x00,0x00,0x60,0x60,0x60,0x60,0x60,0x00,0x00,0x40,0x40,
 328                  0x40,0x40,0x40,0x00,0x00,0x00,0x00,0x00,0x00,0x00,0x00,0x00,0x00,0x00,0x00,0x00,
 329                  0x00,0x00,0x00,0x00,0x00,0x00,0x00,0x00,0x00,0x00,0x00,0x00,0x00,0x00,0x00,0x00,
 330                  0x00,0x00,0x00,0x00,0x00,0x00,0x00,0x00,0x00,0x00,0x00,0x00,0x00,0x00,0x00,0x00,
 331                  0x00,0x00,0x00,0x00,0x00,0x00,0x00,0x00,0x00,0x00,0x00,0x00,0x00,0x00,0x00,0x00,
 332                  0x00,0x00,0x00,0x00,0x00,0x00,0x00,0x00,0x00,0x00,0x00,0x00,0x00,0x00,0x00,0x00,
 333                  0x00,0x00,0x00,0x00,0x00,0x00,0x00,0x00,0x00,0x00,0x00,0x00,0x00,0x00,0x00,0x00,
 334                  0x00,0x00,0x00,0x00,0x00,0x00,0x00,0x00,0x00,0xDB,0xDB,0xDB,0xDB,0xDB,0x00,0x00,
 335                  0xDB,0xDB,0xDB,0xDB,0xDB,0x00,0x00,0xDB,0xDB,0xDB,0xDB,0xDB,0x00,0x00,0xDB,0xDB,
 336                  0xDB,0xDB,0xDB,0x00,0x00,0xDA,0xDA,0xDA,0xDA,0xDA,0x00,0x00,0xD8,0xD8,0xD8,0xD8,
 337                  0xD8,0x00,0x00,0xC0,0xC0,0xC0,0xC0,0xC0,0x00,0x00,0xC0,0xC0,0xC0,0xC0,0xC0,0x00,
 338                  0x00,0xC0,0xC0,0xC0,0xC0,0xC0,0x00,0x00,0xC0,0xC0,0xC0,0xC0,0xC0,0x00,0x00,0x80,
 339                  0x80,0x80,0x80,0x80,0x00,0x00,0x00,0x00,0x00,0x00,0x00,0x00,0x00,0x00,0x00,0x00,
 340                  0x00,0x00,0x00,0x00,0x00,0x00,0x00,0x00,0x00,0x00,0x00,0x00,0x00,0x00,0x00,0x00,
 341                  0x00,0x00,0x00,0x00,0x00,0x00,0x00,0x00,0x00,0x00,0x00,0x00,0x00,0x00,0x00,0x00,
 342                  0x00,0x00,0x00,0x00,0x00,0x00,0x00,0x00,0x00,0x06,0x06,0x06,0x06,0x06,0x00,0x00,
 343                  0x06,0x06,0x06,0x06,0x06,0x00,0x00,0x06,0x06,0x06,0x06,0x06,0x00,0x00,0x06,0x06,
 344                  0x06,0x06,0x06,0x00,0x00,0x06,0x06,0x06,0xE6,0x66,0x20,0x00,0x06,0x06,0x86,0x06,
 345                  0x06,0x00,0x00,0x06,0x06,0x06,0x06,0x86,0x00,0x00,0x06,0x06,0x06,0x06,0x06,0x00,
 346                  0x00,0x86,0x86,0x86,0x86,0x86,0x80,0x80,0x86,0x86,0x06,0x86,0x86,0xC0,0xC0,0x86,
 347                  0x86,0x86,0x06,0x06,0xD0,0x30,0x76,0x06,0x06,0x06,0x06,0x00,0x00,0x06,0x06,0x06,
 348                  0x06,0x06,0x00,0x00,0x06,0x06,0x06,0x06,0x06,0x00,0x00,0x06,0x06,0x06,0x06,0x06,
 349                  0x00,0x00,0x06,0x06,0x06,0x06,0x06,0x00,0x00,0x00,0x00,0x00,0x00,0x00,0x00,0x00,
 350                  0x00,0x00,0x00,0x00,0x00,0x00,0x00,0x00,0x00,0x00,0x00,0x00,0x00,0x00,0x00,0x00,
 351                  0x00,0x00,0x00,0x00,0x00,0x00,0x00,0x00,0x00,0x00,0x00,0x00,0x00,0x00,0x00,0x00,
 352                  0x00,0x00,0x00,0x00,0x00,0x00,0x00,0x00,0x00,0x00,0x60,0x1C,0x00,0xFE,0x00,0x01,
 353                  0x02,0x00,0xC4,0x18,0x20,0x02,0x9E,0x63,0xB2,0x0E,0x00,0xFF,0x81,0x81,0xFF,0x00,
 354                  0x00,0x80,0x40,0x30,0x0F,0x00,0x00,0x00,0x00,0xFF,0x00,0x23,0xEA,0xAA,0xBF,0xAA,
 355                  0xEA,0x03,0x3F,0x00,0xFF,0x00,0x00,0x00,0x00,0x00,0x00,0x00,0x00,0x00,0x00,0x00,
 356                  0x00,0x00,0x00,0x00,0x00,0x00,0x00,0x00,0x00,0x00,0x00,0x00,0x00,0x00,0x00,0x00,
 357                  0x00,0x00,0x00,0x00,0x00,0x00,0x00,0x00,0x00,0x00,0x00,0x00,0x00,0x00,0x00,0x00,
 358                  0x00,0x00,0x00,0x80,0x80,0x80,0x00,0x00,0x00,0x00,0x00,0x80,0x80,0x80,0x00,0x00,
 359                  0x00,0x00,0x00,0x00,0x00,0x00,0x00,0x00,0x00,0x00,0x00,0x00,0x00,0x00,0x00,0x00,
 360                  0x00,0x00,0x00,0x00,0x00,0x00,0x00,0x00,0x0E,0x0C,0x08,0x00,0x00,0x01,0x01,0x01,
 361                  0x01,0x01,0x00,0x00,0x00,0x01,0x00,0x00,0x00,0x01,0x00,0x81,0x80,0x80,0x81,0x80,
 362                  0x81,0x80,0x80,0x80,0x80,0x01,0x01,0x01,0x01,0x00,0x00,0x00,0x01,0x00,0x00,0x00,
C51 COMPILER V9.00   CODE_TAB                                                              07/11/2019 21:13:47 PAGE 7   

 363                  0x01,0x00,0x01,0x01,0x09,0x0C,0x0E,0x00,0x00,0x00,0x00,0x00,0x00,0x00,0x00,0x00,
 364                  0x00,0x00,0x00,0x00,0x00,0x00,0x00,0x00,0xC0,0xC0,0xC0,0xC0,0xC0,0xC0,0xC0,0xC0,
 365                  0xC0,0xC0,0xC0,0xC0,0xC0,0xC0,0xC0,0xC0,0xC0,0xC0,0xC0,0xC0,0xC0,0xC0,0xC0,0x00,
 366                  0x00,0x1E,0x21,0x40,0x40,0x50,0x21,0x5E,0x00,0x1E,0x21,0x40,0x40,0x50,0x21,0x5E,
 367                  0x00,0x00,0x00,0x00,0x00,0x00,0x00,0x00,0x00,0x00,0x00,0x00,0x00,0x00,0x00,0x00,
 368                  0x00,0x00,0x00,0x00,0x00,0x00,0x00,0x00,0x00,0x00,0x00,0x00,0x00,0x00,0x00,0x00,
 369                  0x00,0x00,0x00,0x00,0x00,0x00,0x00,0x00,0x00,0x00,0x00,0xFF,0xFF,0xC1,0xC1,0xFF,
 370                  0xFF,0xC1,0xC1,0xFF,0xFF,0x00,0x00,0x00,0x00,0x00,0x00,0x00,0x00,0x00,0x00,0x00,
 371                  0x00,0x00,0x00,0x00,0x00,0x00,0x00,0x00,0x00,0x00,0x00,0x00,0x00,0x00,0x00,0x00,
 372                  0x00,0x00,0x00,0x00,0x00,0x00,0x00,0x00,0xFF,0xFF,0x80,0xFC,0xF3,0xEF,0xF3,0xFC,
 373                  0x80,0xFF,0x80,0xEE,0xEE,0xEE,0xF5,0xFB,0xFF,0x9C,0xBE,0xB6,0xB6,0x88,0xFF,0x00,
 374          };
 375          
 376          U8 code BMP2[] =
 377          {
 378                  0x00,0x03,0x05,0x09,0x11,0xFF,0x11,0x89,0x05,0xC3,0x00,0xE0,0x00,0xF0,0x00,0xF8,
 379                  0x00,0x00,0x00,0x00,0x00,0x00,0x00,0x44,0x28,0xFF,0x11,0xAA,0x44,0x00,0x00,0x00,
 380                  0x00,0x00,0x00,0x00,0x00,0x00,0x00,0x00,0x00,0x00,0x00,0x00,0x00,0x00,0x00,0x00,
 381                  0x00,0x00,0x00,0x00,0x00,0x00,0x00,0x00,0x00,0x00,0x00,0x00,0x00,0x00,0x00,0x00,
 382                  0x00,0x00,0x00,0x00,0x00,0x00,0x00,0x00,0x00,0x00,0x00,0x00,0x00,0x00,0x00,0x00,
 383                  0x00,0x00,0x00,0x00,0x00,0x00,0x00,0x00,0x00,0x00,0x83,0x01,0x38,0x44,0x82,0x92,
 384                  0x92,0x74,0x01,0x83,0x00,0x00,0x00,0x00,0x00,0x00,0x00,0x7C,0x44,0xFF,0x01,0x7D,
 385                  0x7D,0x7D,0x7D,0x01,0x7D,0x7D,0x7D,0x7D,0x01,0x7D,0x7D,0x7D,0x7D,0x01,0xFF,0x00,
 386                  0x00,0x00,0x00,0x00,0x00,0x01,0x00,0x01,0x00,0x01,0x00,0x01,0x00,0x01,0x00,0x01,
 387                  0x00,0x00,0x00,0x00,0x00,0x00,0x00,0x00,0x00,0x01,0x01,0x00,0x00,0x00,0x00,0x00,
 388                  0x00,0x00,0x00,0x00,0x00,0x00,0x00,0x00,0x00,0x00,0x00,0x00,0x00,0x00,0x00,0x00,
 389                  0x00,0x00,0x00,0x00,0x00,0x00,0x00,0x00,0x00,0x00,0x00,0x00,0x00,0x00,0x00,0x00,
 390                  0x00,0x00,0x00,0x00,0x00,0x00,0x00,0x00,0x00,0x00,0x00,0x00,0x00,0x00,0x00,0x00,
 391                  0x00,0x00,0x00,0x00,0x00,0x00,0x00,0x00,0x00,0x00,0x01,0x01,0x00,0x00,0x00,0x00,
 392                  0x00,0x00,0x01,0x01,0x00,0x00,0x00,0x00,0x00,0x00,0x00,0x00,0x00,0x01,0x01,0x01,
 393                  0x01,0x01,0x01,0x01,0x01,0x01,0x01,0x01,0x01,0x01,0x01,0x01,0x01,0x01,0x01,0x00,
 394                  0x00,0x00,0x00,0x00,0x00,0x00,0x00,0x00,0x00,0x00,0x00,0x00,0x00,0x00,0x00,0x00,
 395                  0x00,0x00,0x00,0x00,0x00,0x00,0x00,0x00,0x00,0x00,0x00,0x00,0x00,0x00,0x00,0xF8,
 396                  0x08,0x08,0x08,0x08,0x08,0x08,0x08,0x00,0xF8,0x18,0x60,0x80,0x00,0x00,0x00,0x80,
 397                  0x60,0x18,0xF8,0x00,0x00,0x00,0x20,0x20,0xF8,0x00,0x00,0x00,0x00,0x00,0x00,0xE0,
 398                  0x10,0x08,0x08,0x08,0x08,0x10,0xE0,0x00,0x00,0x00,0x20,0x20,0xF8,0x00,0x00,0x00,
 399                  0x00,0x00,0x00,0x00,0x00,0x00,0x00,0x00,0x00,0x08,0x08,0x08,0x08,0x08,0x88,0x68,
 400                  0x18,0x00,0x00,0x00,0x00,0x00,0x00,0x00,0x00,0x00,0x00,0x00,0x00,0x00,0x00,0x00,
 401                  0x00,0x00,0x00,0x00,0x00,0x00,0x00,0x00,0x00,0x00,0x00,0x00,0x00,0x00,0x00,0x00,
 402                  0x00,0x00,0x00,0x00,0x00,0x00,0x00,0x00,0x00,0x00,0x00,0x00,0x00,0x00,0x00,0x00,
 403                  0x00,0x00,0x00,0x00,0x00,0x00,0x00,0x00,0x00,0x00,0x00,0x00,0x00,0x00,0x00,0x7F,
 404                  0x01,0x01,0x01,0x01,0x01,0x01,0x00,0x00,0x7F,0x00,0x00,0x01,0x06,0x18,0x06,0x01,
 405                  0x00,0x00,0x7F,0x00,0x00,0x00,0x40,0x40,0x7F,0x40,0x40,0x00,0x00,0x00,0x00,0x1F,
 406                  0x20,0x40,0x40,0x40,0x40,0x20,0x1F,0x00,0x00,0x00,0x40,0x40,0x7F,0x40,0x40,0x00,
 407                  0x00,0x00,0x00,0x00,0x60,0x00,0x00,0x00,0x00,0x00,0x00,0x60,0x18,0x06,0x01,0x00,
 408                  0x00,0x00,0x00,0x00,0x00,0x00,0x00,0x00,0x00,0x00,0x00,0x00,0x00,0x00,0x00,0x00,
 409                  0x00,0x00,0x00,0x00,0x00,0x00,0x00,0x00,0x00,0x00,0x00,0x00,0x00,0x00,0x00,0x00,
 410                  0x00,0x00,0x00,0x00,0x00,0x00,0x00,0x00,0x00,0x00,0x00,0x00,0x00,0x00,0x00,0x00,
 411                  0x00,0x00,0x00,0x00,0x00,0x00,0x00,0x00,0x00,0x00,0x00,0x00,0x00,0x00,0x00,0x00,
 412                  0x00,0x00,0x00,0x00,0x00,0x40,0x20,0x20,0x20,0xC0,0x00,0x00,0xE0,0x20,0x20,0x20,
 413                  0xE0,0x00,0x00,0x00,0x40,0xE0,0x00,0x00,0x00,0x00,0x60,0x20,0x20,0x20,0xE0,0x00,
 414                  0x00,0x00,0x00,0x00,0xE0,0x20,0x20,0x20,0xE0,0x00,0x00,0x00,0x00,0x00,0x40,0x20,
 415                  0x20,0x20,0xC0,0x00,0x00,0x40,0x20,0x20,0x20,0xC0,0x00,0x00,0x00,0x00,0x00,0x00,
 416                  0x00,0x00,0x00,0x00,0x00,0x00,0x00,0x00,0x00,0x00,0x00,0x00,0x00,0x00,0x00,0x00,
 417                  0x00,0x00,0x00,0x00,0x00,0x00,0x00,0x00,0x00,0x00,0x00,0x00,0x00,0x00,0x00,0x00,
 418                  0x00,0x00,0x00,0x00,0x00,0x00,0x00,0x00,0x00,0x00,0x00,0x00,0x00,0x00,0x00,0x00,
 419                  0x00,0x00,0x00,0x00,0x00,0x00,0x00,0x00,0x00,0x00,0x00,0x00,0x00,0x00,0x00,0x00,
 420                  0x00,0x00,0x00,0x00,0x00,0x0C,0x0A,0x0A,0x09,0x0C,0x00,0x00,0x0F,0x08,0x08,0x08,
 421                  0x0F,0x00,0x00,0x00,0x08,0x0F,0x08,0x00,0x00,0x00,0x0C,0x08,0x09,0x09,0x0E,0x00,
 422                  0x00,0x0C,0x00,0x00,0x0F,0x09,0x09,0x09,0x0F,0x00,0x00,0x0C,0x00,0x00,0x0C,0x0A,
 423                  0x0A,0x09,0x0C,0x00,0x00,0x0C,0x0A,0x0A,0x09,0x0C,0x00,0x00,0x00,0x00,0x00,0x00,
 424                  0x00,0x00,0x00,0x00,0x00,0x00,0x00,0x00,0x00,0x00,0x00,0x00,0x00,0x00,0x00,0x00,
C51 COMPILER V9.00   CODE_TAB                                                              07/11/2019 21:13:47 PAGE 8   

 425                  0x00,0x00,0x00,0x00,0x00,0x00,0x00,0x00,0x00,0x00,0x00,0x00,0x00,0x00,0x00,0x00,
 426                  0x00,0x00,0x00,0x00,0x00,0x00,0x00,0x00,0x00,0x00,0x00,0x00,0x00,0x00,0x00,0x00,
 427                  0x00,0x00,0x00,0x00,0x00,0x00,0x00,0x00,0x00,0x00,0x00,0x00,0x00,0x00,0x00,0x00,
 428                  0x00,0x00,0x00,0x00,0x00,0x00,0x00,0x00,0x00,0x00,0x00,0x00,0x00,0x00,0x00,0x00,
 429                  0x00,0x00,0x00,0x00,0x00,0x00,0x00,0x00,0x00,0x00,0x00,0x00,0x80,0x80,0x80,0x80,
 430                  0x80,0x80,0x80,0x80,0x00,0x00,0x00,0x00,0x00,0x00,0x00,0x00,0x00,0x00,0x00,0x00,
 431                  0x00,0x00,0x00,0x00,0x00,0x00,0x00,0x00,0x00,0x00,0x00,0x00,0x00,0x00,0x00,0x00,
 432                  0x00,0x00,0x00,0x00,0x00,0x00,0x00,0x00,0x00,0x00,0x00,0x00,0x00,0x00,0x00,0x00,
 433                  0x00,0x00,0x00,0x00,0x00,0x00,0x00,0x00,0x00,0x00,0x00,0x00,0x00,0x00,0x00,0x00,
 434                  0x00,0x7F,0x03,0x0C,0x30,0x0C,0x03,0x7F,0x00,0x00,0x38,0x54,0x54,0x58,0x00,0x00,
 435                  0x7C,0x04,0x04,0x78,0x00,0x00,0x3C,0x40,0x40,0x7C,0x00,0x00,0x00,0x00,0x00,0x00,
 436                  0x00,0x00,0x00,0x00,0x00,0x00,0x00,0x00,0x00,0x00,0x00,0x00,0x00,0x00,0x00,0x00,
 437                  0x00,0x00,0x00,0x00,0x00,0x00,0x00,0x00,0x00,0x00,0x00,0x00,0xFF,0xAA,0xAA,0xAA,
 438                  0x28,0x08,0x00,0xFF,0x00,0x00,0x00,0x00,0x00,0x00,0x00,0x00,0x00,0x00,0x00,0x00,
 439                  0x00,0x00,0x00,0x00,0x00,0x00,0x00,0x00,0x00,0x00,0x00,0x00,0x00,0x00,0x00,0x00,
 440                  0x00,0x00,0x00,0x00,0x00,0x00,0x00,0x00,0x00,0x7F,0x03,0x0C,0x30,0x0C,0x03,0x7F,
 441                  0x00,0x00,0x26,0x49,0x49,0x49,0x32,0x00,0x00,0x7F,0x02,0x04,0x08,0x10,0x7F,0x00,
 442          };


MODULE INFORMATION:   STATIC OVERLAYABLE
   CODE SIZE        =   ----    ----
   CONSTANT SIZE    =   5144    ----
   XDATA SIZE       =   ----    ----
   PDATA SIZE       =   ----    ----
   DATA SIZE        =   ----    ----
   IDATA SIZE       =   ----    ----
   BIT SIZE         =   ----    ----
END OF MODULE INFORMATION.


C51 COMPILATION COMPLETE.  0 WARNING(S),  0 ERROR(S)
