C51 COMPILER V9.01   LEDSHANSHUO                                                           07/05/2019 00:28:42 PAGE 1   


C51 COMPILER V9.01, COMPILATION OF MODULE LEDSHANSHUO
OBJECT MODULE PLACED IN LEDshanshuo.obj
COMPILER INVOKED BY: D:\keil4\C51\BIN\C51.EXE LEDshanshuo\LEDshanshuo.c BROWSE DEBUG OBJECTEXTEND PRINT(.\LEDshanshuo.ls
                    -t) OBJECT(LEDshanshuo.obj)

line level    source

   1          /*********************************************************************************************************
   2          *名称：LEDshanshuo.c
   3          *功能：闪烁函数对应的函数
   4          创建时间：2019/7/4
   5          修改时间：2019/7/4
   6          作者：黄剑桥
   7          *********************************************************************************************************/
   8          #include "LEDshanshuo.h"
   9          
  10          void LED_Shan_Shuo()
  11          {
  12   1      while(1)
  13   1      {
  14   2         P4SW=0xbb;   //定义P4IO口
  15   2         LED1=0;         //点亮第一个led
  16   2         LED2=0;
  17   2         LED3=0;
  18   2         E3=~E3;         //使其电平反转
  19   2         Delay_us(10000);
  20   2         
  21   2      }
  22   1      }


MODULE INFORMATION:   STATIC OVERLAYABLE
   CODE SIZE        =     20    ----
   CONSTANT SIZE    =   ----    ----
   XDATA SIZE       =   ----    ----
   PDATA SIZE       =   ----    ----
   DATA SIZE        =   ----    ----
   IDATA SIZE       =   ----    ----
   BIT SIZE         =   ----    ----
END OF MODULE INFORMATION.


C51 COMPILATION COMPLETE.  0 WARNING(S),  0 ERROR(S)
