C51 COMPILER V9.00   MAIN                                                                  08/30/2019 17:01:17 PAGE 1   


C51 COMPILER V9.00, COMPILATION OF MODULE MAIN
OBJECT MODULE PLACED IN .\Objects\main.obj
COMPILER INVOKED BY: F:\workApp\Keil_v5\C51\BIN\C51.EXE main.c BROWSE DEBUG OBJECTEXTEND PRINT(.\Listings\main.lst) OBJE
                    -CT(.\Objects\main.obj)

line level    source

   1          /*****************************************************************************
   2          *名称：静态数码管
   3          *功能：让数码管显示一个数字
   4          创建时间：2019/7/5
   5          修改时间：2019/7/5
   6          作者：黄剑桥
   7          *********************************************************************************************************/
   8          #include "includes.h"
   9          void main()
  10          {
  11   1          P1=0x00; //消抖
  12   1              while(1)
  13   1              {
  14   2              DisplayAddr(1); //让数码管显示1
  15   2      
  16   2              }
  17   1      }


MODULE INFORMATION:   STATIC OVERLAYABLE
   CODE SIZE        =     12    ----
   CONSTANT SIZE    =   ----    ----
   XDATA SIZE       =   ----    ----
   PDATA SIZE       =   ----    ----
   DATA SIZE        =   ----    ----
   IDATA SIZE       =   ----    ----
   BIT SIZE         =   ----    ----
END OF MODULE INFORMATION.


C51 COMPILATION COMPLETE.  0 WARNING(S),  0 ERROR(S)
