C51 COMPILER V9.00   SMGDISPLAY                                                            08/30/2019 17:01:17 PAGE 1   


C51 COMPILER V9.00, COMPILATION OF MODULE SMGDISPLAY
OBJECT MODULE PLACED IN .\Objects\smgdisplay.obj
COMPILER INVOKED BY: F:\workApp\Keil_v5\C51\BIN\C51.EXE smgdisplay\smgdisplay.c BROWSE DEBUG OBJECTEXTEND PRINT(.\Listin
                    -gs\smgdisplay.lst) OBJECT(.\Objects\smgdisplay.obj)

line level    source

   1          
   2          /*********************************************************************************************************
   3          *名称：smgdisplay.c
   4          *功能：数码管显示所用到的函数
   5          创建时间：2019/7/5
   6          修改时间：2019/7/5
   7          作者：黄剑桥
   8          *********************************************************************************************************/
   9          #include "smgdisplay.h"
  10          U8 shuju[8]={0,1,2,3,4,5,6,7};   //储存数码管显示的值
  11          U8 code DuanMa[]={0x3f,0x06,0x5b,0x4f,0x66,0x6d,0x7d,0x07,0x7f,0x6f,0x77,0x7c,0x39,0x5e,0x79,0x71};
  12          U8 code WeiMa[]={0x01,0x02,0x04,0x08,0x10,0x20,0x40,0x80};
  13          /**************************************************************************
  14          * 函数名称： Display
  15          * 参数：         JNdata
  16          * 功能：     向hc595传送一个字节
  17          ******************************************************************************/    
  18          void Display (U8 JNdata)
  19          {
  20   1         U16 i;
  21   1              for(i=0;i<8;i++)
  22   1              {
  23   2          if (JNdata&0x80) DIO=1;
  24   2               else DIO=0;                    //先读入高位   x&0x80;                          
  25   2              SCLK=0;
  26   2              SCLK=1; //SCLK引脚的上升沿移入数据
  27   2              JNdata<<=1;             //数据向左移一位
  28   2              }  
  29   1      }
  30           /**************************************************************************
  31          * 函数名称： DisplayAddr
  32          * 参数：         j  显示的数据
  33          * 功能：     在指定的位置显示指定的数据（指定的位置需要在这个函数控制）
  34          ******************************************************************************/
  35          void DisplayAddr(U16 j)
  36          {
  37   1          U8 i;
  38   1              U8 code *Data;//查表指针
  39   1              Data = DuanMa + shuju[j];
  40   1              i=*Data;
  41   1              Display(i);//i就是显示的值
  42   1              Display(0x02);//0x02即点亮第二个数码管
  43   1              RCLK=0;
  44   1              RCLK=1;//RCLK引脚更新数据                                         
  45   1      
  46   1      }


MODULE INFORMATION:   STATIC OVERLAYABLE
   CODE SIZE        =     63    ----
   CONSTANT SIZE    =     24    ----
   XDATA SIZE       =   ----    ----
   PDATA SIZE       =   ----    ----
   DATA SIZE        =      8    ----
C51 COMPILER V9.00   SMGDISPLAY                                                            08/30/2019 17:01:17 PAGE 2   

   IDATA SIZE       =   ----    ----
   BIT SIZE         =   ----    ----
END OF MODULE INFORMATION.


C51 COMPILATION COMPLETE.  0 WARNING(S),  0 ERROR(S)
