Removed Pin From Net: NetName=VCC Pin=C3-2
Removed Pin From Net: NetName=VCC Pin=C4-1
Removed Pin From Net: NetName=NetC5_1 Pin=C5-1
Removed Pin From Net: NetName=GND Pin=C5-2
Removed Pin From Net: NetName=NetFB1_1 Pin=FB1-1
Removed Pin From Net: NetName=VCC Pin=FB1-2
Removed Pin From Net: NetName=NetFB1_1 Pin=MOS1-3
Removed Pin From Net: NetName=VIN Pin=P9-1
Removed Pin From Net: NetName=VIN Pin=P9-2
Removed Pin From Net: NetName=VCC Pin=U1-7
Removed Pin From Net: NetName=GND Pin=USB1-0
Removed Pin From Net: NetName=GND Pin=USB1-0
Removed Pin From Net: NetName=GND Pin=USB1-0
Removed Pin From Net: NetName=GND Pin=USB1-0
Removed Pin From Net: NetName=VIN Pin=USB1-1
Removed Pin From Net: NetName=GND Pin=USB1-5
Removed Member From Class: ClassName=STC12+CH340E Member=C5
Removed Member From Class: ClassName=STC12+CH340E Member=FB1
Change Component DesignItemId : Designator=P9 Old DesignItemId=PIN2 New DesignItemId=PIN4
Change Component DesignItemId : Designator=P10 Old DesignItemId=PIN2 New DesignItemId=PIN4
Change Component Footprint: Designator=P9 Old Footprint=PIN_2 New Footprint=PIN_4
Change Component Footprint: Designator=P10 Old Footprint=PIN_2 New Footprint=PIN_4
Change Component Comment : Designator=C4 Old Comment=10米F New Comment=10nF
Change Component Comment : Designator=P9 Old Comment=PIN2 New Comment=PIN4
Change Component Comment : Designator=P10 Old Comment=PIN2 New Comment=PIN4
Added Component: Designator=D1(SOD_80)
Added Component: Designator=F1(FB_0805)
Added Component: Designator=MOS2(SOT_23_3)
Added Component: Designator=R4(R_0603)
Added Component: Designator=R6(R_0603)
Added Component: Designator=R7(R_0603)
Added Component: Designator=R8(R_0603)
Added Component: Designator=R9(R_0603)
Added Component: Designator=R10(R_0603)
Added Component: Designator=U3(SOT_23_5)
Added Pin To Net: NetName=NetFB1_1 Pin=C3-2
Added Pin To Net: NetName=NetFB1_1 Pin=F1-1
Added Pin To Net: NetName=VIN Pin=F1-2
Added Pin To Net: NetName=VCC Pin=MOS1-3
Added Pin To Net: NetName=NetFB1_1 Pin=P9-1
Added Pin To Net: NetName=NetFB1_1 Pin=P9-2
Added Pin To Net: NetName=NetFB1_1 Pin=P9-3
Added Pin To Net: NetName=NetFB1_1 Pin=P9-4
Added Pin To Net: NetName=GND Pin=P10-3
Added Pin To Net: NetName=GND Pin=P10-4
Added Pin To Net: NetName=NetFB1_1 Pin=R4-2
Added Pin To Net: NetName=NetFB1_1 Pin=R6-2
Added Pin To Net: NetName=NetC5_1 Pin=R9-2
Added Pin To Net: NetName=GND Pin=R10-1
Added Pin To Net: NetName=NetFB1_1 Pin=U1-7
Added Pin To Net: NetName=GND Pin=U3-2
Added Pin To Net: NetName=NetC5_1 Pin=U3-4
Added Pin To Net: NetName=VCC Pin=U3-5
Added Pin To Net: NetName=NetFB1_1 Pin=USB1-1
Change Net Name : Old Net Name=NetC5_1 New Net Name=NetK1_2
Change Net Name : Old Net Name=NetFB1_1 New Net Name=VIN
Change Net Name : Old Net Name=VIN New Net Name=NetF1_2
Added Pin To Net: NetName=IN_3V3 Pin=C4-1
Added Pin To Net: NetName=IN_3V3 Pin=D1-2
Added Pin To Net: NetName=IN_3V3 Pin=MOS2-1
Added Pin To Net: NetName=IN_3V3 Pin=R4-1
Added Pin To Net: NetName=IN_3V3 Pin=U3-3
Added Net: Name=IN_3V3
Added Pin To Net: NetName=NetD1_1 Pin=D1-1
Added Pin To Net: NetName=NetD1_1 Pin=MOS2-2
Added Pin To Net: NetName=NetD1_1 Pin=R7-1
Added Net: Name=NetD1_1
Added Pin To Net: NetName=NetMOS2_3 Pin=MOS2-3
Added Pin To Net: NetName=NetMOS2_3 Pin=USB1-0
Added Pin To Net: NetName=NetMOS2_3 Pin=USB1-0
Added Pin To Net: NetName=NetMOS2_3 Pin=USB1-0
Added Pin To Net: NetName=NetMOS2_3 Pin=USB1-0
Added Pin To Net: NetName=NetMOS2_3 Pin=USB1-5
Added Net: Name=NetMOS2_3
Added Pin To Net: NetName=NetR6_1 Pin=R6-1
Added Pin To Net: NetName=NetR6_1 Pin=R7-2
Added Pin To Net: NetName=NetR6_1 Pin=R8-2
Added Net: Name=NetR6_1
Added Pin To Net: NetName=NetR8_1 Pin=R8-1
Added Pin To Net: NetName=NetR8_1 Pin=R9-1
Added Pin To Net: NetName=NetR8_1 Pin=R10-2
Added Pin To Net: NetName=NetR8_1 Pin=U3-1
Added Net: Name=NetR8_1
Added Member To Class: ClassName=STC12+CH340E Member=Component D1 3.3V
Added Member To Class: ClassName=STC12+CH340E Member=Component F1 6V 1.1A 0805
Added Member To Class: ClassName=STC12+CH340E Member=Component MOS2 AO3400A
Added Member To Class: ClassName=STC12+CH340E Member=Component R4 次
Added Member To Class: ClassName=STC12+CH340E Member=Component R6 次
Added Member To Class: ClassName=STC12+CH340E Member=Component R7 次
Added Member To Class: ClassName=STC12+CH340E Member=Component R8 次
Added Member To Class: ClassName=STC12+CH340E Member=Component R9 次
Added Member To Class: ClassName=STC12+CH340E Member=Component R10 次
Added Member To Class: ClassName=STC12+CH340E Member=Component U3 TL331
Added Room: Name=STC12+CH340E
