C51 COMPILER V9.01   DELAY                                                                 07/09/2019 13:08:33 PAGE 1   


C51 COMPILER V9.01, COMPILATION OF MODULE DELAY
OBJECT MODULE PLACED IN delay.obj
COMPILER INVOKED BY: D:\cx\C51\BIN\C51.EXE delay\delay.c BROWSE DEBUG OBJECTEXTEND PRINT(.\delay.lst) OBJECT(delay.obj)

line level    source

   1          /*********************************************************************************************************
   2          *名称：delay.c
   3          *功能：延迟功能所用到的函数
   4          创建时间：2019/7/8
   5          修改时间：2019/7/8
   6          作者：黄彦钊
   7          *********************************************************************************************************/
   8          #include "delay.h"      
   9          #include "intrins.h"
  10          #include "config.h"
  11          /*******************************************************************************
  12          * 函 数 名         : delay_ms
  13          * 函数功能                 : 延时函数，i=1时，大约延时1ms
  14          *******************************************************************************/
  15          void delay_ms(unsigned int n)
  16          {
  17   1              unsigned int  i,j;
  18   1              for(i=0;i<n;i++)
  19   1                      for(j=0;j<123;j++);
  20   1      }       
  21          /*******************************************************************************
  22          * 函 数 名         : nop
  23          * 函数功能                 : 延时函数，当晶振为12HZ，i=1时，大约延时2us
  24          *******************************************************************************/
  25          void nop(unsigned int n)
  26          {         
  27   1              unsigned int i;
  28   1              for(i=0;i<n;i++)
  29   1              {
  30   2                 _nop_();
  31   2              }
  32   1      }


MODULE INFORMATION:   STATIC OVERLAYABLE
   CODE SIZE        =     51    ----
   CONSTANT SIZE    =   ----    ----
   XDATA SIZE       =   ----    ----
   PDATA SIZE       =   ----    ----
   DATA SIZE        =   ----    ----
   IDATA SIZE       =   ----    ----
   BIT SIZE         =   ----    ----
END OF MODULE INFORMATION.


C51 COMPILATION COMPLETE.  0 WARNING(S),  0 ERROR(S)
