C51 COMPILER V9.01   MAIN                                                                  07/09/2019 13:08:32 PAGE 1   


C51 COMPILER V9.01, COMPILATION OF MODULE MAIN
OBJECT MODULE PLACED IN main.OBJ
COMPILER INVOKED BY: D:\cx\C51\BIN\C51.EXE main.c BROWSE DEBUG OBJECTEXTEND

line level    source

   1          /*********************************************************************************************************
   2          *名称：main.c
   3          *功能：语音循迹灭火小车主程序
   4          创建时间：2019/7/8
   5          修改时间：2019/7/8
   6          作者：黄彦钊
   7          *********************************************************************************************************/
   8          
   9          #include "includes.h"
  10          
  11          void main()
  12          {
  13   1              run();   //主程序启动，位于pwm.c
  14   1      }


MODULE INFORMATION:   STATIC OVERLAYABLE
   CODE SIZE        =      3    ----
   CONSTANT SIZE    =   ----    ----
   XDATA SIZE       =   ----    ----
   PDATA SIZE       =   ----    ----
   DATA SIZE        =   ----    ----
   IDATA SIZE       =   ----    ----
   BIT SIZE         =   ----    ----
END OF MODULE INFORMATION.


C51 COMPILATION COMPLETE.  0 WARNING(S),  0 ERROR(S)
