C51 COMPILER V9.00   BUZZER                                                                08/30/2019 17:09:15 PAGE 1   


C51 COMPILER V9.00, COMPILATION OF MODULE BUZZER
OBJECT MODULE PLACED IN .\Objects\buzzer.obj
COMPILER INVOKED BY: F:\workApp\Keil_v5\C51\BIN\C51.EXE buzzer\buzzer.c BROWSE DEBUG OBJECTEXTEND PRINT(.\Listings\buzze
                    -r.lst) OBJECT(.\Objects\buzzer.obj)

line level    source

   1          /*********************************************************************************************************
   2          *名称：buzzer.h
   3          *功能：蜂鸣器所用到函数
   4          创建时间：2019/7/5
   5          修改时间：2019/7/5
   6          作者：黄彦钊
   7          *********************************************************************************************************/
   8          #include "buzzer.h"        
   9          sbit  buzz=P2^7;
  10                                    
  11          /*******************************************************************************
  12          * 函 数 名         : init
  13          * 函数功能                 : 定时器初始化
  14          *******************************************************************************/ 
  15          void init()
  16          { 
  17   1              TMOD&=0x0f;   
  18   1              TMOD|=0x01;   
  19   1              TH0=0xd8;TL0=0xef;   
  20   1              IE=0x82;   
  21   1      }
  22          /*******************************************************************************
  23          * 函 数 名         : run
  24          * 函数功能                 : 使蜂鸣器发出声音
  25          *******************************************************************************/ 
  26          
  27          void run()        
  28          { 
  29   1          while(1)   
  30   1          {   
  31   2                      delay_ms(1000);
  32   2                  buzz=~buzz;                                         //关定时器1    
  33   2          }   
  34   1      }                


MODULE INFORMATION:   STATIC OVERLAYABLE
   CODE SIZE        =     27    ----
   CONSTANT SIZE    =   ----    ----
   XDATA SIZE       =   ----    ----
   PDATA SIZE       =   ----    ----
   DATA SIZE        =   ----    ----
   IDATA SIZE       =   ----    ----
   BIT SIZE         =   ----    ----
END OF MODULE INFORMATION.


C51 COMPILATION COMPLETE.  0 WARNING(S),  0 ERROR(S)
