C51 COMPILER V9.01   MAIN                                                                  07/05/2019 13:30:00 PAGE 1   


C51 COMPILER V9.01, COMPILATION OF MODULE MAIN
OBJECT MODULE PLACED IN main.OBJ
COMPILER INVOKED BY: C:\Keil\C51\BIN\C51.EXE main.c BROWSE DEBUG OBJECTEXTEND

line level    source

   1          /***************************************************************
   2          *名称：LED闪烁
   3          *功能：点亮LED，然后闪烁
   4          创建时间：2019/7/4
   5          修改时间：2019/7/4
   6          作者：黄剑桥
   7          ****************************************************************/
   8          #include "includes.h"
   9          
  10          void main()
  11          {
  12   1          LED_Shan_Shuo(); 
  13   1      }


MODULE INFORMATION:   STATIC OVERLAYABLE
   CODE SIZE        =      3    ----
   CONSTANT SIZE    =   ----    ----
   XDATA SIZE       =   ----    ----
   PDATA SIZE       =   ----    ----
   DATA SIZE        =   ----    ----
   IDATA SIZE       =   ----    ----
   BIT SIZE         =   ----    ----
END OF MODULE INFORMATION.


C51 COMPILATION COMPLETE.  0 WARNING(S),  0 ERROR(S)
