C51 COMPILER V9.00   DISPLAY                                                               08/30/2019 17:42:58 PAGE 1   


C51 COMPILER V9.00, COMPILATION OF MODULE DISPLAY
OBJECT MODULE PLACED IN .\Objects\display.obj
COMPILER INVOKED BY: F:\workApp\Keil_v5\C51\BIN\C51.EXE display\display.c BROWSE DEBUG OBJECTEXTEND PRINT(.\Listings\dis
                    -play.lst) OBJECT(.\Objects\display.obj)

line level    source

   1          /*********************************************************************************************************
   2          *名称：display.c
   3          *功能：数码管对应的函数
   4          创建时间：2019/7/4
   5          修改时间：2019/7/4
   6          作者：黄彦钊
   7          *********************************************************************************************************/
   8          #include "display.h"      
   9                                                  
  10          sbit DIO   = P0^0;                              //串行数据输入
  11          sbit RCLK  = P0^1;                              //时钟脉冲信号――上升沿有效
  12          sbit SCLK  = P0^2;                              //打入信号――――上升沿有效
  13          
  14          uchar  disbuf[4]={0,0,0,0};// 函数原形定义
  15          uchar LED[8];   //用于LED的8位显示缓存
  16          uchar code LED_0F[];            // LED字模表
  17          uchar code fseg[]={0x3f,0x06,0x5b,0x4f,0x66,0x6d,0x7d,0x07,0x7f,0x6f,0x77};
  18          uchar code segbit[]={0x80,0x40,0x20,0x10,0x08,0x04,0x02,0x01};                    
  19          uchar code LED_0F[] = 
  20          {// 0    1        2        3    4        5        6        7    8        9        A        b    C    d    E    F    -
  21                  0xC0,0xF9,0xA4,0xB0,0x99,0x92,0x82,0xF8,0x80,0x90,0x8C,0xBF,0xC6,0xA1,0x86,0xFF,0xbf
  22          };
  23          
  24                                          
  25          /*******************************************************************************
  26          * 函 数 名         : LED_OUT
  27          * 函数功能                 : LED单字节串行移位函数
  28          *******************************************************************************/ 
  29          void LED_OUT(uchar X)             
  30          {
  31   1              uchar i;
  32   1              for(i=8;i>=1;i--)
  33   1              {
  34   2                      if (X&0x80) DIO=1; else DIO=0;
  35   2                      X<<=1;
  36   2                      SCLK = 0;
  37   2                      SCLK = 1;
  38   2              }
  39   1      }
  40          
  41          /*******************************************************************************
  42          * 函 数 名         : LED4_Display
  43          * 函数功能                 : LED显示
  44          *******************************************************************************/ 
  45          void LED4_Display ()    
  46          {
  47   1              uchar code *led_table;          // 查表指针
  48   1              uchar i;
  49   1              //显示第1位
  50   1              led_table = LED_0F + LED[0];
  51   1              i = *led_table;
  52   1      
  53   1              LED_OUT(i);                     
  54   1              LED_OUT(0x01);          
C51 COMPILER V9.00   DISPLAY                                                               08/30/2019 17:42:58 PAGE 2   

  55   1      
  56   1              RCLK = 0;
  57   1              RCLK = 1;
  58   1              //显示第2位
  59   1              led_table = LED_0F + LED[1];
  60   1              i = *led_table;
  61   1      
  62   1              LED_OUT(i);             
  63   1              LED_OUT(0x02);          
  64   1      
  65   1              RCLK = 0;
  66   1              RCLK = 1;
  67   1              //显示第3位
  68   1              led_table = LED_0F + LED[2];
  69   1              i = *led_table;
  70   1      
  71   1              LED_OUT(i);                     
  72   1              LED_OUT(0x04);  
  73   1      
  74   1              RCLK = 0;
  75   1              RCLK = 1;
  76   1              //显示第4位
  77   1              led_table = LED_0F + LED[3];
  78   1              i = *led_table;
  79   1      
  80   1              LED_OUT(i);                     
  81   1              LED_OUT(0x08);          
  82   1      
  83   1              RCLK = 0;
  84   1              RCLK = 1;
  85   1      }
  86                  
  87          /*******************************************************************************
  88          * 函 数 名         : display
  89          * 函数功能                 : 显示数据转换程序   
  90          *******************************************************************************/ 
  91          void display(uint temp) 
  92           { 
  93   1          uchar qian,ge,shi,bai;
  94   1              qian = temp/1000;
  95   1          bai=temp/100%10;
  96   1          shi=temp%100/10;  
  97   1          ge=temp%10;
  98   1              
  99   1              LED[0]=qian;
 100   1              LED[1]=bai;
 101   1              LED[2]=shi;
 102   1              LED[3]=ge;
 103   1              
 104   1       }      
 105          


MODULE INFORMATION:   STATIC OVERLAYABLE
   CODE SIZE        =    182    ----
   CONSTANT SIZE    =     36    ----
   XDATA SIZE       =   ----    ----
   PDATA SIZE       =   ----    ----
   DATA SIZE        =     12       3
   IDATA SIZE       =   ----    ----
   BIT SIZE         =   ----    ----
END OF MODULE INFORMATION.

C51 COMPILER V9.00   DISPLAY                                                               08/30/2019 17:42:58 PAGE 3   


C51 COMPILATION COMPLETE.  0 WARNING(S),  0 ERROR(S)
