C51 COMPILER V9.00   MAIN                                                                  08/30/2019 17:42:57 PAGE 1   


C51 COMPILER V9.00, COMPILATION OF MODULE MAIN
OBJECT MODULE PLACED IN .\Objects\main.obj
COMPILER INVOKED BY: F:\workApp\Keil_v5\C51\BIN\C51.EXE main.c BROWSE DEBUG OBJECTEXTEND PRINT(.\Listings\main.lst) OBJE
                    -CT(.\Objects\main.obj)

line level    source

   1          /*********************************************************************************************************
   2          *名称：main.c
   3          *功能：动态数码管显示
   4                     在main函数中的display()中填入数字即可显示
   5          创建时间：2019/7/8
   6          修改时间：2019/7/11
   7          作者：黄彦钊
   8          *********************************************************************************************************/
             -          
   9          #include   "includes.h" 
  10          void main(void)
  11          {  
  12   1              init();
  13   1              while(1)
  14   1              {
  15   2                      LED4_Display ();
  16   2              }
  17   1      }              


MODULE INFORMATION:   STATIC OVERLAYABLE
   CODE SIZE        =      8    ----
   CONSTANT SIZE    =   ----    ----
   XDATA SIZE       =   ----    ----
   PDATA SIZE       =   ----    ----
   DATA SIZE        =   ----    ----
   IDATA SIZE       =   ----    ----
   BIT SIZE         =   ----    ----
END OF MODULE INFORMATION.


C51 COMPILATION COMPLETE.  0 WARNING(S),  0 ERROR(S)
