C51 COMPILER V9.00   MAIN                                                                  07/15/2019 09:08:45 PAGE 1   


C51 COMPILER V9.00, COMPILATION OF MODULE MAIN
OBJECT MODULE PLACED IN .\Objects\main.obj
COMPILER INVOKED BY: D:\单片机\C51\BIN\C51.EXE main.c BROWSE DEBUG OBJECTEXTEND PRINT(.\Listings\main.lst) OBJECT(.\Obje
                    -cts\main.obj)

line level    source

   1          /*********************************************************************************************************
   2          *名称：OLED显示屏
   3          *功能：在屏幕中显示汉字
   4          创建时间：2019/7/7
   5          修改时间：2019/XX/XX
   6          作者：李诗琪
   7          *********************************************************************************************************/
   8          #include "includes.h"
   9          
  10          int main(void)
  11          {
  12   1              U8 i;
  13   1              OLED_Init();
  14   1              
  15   1              while(1)
  16   1              {
  17   2              
  18   2                      OLED_P16x16Ch(24,0,1);
  19   2      
  20   2                      OLED_P16x16Ch(40,0,2);
  21   2      
  22   2                      OLED_P16x16Ch(57,0,3);
  23   2      
  24   2                      OLED_P16x16Ch(74,0,4);
  25   2      
  26   2                      OLED_P16x16Ch(91,0,5);
  27   2      
  28   2                      for(i=0; i<8; i++)//通过点整显示汉字 -- i表示字表数组的位置
  29   2                      {
  30   3      
  31   3                               OLED_P16x16Ch(i*16,2,i+8);
  32   3      
  33   3                               OLED_P16x16Ch(i*16,4,i+16);
  34   3      
  35   3                               OLED_P16x16Ch(i*16,6,i+24);
  36   3      
  37   3                      }
  38   2                      Delay_ms(4000);
  39   2      
  40   2                      OLED_CLS();//清屏
  41   2              }
  42   1      }


MODULE INFORMATION:   STATIC OVERLAYABLE
   CODE SIZE        =    151    ----
   CONSTANT SIZE    =   ----    ----
   XDATA SIZE       =   ----    ----
   PDATA SIZE       =   ----    ----
   DATA SIZE        =   ----       1
   IDATA SIZE       =   ----    ----
   BIT SIZE         =   ----    ----
END OF MODULE INFORMATION.


C51 COMPILATION COMPLETE.  0 WARNING(S),  0 ERROR(S)
