C51 COMPILER V9.00   CODE_TAB                                                              07/15/2019 09:12:04 PAGE 1   


C51 COMPILER V9.00, COMPILATION OF MODULE CODE_TAB
OBJECT MODULE PLACED IN .\Objects\code_tab.obj
COMPILER INVOKED BY: D:\单片机\C51\BIN\C51.EXE code_tab\code_tab.c BROWSE DEBUG OBJECTEXTEND PRINT(.\Listings\code_tab.l
                    -st) OBJECT(.\Objects\code_tab.obj)

line level    source

   1          /*********************************************************************************************************
   2          *名称：code_tab.c
   3          *功能：显示的16进制数组存放
   4          创建时间：2019/7/5
   5          修改时间：2019/XX/XX
   6          作者：XXX
   7          **********************************************************************************************************
             -/
   8          
   9          #include "code_tab.h"
  10          
  11          uchar code TempChar[32]={0x06,0x09,0x09,0xE6,0xF8,0x0C,0x04,0x02,0x02,0x02,0x02,0x02,0x04,0x1E,0x00,0x00,
  12                                              0x00,0x00,0x00,0x07,0x1F,0x30,0x20,0x40,0x40,0x40,0x40,0x40,0x20,0x10,
             -0x00,0x00};//放置要写入字符的字模，℃
  13          uchar code HumiChar[16]={0xF0,0x08,0xF0,0x80,0x60,0x18,0x00,0x00,0x00,0x31,0x0C,0x03,0x1E,0x21,0x1E,0x00};
             -//放置要写入字符的字模，%
  14          uchar code PointChar[16]={0x00,0x00,0x00,0x00,0x00,0x00,0x00,0x00,0x00,0x30,0x30,0x00,0x00,0x00,0x00,0x00}
             -;//一个小数点，.
  15          uchar LineFont[]={0x00, 0x08, 0x08, 0x08, 0x08, 0x08};//一个短线，-
  16          
  17          
  18          /************************************6*8的点阵************************************/
  19          uchar code HFont[]=
  20          {
  21                 0x00, 0x00, 0x00, 0x00, 0x00, 0x00,// sp
  22                 0x00, 0x7F, 0x08, 0x08, 0x08, 0x7F,// H
  23                 0x00, 0x1C, 0xA0, 0xA0, 0xA0, 0x7C,// y
  24                 0x00, 0x18, 0xA4, 0xA4, 0xA4, 0x7C,// g 
  25                 0x00, 0x7C, 0x08, 0x04, 0x04, 0x08,// r
  26                 0x00, 0x38, 0x44, 0x44, 0x44, 0x38,// o
  27                 0x00, 0x04, 0x3F, 0x44, 0x40, 0x20,// t
  28                 0x00, 0x7F, 0x08, 0x04, 0x04, 0x78,// h
  29                 0x00, 0x38, 0x54, 0x54, 0x54, 0x18,// e
  30                 0x00, 0x7C, 0x08, 0x04, 0x04, 0x08,// r
  31                 0x00, 0x7C, 0x04, 0x18, 0x04, 0x78,// m
  32                 0x00, 0x38, 0x44, 0x44, 0x44, 0x38,// o
  33                 0x00, 0x18, 0xA4, 0xA4, 0xA4, 0x7C,// g
  34                 0x00, 0x7C, 0x08, 0x04, 0x04, 0x08,// r
  35                 0x00, 0x20, 0x54, 0x54, 0x54, 0x78,// a
  36                 0x00, 0xFC, 0x24, 0x24, 0x24, 0x18,// p 
  37                 0x00, 0x7F, 0x08, 0x04, 0x04, 0x78,// h
  38          };
  39          
  40          /****************************************8*16的点阵************************************/
  41          uchar code NumberFont[]=
  42          { 
  43                 0x00,0xE0,0x10,0x08,0x08,0x10,0xE0,0x00,0x00,0x0F,0x10,0x20,0x20,0x10,0x0F,0x00,//0
  44                 0x00,0x00,0x10,0x10,0xF8,0x00,0x00,0x00,0x00,0x00,0x20,0x20,0x3F,0x20,0x20,0x00,//1
  45                 0x00,0x70,0x08,0x08,0x08,0x08,0xF0,0x00,0x00,0x30,0x28,0x24,0x22,0x21,0x30,0x00,//2
  46                 0x00,0x30,0x08,0x08,0x08,0x88,0x70,0x00,0x00,0x18,0x20,0x21,0x21,0x22,0x1C,0x00,//3  
  47                 0x00,0x00,0x80,0x40,0x30,0xF8,0x00,0x00,0x00,0x06,0x05,0x24,0x24,0x3F,0x24,0x24,//4
  48                 0x00,0xF8,0x88,0x88,0x88,0x08,0x08,0x00,0x00,0x19,0x20,0x20,0x20,0x11,0x0E,0x00,//5
  49                 0x00,0xE0,0x10,0x88,0x88,0x90,0x00,0x00,0x00,0x0F,0x11,0x20,0x20,0x20,0x1F,0x00,//6
  50                 0x00,0x18,0x08,0x08,0x88,0x68,0x18,0x00,0x00,0x00,0x00,0x3E,0x01,0x00,0x00,0x00,//7
C51 COMPILER V9.00   CODE_TAB                                                              07/15/2019 09:12:04 PAGE 2   

  51                 0x00,0x70,0x88,0x08,0x08,0x88,0x70,0x00,0x00,0x1C,0x22,0x21,0x21,0x22,0x1C,0x00,//8
  52                 0x00,0xF0,0x08,0x08,0x08,0x10,0xE0,0x00,0x00,0x01,0x12,0x22,0x22,0x11,0x0F,0x00//9
  53          };
  54          
  55          uchar code TitleFont[]=
  56          {
  57                 0x00,0x00,0x00,0x00,0x00,0x00,0x00,0x00,0x00,0x00,0x00,0x00,0x00,0x00,0x00,0x00,
  58                 0x00,0x00,0x00,0x00,0x00,0x00,0x00,0x00,0x00,0x00,0x00,0x00,0x00,0x00,0x00,0x00,
  59                 0x08,0xF8,0x08,0x00,0x00,0x00,0x00,0x00,0x20,0x3F,0x20,0x20,0x20,0x20,0x30,0x00,//L 44
  60                 0x00,0x80,0x98,0x98,0x00,0x00,0x00,0x00,0x00,0x20,0x20,0x3F,0x20,0x20,0x00,0x00,//i 73
  61                 0x80,0x80,0x00,0x80,0x80,0x80,0x00,0x00,0x20,0x3F,0x21,0x00,0x00,0x20,0x3F,0x20,//n 78
  62                 0x80,0x80,0x80,0x00,0x00,0x80,0x80,0x80,0x80,0x81,0x8E,0x70,0x18,0x06,0x01,0x00,//y 89
  63                 0x00,0x00,0x80,0x80,0x80,0x80,0x00,0x00,0x00,0x19,0x24,0x22,0x22,0x22,0x3F,0x20,//a 65
  64                 0x80,0x80,0x80,0x00,0x80,0x80,0x80,0x00,0x20,0x20,0x3F,0x21,0x20,0x00,0x01,0x00,//r 82
  65                 0x00,0x00,0x00,0x00,0x00,0x00,0x00,0x00,0x00,0x00,0x00,0x00,0x00,0x00,0x00,0x00,
  66                 0x08,0xF8,0x08,0x00,0x00,0x00,0x00,0x00,0x20,0x3F,0x20,0x20,0x20,0x20,0x30,0x00,//L 44
  67                 0x00,0x00,0x80,0x80,0x80,0x80,0x00,0x00,0x00,0x19,0x24,0x22,0x22,0x22,0x3F,0x20,//a 65
  68                 0x08,0xF8,0x00,0x80,0x80,0x00,0x00,0x00,0x00,0x3F,0x11,0x20,0x20,0x11,0x0E,0x00,//b 66
  69                 0x00,0x00,0x00,0x00,0x00,0x00,0x00,0x00,0x00,0x30,0x30,0x00,0x00,0x00,0x00,0x00,//. 14
  70          };
  71          
  72          uchar code TempFont[]=
  73          {
  74                 0x18,0x08,0x08,0xF8,0x08,0x08,0x18,0x00,0x00,0x00,0x20,0x3F,0x20,0x00,0x00,0x00,//T 52
  75                 0x08,0xF8,0x88,0x88,0xE8,0x08,0x10,0x00,0x20,0x3F,0x20,0x20,0x23,0x20,0x18,0x00,//E 37
  76                 0x08,0xF8,0xF8,0x00,0xF8,0xF8,0x08,0x00,0x20,0x3F,0x00,0x3F,0x00,0x3F,0x20,0x00,//M 45
  77                 0x08,0xF8,0x08,0x08,0x08,0x08,0xF0,0x00,0x20,0x3F,0x21,0x01,0x01,0x01,0x00,0x00,//P 48
  78                 0x00,0x00,0x00,0xC0,0xC0,0x00,0x00,0x00,0x00,0x00,0x00,0x30,0x30,0x00,0x00,0x00,//: 26
  79          };
  80          
  81          uchar code HumiFont[]=
  82          {
  83                 0x08,0xF8,0x88,0x88,0x88,0x88,0x70,0x00,0x20,0x3F,0x20,0x00,0x03,0x0C,0x30,0x20,//R 50
  84                 0x08,0xF8,0x08,0x00,0x00,0x08,0xF8,0x08,0x20,0x3F,0x21,0x01,0x01,0x21,0x3F,0x20,//H 40
  85                 0x00,0x00,0x00,0x00,0x00,0x00,0x00,0x00,0x00,0x00,0x00,0x00,0x00,0x00,0x00,0x00,
  86                 0x00,0x00,0x00,0xC0,0xC0,0x00,0x00,0x00,0x00,0x00,0x00,0x30,0x30,0x00,0x00,0x00,//: 26
  87          };
  88          /***************************16*16的点阵字体取模方式：共阴――列行式――逆向输出*********/
  89          uchar code F16x16[] =            
  90              {     
  91                 0x00,0x00,0x00,0x00,0x00,0x00,0x00,0x00,0x00,0x00,0x00,0x00,0x00,0x00,0x00,0x00,/*" ",0*/
  92                 0x00,0x00,0x00,0x00,0x00,0x00,0x00,0x00,0x00,0x00,0x00,0x00,0x00,0x00,0x00,0x00,/*" ",0*/
  93          
  94                 0x04,0x44,0x44,0x44,0x5F,0x44,0xC4,0x44,0x44,0x44,0x5F,0x44,0xC4,0x04,0x04,0x00,
  95                 0x00,0x00,0x00,0x00,0x00,0x00,0xFF,0x00,0x00,0x08,0x10,0x08,0x07,0x00,0x00,0x00,//节
  96          
  97                 0x08,0xCC,0x4A,0x49,0x48,0x4A,0xCC,0x18,0x00,0x7F,0x88,0x88,0x84,0x82,0xE0,0x00,
  98                 0x00,0xFF,0x12,0x12,0x52,0x92,0x7F,0x00,0x00,0x7E,0x88,0x88,0x84,0x82,0xE0,0x00,//能
  99          
 100                 0x04,0x84,0xE4,0x5C,0x44,0xC4,0x80,0x82,0xFE,0x82,0x82,0x82,0xFE,0x82,0x80,0x00, 
 101                 0x02,0x01,0x7F,0x10,0x10,0x3F,0x80,0x60,0x1F,0x00,0x00,0x00,0xFF,0x00,0x00,0x00,//研
 102          
 103                 0x10,0x0C,0x44,0x24,0x14,0x04,0xE5,0x06,0x04,0x04,0x14,0x24,0x44,0x14,0x0C,0x00,
 104                 0x00,0x80,0x41,0x21,0x11,0x0D,0x03,0x01,0x01,0x01,0x3F,0x40,0x40,0x40,0x70,0x00,//究
 105          
 106                 0x00,0x00,0xFC,0x24,0x24,0x22,0xE3,0x02,0xFC,0x44,0x44,0x42,0xC3,0x42,0x40,0x00,
 107                 0x40,0x30,0x0F,0x02,0x02,0x82,0x43,0x30,0x0F,0x00,0x00,0x00,0xFF,0x00,0x00,0x00,//所
 108          
 109                 0x00,0x00,0x00,0x00,0x00,0x00,0x00,0x00,0x00,0x00,0x00,0x00,0x00,0x00,0x00,0x00,/*" ",6*/
 110                 0x00,0x00,0x00,0x00,0x00,0x00,0x00,0x00,0x00,0x00,0x00,0x00,0x00,0x00,0x00,0x00,/*" ",6*/
 111          
 112                 0x00,0x00,0x00,0x00,0x00,0x00,0x00,0x00,0x00,0x00,0x00,0x00,0x00,0x00,0x00,0x00,/*" ",7*/
C51 COMPILER V9.00   CODE_TAB                                                              07/15/2019 09:12:04 PAGE 3   

 113                 0x00,0x00,0x00,0x00,0x00,0x00,0x00,0x00,0x00,0x00,0x00,0x00,0x00,0x00,0x00,0x00,/*" ",7*/
 114          };


MODULE INFORMATION:   STATIC OVERLAYABLE
   CODE SIZE        =   ----    ----
   CONSTANT SIZE    =    934    ----
   XDATA SIZE       =   ----    ----
   PDATA SIZE       =   ----    ----
   DATA SIZE        =      6    ----
   IDATA SIZE       =   ----    ----
   BIT SIZE         =   ----    ----
END OF MODULE INFORMATION.


C51 COMPILATION COMPLETE.  0 WARNING(S),  0 ERROR(S)
