C51 COMPILER V9.00   I2C                                                                   07/15/2019 09:12:05 PAGE 1   


C51 COMPILER V9.00, COMPILATION OF MODULE I2C
OBJECT MODULE PLACED IN .\Objects\i2c.obj
COMPILER INVOKED BY: D:\单片机\C51\BIN\C51.EXE i2c\i2c.c BROWSE DEBUG OBJECTEXTEND PRINT(.\Listings\i2c.lst) OBJECT(.\Ob
                    -jects\i2c.obj)

line level    source

   1          /*********************************************************************************************************
   2          *名称：i2c.c
   3          *功能：IO口模拟I2C通信
   4          创建时间：2019/7/14
   5          修改时间：2019/XX/XX
   6          作者：XXX
   7          **********************************************************************************************************
             -/
   8          
   9          #include "i2c.h"
  10          
  11          /*******************************************************************************
  12          * 函 数 名         : IIC_Start
  13          * 函数功能                 : i2c开始信号
  14          *******************************************************************************/
  15          
  16          void IIC_Start()
  17          {
  18   1              SDA = high;
  19   1              nop();
  20   1              SCL = high;
  21   1              nop();
  22   1              SDA = low;
  23   1              nop();
  24   1              SCL = low;
  25   1              nop();
  26   1      }
  27          
  28          /*******************************************************************************
  29          * 函 数 名         : IIC_Stop
  30          * 函数功能                 : i2c终止信号
  31          *******************************************************************************/
  32          
  33          void IIC_Stop()
  34          {
  35   1              SCL = low;
  36   1              nop();
  37   1              SDA = low;
  38   1              nop();
  39   1              SCL = high;
  40   1              nop();
  41   1              SDA = high;
  42   1              nop();
  43   1      }
  44          
  45          
  46          /*******************************************************************************
  47          * 函 数 名         : Write_IIC_Byte
  48          * 函数功能                 : 通过I2C总线写一个字节
  49          *******************************************************************************/
  50          
  51          void Write_IIC_Byte(uchar IIC_Byte)
  52          {
  53   1              uchar i;
C51 COMPILER V9.00   I2C                                                                   07/15/2019 09:12:05 PAGE 2   

  54   1      
  55   1              for(i=0;i<8;i++)
  56   1              {
  57   2                      if(IIC_Byte & 0x80)
  58   2                              SDA=high;
  59   2                      else
  60   2                              SDA=low;
  61   2      
  62   2                      SCL=high;
  63   2      
  64   2                      SCL=low;
  65   2      
  66   2                      IIC_Byte<<=1;
  67   2              }
  68   1              SDA=low;
  69   1              SCL=high;
  70   1              SCL=low;
  71   1      }


MODULE INFORMATION:   STATIC OVERLAYABLE
   CODE SIZE        =     71    ----
   CONSTANT SIZE    =   ----    ----
   XDATA SIZE       =   ----    ----
   PDATA SIZE       =   ----    ----
   DATA SIZE        =   ----    ----
   IDATA SIZE       =   ----    ----
   BIT SIZE         =   ----    ----
END OF MODULE INFORMATION.


C51 COMPILATION COMPLETE.  0 WARNING(S),  0 ERROR(S)
