C51 COMPILER V9.00   MAIN                                                                  07/14/2019 12:07:47 PAGE 1   


C51 COMPILER V9.00, COMPILATION OF MODULE MAIN
OBJECT MODULE PLACED IN .\Objects\main.obj
COMPILER INVOKED BY: D:\单片机\C51\BIN\C51.EXE main.c BROWSE DEBUG OBJECTEXTEND PRINT(.\Listings\main.lst) OBJECT(.\Obje
                    -cts\main.obj)

line level    source

   1          /*********************************************************************************************************
   2          *名称：OLED显示温湿度
   3          *功能：在屏幕中显示DHT11所测得温湿度
   4          创建时间：2019/7/14
   5          修改时间：2019/XX/XX
   6          作者：李诗琪
   7          *********************************************************************************************************/
   8          
   9          #include "includes.h"
  10          
  11          uint Temperature[3]={1,1,1};//前两位为整数部分，后一位为小数部分
  12          uint Humidity[2]={1,1};//传回的湿度数据只有整数部分
  13          uchar Data_Receive[5];
  14          
  15          int main()
  16          {
  17   1              P3M0=0X00; //0000,0000 端口3模式寄存器0
  18   1              P3M1=0X00;
  19   1              sys_init();
  20   1              
  21   1              while(1)
  22   1              {
  23   2                      DHT_Collect();//DHT11数据采集
  24   2                      //YLED=1;RLED=0;//灯状态转换
  25   2                      OLED_Display();//OLED显示函数
  26   2              //      RLED=1;YLED=0;//灯状态转换
  27   2                      Delay_1s();
  28   2                      Delay_1s();//注意：长时间的延时必须要有，不然会读出0
  29   2              }
  30   1      }
  31          


MODULE INFORMATION:   STATIC OVERLAYABLE
   CODE SIZE        =     22    ----
   CONSTANT SIZE    =   ----    ----
   XDATA SIZE       =   ----    ----
   PDATA SIZE       =   ----    ----
   DATA SIZE        =     15    ----
   IDATA SIZE       =   ----    ----
   BIT SIZE         =   ----    ----
END OF MODULE INFORMATION.


C51 COMPILATION COMPLETE.  0 WARNING(S),  0 ERROR(S)
