C51 COMPILER V9.00   I2C                                                                   07/06/2019 20:23:16 PAGE 1   


C51 COMPILER V9.00, COMPILATION OF MODULE I2C
OBJECT MODULE PLACED IN i2c.obj
COMPILER INVOKED BY: D:\单片机\C51\BIN\C51.EXE i2c\i2c.c BROWSE DEBUG OBJECTEXTEND PRINT(.\i2c.lst) OBJECT(i2c.obj)

line level    source

   1          /*********************************************************************************************************
   2          *名称：i2c.c
   3          *功能：IO口模拟I2C通信
   4          创建时间：2019/7/5
   5          修改时间：2019/XX/XX
   6          作者：XXX
   7          **********************************************************************************************************
             -/
   8          
   9          #include "i2c.h"
  10          
  11          /*******************************************************************************
  12          * 函 数 名         : IIC_Start
  13          * 函数功能                 : i2c开始信号
  14          *******************************************************************************/
  15          
  16          void IIC_Start()
  17          {
  18   1              SCL = high;
  19   1              SDA = high;
  20   1              SDA = low;
  21   1              SCL = low;
  22   1      }
  23          
  24          /*******************************************************************************
  25          * 函 数 名         : IIC_Stop
  26          * 函数功能                 : i2c终止信号
  27          *******************************************************************************/
  28          
  29          void IIC_Stop()
  30          {
  31   1              SCL = low;
  32   1              SDA = low;
  33   1              SCL = high;
  34   1              SDA = high;
  35   1      }
  36          
  37          
  38          /*******************************************************************************
  39          * 函 数 名         : Write_IIC_Byte
  40          * 函数功能                 : 通过I2C总线写一个字节
  41          *******************************************************************************/
  42          
  43          void Write_IIC_Byte(U8 IIC_Byte)
  44          {
  45   1              U8 i;
  46   1      
  47   1              for(i=0;i<8;i++)
  48   1              {
  49   2                      if(IIC_Byte & 0x80)
  50   2                              SDA=high;
  51   2                      else
  52   2                              SDA=low;
  53   2      
  54   2                      SCL=high;
C51 COMPILER V9.00   I2C                                                                   07/06/2019 20:23:16 PAGE 2   

  55   2      
  56   2                      SCL=low;
  57   2      
  58   2                      IIC_Byte<<=1;
  59   2              }
  60   1              SDA=1;
  61   1              SCL=1;
  62   1              SCL=0;
  63   1      }
  64          
  65          
  66          
  67          
  68          
  69          
  70          
  71          


MODULE INFORMATION:   STATIC OVERLAYABLE
   CODE SIZE        =     49    ----
   CONSTANT SIZE    =   ----    ----
   XDATA SIZE       =   ----    ----
   PDATA SIZE       =   ----    ----
   DATA SIZE        =   ----    ----
   IDATA SIZE       =   ----    ----
   BIT SIZE         =   ----    ----
END OF MODULE INFORMATION.


C51 COMPILATION COMPLETE.  0 WARNING(S),  0 ERROR(S)
