C51 COMPILER V9.00   MAIN                                                                  07/14/2019 10:08:51 PAGE 1   


C51 COMPILER V9.00, COMPILATION OF MODULE MAIN
OBJECT MODULE PLACED IN .\Objects\main.obj
COMPILER INVOKED BY: D:\单片机\C51\BIN\C51.EXE main.c BROWSE DEBUG OBJECTEXTEND PRINT(.\Listings\main.lst) OBJECT(.\Obje
                    -cts\main.obj)

line level    source

   1          /*********************************************************************************************************
   2          *名称：OLED显示屏
   3          *功能：在屏幕中显示
   4          创建时间：2019/7/5
   5          修改时间：2019/XX/XX
   6          作者：李诗琪
   7          *********************************************************************************************************/
   8          
   9          #include "includes.h"
  10          
  11          int mian()
  12          {
  13   1              OLED_Init();    //OLED初始化
  14   1      
  15   1              while(1);
  16   1      }


MODULE INFORMATION:   STATIC OVERLAYABLE
   CODE SIZE        =      5    ----
   CONSTANT SIZE    =   ----    ----
   XDATA SIZE       =   ----    ----
   PDATA SIZE       =   ----    ----
   DATA SIZE        =   ----    ----
   IDATA SIZE       =   ----    ----
   BIT SIZE         =   ----    ----
END OF MODULE INFORMATION.


C51 COMPILATION COMPLETE.  0 WARNING(S),  0 ERROR(S)
