C51 COMPILER V9.01   MAIN                                                                  07/05/2019 13:51:48 PAGE 1   


C51 COMPILER V9.01, COMPILATION OF MODULE MAIN
OBJECT MODULE PLACED IN main.OBJ
COMPILER INVOKED BY: C:\Keil\C51\BIN\C51.EXE main.c BROWSE DEBUG OBJECTEXTEND

line level    source

   1          /*********************************************************************************************************
   2          ** 分别用两个按键触发中断，分别点亮LED和让蜂鸣器发声
   3          创建时间：2019/7/5
   4          修改时间：2019/7/5
   5          作者：黄剑桥
   6          *********************************************************************************************************/
   7          #include "includes.h"
   8          void main()
   9          {       
  10   1      
  11   1        Int0Init();
  12   1      
  13   1      }


MODULE INFORMATION:   STATIC OVERLAYABLE
   CODE SIZE        =      3    ----
   CONSTANT SIZE    =   ----    ----
   XDATA SIZE       =   ----    ----
   PDATA SIZE       =   ----    ----
   DATA SIZE        =   ----    ----
   IDATA SIZE       =   ----    ----
   BIT SIZE         =   ----    ----
END OF MODULE INFORMATION.


C51 COMPILATION COMPLETE.  0 WARNING(S),  0 ERROR(S)
