C51 COMPILER V9.01   MAIN                                                                  07/09/2019 14:26:36 PAGE 1   


C51 COMPILER V9.01, COMPILATION OF MODULE MAIN
OBJECT MODULE PLACED IN main.OBJ
COMPILER INVOKED BY: D:\cx\C51\BIN\C51.EXE main.c BROWSE DEBUG OBJECTEXTEND

line level    source

   1          /*********************************************************************************************************
   2          *名称：万年历
   3          *功能：万年历主程序
   4          创建时间：2019/7/8
   5          修改时间：2019/7/8
   6          作者：黄彦钊
   7          *********************************************************************************************************/
   8          
   9          #include <includes.h>           
  10          /*******************************************************************************
  11          * 函 数 名         : main
  12          * 函数功能                 : 主函数初始化
  13          *******************************************************************************/
  14          void main()
  15          {
  16   1              main_init();
  17   1              while(1)
  18   1              {               
  19   2                      Time_Fun();
  20   2              }
  21   1      }


MODULE INFORMATION:   STATIC OVERLAYABLE
   CODE SIZE        =      8    ----
   CONSTANT SIZE    =   ----    ----
   XDATA SIZE       =   ----    ----
   PDATA SIZE       =   ----    ----
   DATA SIZE        =   ----    ----
   IDATA SIZE       =   ----    ----
   BIT SIZE         =   ----    ----
END OF MODULE INFORMATION.


C51 COMPILATION COMPLETE.  0 WARNING(S),  0 ERROR(S)
