C51 COMPILER V9.01   OLED                                                                  07/09/2019 14:26:37 PAGE 1   


C51 COMPILER V9.01, COMPILATION OF MODULE OLED
OBJECT MODULE PLACED IN oled.obj
COMPILER INVOKED BY: D:\cx\C51\BIN\C51.EXE oled\oled.c BROWSE DEBUG OBJECTEXTEND PRINT(.\oled.lst) OBJECT(oled.obj)

line level    source

   1          /*********************************************************************************************************
   2          *名称：oled.c
   3          *功能：oled模块包括的函数
   4          创建时间：2019/XX/XX
   5          修改时间：2019/6/5
   6          作者：XXX
   7          *********************************************************************************************************/
   8          #include <STC12C5A.H>
   9          #include <intrins.h>
  10          #include "oled.h"           
  11          
  12          sbit oled_SCL=P0^4;                                                              //串行时钟
  13          sbit oled_SDA=P0^3;                                                              //串行数据
  14          
  15          //OLED12864点阵数组
  16          uchar code F16x16[]=
  17          {
  18          0x00,0x00,0x00,0x00,0x00,0x00,0x00,0x00,0x00,0x00,0x00,0x00,0x00,0x00,0x00,0x00,
  19          0x00,0x00,0x00,0x00,0x00,0x00,0x00,0x00,0x00,0x00,0x00,0x00,0x00,0x00,0x00,0x00,//"不显示",0
  20                                                                                                                                                                                  
  21          0x80,0x80,0x80,0x80,0x80,0x80,0x80,0x80,0x80,0x80,0x80,0x80,0x80,0x80,0x80,0x00,
  22          0x00,0x00,0x00,0x00,0x00,0x00,0x00,0x00,0x00,0x00,0x00,0x00,0x00,0x00,0x00,0x00,//"一",1
  23                  
  24          0x00,0x00,0x08,0x08,0x08,0x08,0x08,0x08,0x08,0x08,0x08,0x08,0x08,0x00,0x00,0x00,
  25          0x10,0x10,0x10,0x10,0x10,0x10,0x10,0x10,0x10,0x10,0x10,0x10,0x10,0x10,0x10,0x00,//"二",2
  26                  
  27          0x00,0x04,0x84,0x84,0x84,0x84,0x84,0x84,0x84,0x84,0x84,0x84,0x84,0x04,0x00,0x00,
  28          0x20,0x20,0x20,0x20,0x20,0x20,0x20,0x20,0x20,0x20,0x20,0x20,0x20,0x20,0x20,0x00,//"三",3
  29          
  30          0x00,0xFC,0x04,0x04,0x04,0xFC,0x04,0x04,0x04,0xFC,0x04,0x04,0x04,0xFC,0x00,0x00,
  31          0x00,0x7F,0x28,0x24,0x23,0x20,0x20,0x20,0x20,0x21,0x22,0x22,0x22,0x7F,0x00,0x00,//"四",4
  32          
  33          0x00,0x02,0x42,0x42,0x42,0xC2,0x7E,0x42,0x42,0x42,0x42,0xC2,0x02,0x02,0x00,0x00,
  34          0x40,0x40,0x40,0x40,0x78,0x47,0x40,0x40,0x40,0x40,0x40,0x7F,0x40,0x40,0x40,0x00,//"五",5
  35          
  36          0x20,0x20,0x20,0x20,0x20,0x20,0x21,0x22,0x2C,0x20,0x20,0x20,0x20,0x20,0x20,0x00,
  37          0x00,0x40,0x20,0x10,0x0C,0x03,0x00,0x00,0x00,0x01,0x02,0x04,0x18,0x60,0x00,0x00,//"六",6
  38          
  39          0x00,0x00,0x00,0xFE,0x82,0x82,0x82,0x82,0x82,0x82,0x82,0xFE,0x00,0x00,0x00,0x00,
  40          0x00,0x00,0x00,0xFF,0x40,0x40,0x40,0x40,0x40,0x40,0x40,0xFF,0x00,0x00,0x00,0x00,//"日",7
  41                  
  42          0x00,0x00,0x00,0xBE,0x2A,0x2A,0x2A,0xEA,0x2A,0x2A,0x2A,0x3E,0x00,0x00,0x00,0x00,
  43          0x00,0x44,0x42,0x49,0x49,0x49,0x49,0x7F,0x49,0x49,0x49,0x49,0x41,0x40,0x00,0x00,//"星",8
  44          
  45          0x00,0x04,0xFF,0x24,0x24,0x24,0xFF,0x04,0x00,0xFE,0x22,0x22,0x22,0xFE,0x00,0x00,
  46          0x88,0x48,0x2F,0x09,0x09,0x19,0xAF,0x48,0x30,0x0F,0x02,0x42,0x82,0x7F,0x00,0x00,//"期",9
  47          
  48          0x00,0x02,0x05,0xE2,0x18,0x04,0x02,0x02,0x02,0x02,0x02,0x02,0x04,0x1E,0x00,0x00,
  49          0x00,0x00,0x00,0x07,0x18,0x20,0x40,0x40,0x40,0x40,0x40,0x40,0x20,0x18,0x00,0x00,//"℃",10
  50          
  51          0x00,0x00,0x00,0xFE,0x42,0x42,0x42,0x42,0x42,0x42,0x42,0xFE,0x00,0x00,0x00,0x00,
  52          0x00,0x00,0x00,0x3F,0x10,0x10,0x10,0x10,0x10,0x10,0x10,0x3F,0x00,0x00,0x00,0x00,//日,11
  53          
  54          0x00,0xFC,0x44,0x44,0x44,0xFC,0x10,0x90,0x10,0x10,0x10,0xFF,0x10,0x10,0x10,0x00,
  55          0x00,0x07,0x04,0x04,0x04,0x07,0x00,0x00,0x03,0x40,0x80,0x7F,0x00,0x00,0x00,0x00,//时,12
C51 COMPILER V9.01   OLED                                                                  07/09/2019 14:26:37 PAGE 2   

  56          
  57          0x00,0x00,0x00,0xC0,0x70,0x20,0x00,0xFF,0x00,0x10,0x20,0xC0,0x80,0x00,0x00,0x00,
  58          0x04,0x02,0x01,0x00,0x00,0x40,0x80,0x7F,0x00,0x00,0x00,0x00,0x01,0x07,0x02,0x00,//小,13
  59          
  60          0x40,0x41,0xCE,0x04,0x00,0x80,0x40,0xBE,0x82,0x82,0x82,0xBE,0xC0,0x40,0x40,0x00,
  61          0x00,0x00,0x7F,0x20,0x90,0x80,0x40,0x43,0x2C,0x10,0x10,0x2C,0x43,0xC0,0x40,0x00,//设,14
  62          
  63          0x00,0x20,0x2F,0xA9,0xA9,0xAF,0xE9,0xB9,0xA9,0xAF,0xA9,0xA9,0x2F,0x20,0x00,0x00,
  64          0x80,0x80,0x80,0xFF,0xAA,0xAA,0xAA,0xAA,0xAA,0xAA,0xAA,0xFF,0x80,0x80,0x80,0x00,//置,15
  65          
  66          0x40,0x20,0x10,0x0C,0xE3,0x22,0x22,0x22,0xFE,0x22,0x22,0x22,0x22,0x02,0x00,0x00,
  67          0x04,0x04,0x04,0x04,0x07,0x04,0x04,0x04,0xFF,0x04,0x04,0x04,0x04,0x04,0x04,0x00,//年,16
  68          
  69          0x00,0x00,0x00,0x00,0x00,0xFF,0x11,0x11,0x11,0x11,0x11,0xFF,0x00,0x00,0x00,0x00,
  70          0x00,0x40,0x20,0x10,0x0C,0x03,0x01,0x01,0x01,0x21,0x41,0x3F,0x00,0x00,0x00,0x00,//月,17
  71          
  72          0x80,0x40,0xE0,0x98,0x47,0xA2,0x98,0x87,0x82,0x80,0x87,0x89,0xB0,0x60,0x20,0x00,
  73          0x00,0x00,0x7F,0x00,0x40,0x40,0x20,0x18,0x07,0x00,0x20,0x60,0x3F,0x00,0x00,0x00,//份,18
  74          
  75          0x80,0x40,0x20,0x98,0x87,0x82,0x80,0x80,0x83,0x84,0x98,0x30,0x60,0xC0,0x40,0x00,
  76          0x00,0x80,0x40,0x20,0x10,0x0F,0x00,0x00,0x20,0x40,0x3F,0x00,0x00,0x00,0x00,0x00,//分,19
  77          
  78          0x40,0x30,0x2C,0xEB,0x28,0x28,0x00,0xF8,0x08,0x08,0xFF,0x08,0x08,0xF8,0x00,0x00,
  79          0x01,0x01,0x01,0xFF,0x41,0x21,0x00,0x01,0x01,0x01,0xFF,0x01,0x01,0x01,0x00,0x00,//钟,20
  80          
  81          0x12,0x12,0xD2,0xFE,0x91,0x11,0xC0,0x38,0x10,0x00,0xFF,0x00,0x08,0x10,0x60,0x00,
  82          0x04,0x03,0x00,0xFF,0x00,0x83,0x80,0x40,0x40,0x20,0x23,0x10,0x08,0x04,0x03,0x00,//秒,21
  83          
  84          0x10,0x92,0x54,0x38,0xFF,0x38,0x54,0x52,0x80,0xF0,0x1F,0x12,0x10,0xF0,0x10,0x00,
  85          0x42,0x42,0x2A,0x2E,0x13,0x1A,0x26,0x02,0x40,0x20,0x13,0x0C,0x33,0x60,0x20,0x00,//数,22
  86                                                                                                                                                                          
  87          };
  88          uchar code F8X16[]=
  89          {
  90          0x00,0xE0,0x10,0x08,0x08,0x10,0xE0,0x00,0x00,0x0F,0x10,0x20,0x20,0x10,0x0F,0x00,//0 0
  91          0x00,0x10,0x10,0xF8,0x00,0x00,0x00,0x00,0x00,0x20,0x20,0x3F,0x20,0x20,0x00,0x00,//1 1
  92          0x00,0x70,0x08,0x08,0x08,0x88,0x70,0x00,0x00,0x30,0x28,0x24,0x22,0x21,0x30,0x00,//2 2
  93          0x00,0x30,0x08,0x88,0x88,0x48,0x30,0x00,0x00,0x18,0x20,0x20,0x20,0x11,0x0E,0x00,//3 3
  94          0x00,0x00,0xC0,0x20,0x10,0xF8,0x00,0x00,0x00,0x07,0x04,0x24,0x24,0x3F,0x24,0x00,//4 4
  95          0x00,0xF8,0x08,0x88,0x88,0x08,0x08,0x00,0x00,0x19,0x21,0x20,0x20,0x11,0x0E,0x00,//5 5
  96          0x00,0xE0,0x10,0x88,0x88,0x18,0x00,0x00,0x00,0x0F,0x11,0x20,0x20,0x11,0x0E,0x00,//6 6
  97          0x00,0x38,0x08,0x08,0xC8,0x38,0x08,0x00,0x00,0x00,0x00,0x3F,0x00,0x00,0x00,0x00,//7 7
  98          0x00,0x70,0x88,0x08,0x08,0x88,0x70,0x00,0x00,0x1C,0x22,0x21,0x21,0x22,0x1C,0x00,//8 8
  99          0x00,0xE0,0x10,0x08,0x08,0x10,0xE0,0x00,0x00,0x00,0x31,0x22,0x22,0x11,0x0F,0x00,//9 9
 100          0x00,0x00,0x00,0x00,0x00,0x00,0x00,0x00,0x00,0x01,0x01,0x01,0x01,0x01,0x01,0x01,//- 10
 101          };
 102          uchar code F16X32[]=
 103          {
 104          0x00,0x00,0x00,0x00,0x00,0x80,0xC0,0x40,0x40,0x40,0xC0,0x80,0x00,0x00,0x00,0x00,
 105          0x00,0x00,0xF0,0xFE,0x0F,0x01,0x00,0x00,0x00,0x00,0x00,0x01,0x07,0xFE,0xF0,0x00,
 106          0x00,0x00,0x1F,0xFF,0xE0,0x00,0x00,0x00,0x00,0x00,0x00,0x00,0xC0,0xFF,0x1F,0x00,
 107          0x00,0x00,0x00,0x00,0x01,0x03,0x06,0x04,0x04,0x04,0x06,0x03,0x01,0x00,0x00,0x00,//0,0
 108          
 109          0x00,0x00,0x00,0x00,0x00,0x00,0x00,0x80,0xC0,0x00,0x00,0x00,0x00,0x00,0x00,0x00,
 110          0x00,0x00,0x00,0x01,0x01,0x01,0x01,0xFF,0xFF,0x00,0x00,0x00,0x00,0x00,0x00,0x00,
 111          0x00,0x00,0x00,0x00,0x00,0x00,0x00,0xFF,0xFF,0x00,0x00,0x00,0x00,0x00,0x00,0x00,
 112          0x00,0x00,0x00,0x04,0x04,0x04,0x06,0x07,0x07,0x06,0x04,0x04,0x04,0x00,0x00,0x00,//1,1
 113          
 114          0x00,0x00,0x00,0x00,0x80,0x40,0x40,0x40,0x40,0x40,0xC0,0x80,0x80,0x00,0x00,0x00,
 115          0x00,0x00,0x1E,0x19,0x00,0x00,0x00,0x00,0x00,0x00,0x00,0xC1,0x7F,0x3E,0x00,0x00,
 116          0x00,0x00,0x00,0x80,0x40,0x20,0x10,0x08,0x04,0x02,0x01,0x00,0x00,0xE0,0x00,0x00,
 117          0x00,0x00,0x07,0x06,0x06,0x06,0x06,0x06,0x06,0x06,0x06,0x06,0x07,0x01,0x00,0x00,//2,2
C51 COMPILER V9.01   OLED                                                                  07/09/2019 14:26:37 PAGE 3   

 118          
 119          0x00,0x00,0x00,0x80,0x80,0x40,0x40,0x40,0x40,0xC0,0x80,0x80,0x00,0x00,0x00,0x00,
 120          0x00,0x00,0x0F,0x0F,0x00,0x00,0x80,0x80,0x80,0xC0,0x61,0x3F,0x1E,0x00,0x00,0x00,
 121          0x00,0x00,0xE0,0xE0,0x00,0x00,0x00,0x00,0x00,0x01,0x01,0x03,0xFE,0x78,0x00,0x00,
 122          0x00,0x00,0x01,0x03,0x02,0x04,0x04,0x04,0x04,0x04,0x02,0x03,0x01,0x00,0x00,0x00,//3,3
 123          
 124          0x00,0x00,0x00,0x00,0x00,0x00,0x00,0x00,0x00,0x80,0xC0,0xC0,0x00,0x00,0x00,0x00,
 125          0x00,0x00,0x00,0x00,0x80,0x60,0x30,0x0C,0x02,0xFF,0xFF,0xFF,0x00,0x00,0x00,0x00,
 126          0x00,0x10,0x1C,0x12,0x11,0x10,0x10,0x10,0x10,0xFF,0xFF,0xFF,0x10,0x10,0x10,0x00,
 127          0x00,0x00,0x00,0x00,0x00,0x00,0x08,0x08,0x08,0x0F,0x0F,0x0F,0x08,0x08,0x08,0x00,//4,4
 128          
 129          0x00,0x00,0x00,0x00,0xC0,0xC0,0xC0,0xC0,0xC0,0xC0,0xC0,0xC0,0xC0,0xC0,0x00,0x00,
 130          0x00,0x00,0x00,0xF8,0x87,0x40,0x20,0x20,0x20,0x20,0x60,0xC0,0x80,0x00,0x00,0x00,
 131          0x00,0x00,0xE0,0x61,0x00,0x00,0x00,0x00,0x00,0x00,0x00,0x80,0xFF,0x7E,0x00,0x00,
 132          0x00,0x00,0x01,0x02,0x04,0x04,0x04,0x04,0x04,0x04,0x02,0x03,0x01,0x00,0x00,0x00,//5,5
 133          
 134          0x00,0x00,0x00,0x00,0x00,0x00,0x80,0xC0,0x40,0x40,0x40,0x40,0x80,0x00,0x00,0x00,
 135          0x00,0x00,0xE0,0xFC,0x0E,0x81,0x80,0x40,0x40,0x40,0x40,0xC0,0x83,0x03,0x00,0x00,
 136          0x00,0x00,0x3F,0xFF,0xC3,0x01,0x00,0x00,0x00,0x00,0x00,0x00,0x01,0xFF,0x7E,0x00,
 137          0x00,0x00,0x00,0x00,0x01,0x03,0x06,0x04,0x04,0x04,0x04,0x02,0x03,0x01,0x00,0x00,//6,6
 138          
 139          0x00,0x00,0x00,0xC0,0xC0,0xC0,0xC0,0xC0,0xC0,0xC0,0xC0,0xC0,0xC0,0xC0,0x00,0x00,
 140          0x00,0x00,0x0F,0x03,0x01,0x00,0x00,0x00,0x80,0x60,0x18,0x06,0x01,0x00,0x00,0x00,
 141          0x00,0x00,0x00,0x00,0x00,0x00,0xE0,0xFC,0x03,0x00,0x00,0x00,0x00,0x00,0x00,0x00,
 142          0x00,0x00,0x00,0x00,0x00,0x00,0x07,0x07,0x00,0x00,0x00,0x00,0x00,0x00,0x00,0x00,//7,7
 143          
 144          0x00,0x00,0x00,0x00,0x80,0xC0,0x40,0x40,0x40,0x40,0xC0,0x80,0x00,0x00,0x00,0x00,
 145          0x00,0x00,0x1E,0x3F,0x71,0xE0,0xC0,0x80,0x80,0x80,0x80,0x61,0x3F,0x1E,0x00,0x00,
 146          0x00,0xF8,0xFC,0x06,0x03,0x01,0x00,0x01,0x01,0x03,0x07,0x0E,0xFC,0xF8,0x00,0x00,
 147          0x00,0x00,0x01,0x03,0x02,0x04,0x04,0x04,0x04,0x04,0x02,0x03,0x01,0x00,0x00,0x00,//8,8
 148          
 149          0x00,0x00,0x00,0x80,0x80,0x40,0x40,0x40,0x40,0x40,0x80,0x00,0x00,0x00,0x00,0x00,
 150          0x00,0xFC,0xFF,0x03,0x00,0x00,0x00,0x00,0x00,0x00,0x00,0x83,0xFE,0xF8,0x00,0x00,
 151          0x00,0x00,0x81,0x83,0x06,0x04,0x04,0x04,0x04,0x02,0x83,0xF1,0x7F,0x0F,0x00,0x00,
 152          0x00,0x00,0x03,0x03,0x04,0x04,0x04,0x04,0x06,0x03,0x01,0x00,0x00,0x00,0x00,0x00,//9,9
 153          
 154          0x00,0x00,0x00,0x00,0x00,0x00,0x00,0x00,0x00,0x00,0x00,0x00,0x00,0x00,0x00,0x00,
 155          0x00,0x00,0x00,0x00,0x00,0x00,0xC0,0xE0,0xE0,0xC0,0x00,0x00,0x00,0x00,0x00,0x00,
 156          0x00,0x00,0x00,0x00,0x00,0x00,0x00,0x81,0x81,0x00,0x00,0x00,0x00,0x00,0x00,0x00,
 157          0x00,0x00,0x00,0x00,0x00,0x00,0x03,0x07,0x07,0x03,0x00,0x00,0x00,0x00,0x00,0x00,//:,10
 158          
 159          0x00,0x00,0x00,0x00,0x00,0x00,0x00,0x00,0x00,0x00,0x00,0x00,0x00,0x00,0x00,0x00,
 160          0x00,0x00,0x00,0x00,0x00,0x00,0x00,0x00,0x00,0x00,0x00,0x00,0x00,0x00,0x00,0x00,
 161          0x00,0x01,0x01,0x01,0x01,0x01,0x01,0x01,0x01,0x01,0x01,0x01,0x01,0x01,0x01,0x00,
 162          0x00,0x00,0x00,0x00,0x00,0x00,0x00,0x00,0x00,0x00,0x00,0x00,0x00,0x00,0x00,0x00,//-,11
 163          
 164          0x00,0x00,0x00,0xF8,0x10,0x10,0x10,0x10,0x10,0x10,0x10,0x10,0xF8,0x00,0x00,0x00,
 165          0x00,0x00,0x00,0xFF,0x11,0x11,0x11,0x51,0x91,0x11,0x11,0x11,0x3F,0x00,0x00,0x00,
 166          0x00,0x80,0x70,0x0E,0x05,0x04,0x04,0xFF,0x04,0x04,0x04,0x84,0x86,0x04,0x00,0x00,
 167          0x00,0x21,0x20,0x20,0x21,0x21,0x21,0x3F,0x21,0x21,0x21,0x20,0x20,0x30,0x30,0x00,//星,12
 168          
 169          0x00,0x00,0x00,0xF8,0x00,0x00,0xFC,0x08,0x80,0x00,0xF0,0x20,0x20,0xD0,0x30,0x00,
 170          0x00,0x00,0x01,0xFF,0x11,0x11,0xFF,0x01,0x00,0x00,0xFF,0x10,0x10,0xFF,0x00,0x00,
 171          0x00,0x20,0x20,0x1F,0xA1,0x21,0xAF,0x10,0x10,0xF8,0x07,0x08,0x08,0xFF,0x00,0x00,
 172          0x00,0x30,0x08,0x07,0x00,0x00,0x40,0x37,0x0C,0x03,0x00,0x10,0x30,0x7F,0x00,0x00,//期,13
 173          
 174          0x00,0x00,0x00,0x00,0x00,0x00,0x00,0x00,0x00,0x00,0x00,0x00,0x00,0x00,0x00,0x00,
 175          0x00,0x80,0x80,0x80,0x80,0x80,0x80,0x80,0x80,0x80,0x80,0x80,0x80,0x40,0x40,0x00,
 176          0x00,0x00,0x00,0x00,0x00,0x00,0x00,0x00,0x00,0x00,0x00,0x00,0x00,0x00,0x00,0x00,
 177          0x00,0x00,0x00,0x00,0x00,0x00,0x00,0x00,0x00,0x00,0x00,0x00,0x00,0x00,0x00,0x00,//一,14
 178          
 179          0x00,0x00,0x00,0x00,0x00,0x00,0x00,0x00,0x00,0x00,0x00,0x00,0x80,0x00,0x00,0x00,
C51 COMPILER V9.01   OLED                                                                  07/09/2019 14:26:37 PAGE 4   

 180          0x00,0x00,0x00,0x01,0x01,0x01,0x01,0x01,0x01,0x01,0x01,0x01,0x01,0x01,0x00,0x00,
 181          0x00,0x00,0x00,0x00,0x00,0x00,0x00,0x00,0x00,0x00,0x00,0x00,0x00,0x00,0x00,0x00,
 182          0x00,0x04,0x04,0x04,0x04,0x04,0x04,0x04,0x04,0x04,0x04,0x04,0x04,0x03,0x02,0x00,//二,15
 183          
 184          0x00,0x00,0x80,0x80,0x80,0x80,0x80,0x80,0x80,0x80,0x80,0x80,0x40,0x40,0x00,0x00,
 185          0x00,0x00,0x00,0x00,0x00,0x00,0x00,0x00,0x00,0x00,0x00,0x80,0x00,0x00,0x00,0x00,
 186          0x00,0x00,0x00,0x02,0x02,0x02,0x02,0x02,0x02,0x02,0x02,0x01,0x01,0x00,0x00,0x00,
 187          0x00,0x08,0x08,0x08,0x08,0x08,0x08,0x08,0x08,0x08,0x08,0x08,0x08,0x0C,0x0C,0x00,//三,16
 188          
 189          0x00,0x00,0xF8,0x10,0x10,0x10,0xF0,0x10,0x10,0xF0,0x10,0x10,0x10,0xF8,0x00,0x00,
 190          0x00,0x00,0xFF,0x00,0x00,0x00,0xFF,0x00,0x00,0xFF,0x00,0x00,0x00,0xFF,0x00,0x00,
 191          0x00,0x00,0xFF,0x80,0x60,0x1F,0x00,0x00,0x00,0x1F,0x30,0x30,0x30,0xFF,0x00,0x00,
 192          0x00,0x00,0x7F,0x08,0x08,0x08,0x08,0x08,0x08,0x08,0x08,0x08,0x08,0x3F,0x00,0x00,//四,17
 193          
 194          0x00,0x00,0x20,0x20,0x20,0x20,0x20,0xE0,0x20,0x20,0x20,0x20,0x30,0x30,0x00,0x00,
 195          0x00,0x00,0x00,0x80,0x80,0x80,0xF0,0x8F,0x80,0x80,0x80,0xE0,0x00,0x00,0x00,0x00,
 196          0x00,0x00,0x00,0x00,0x00,0x00,0xFF,0x00,0x00,0x00,0x00,0xFF,0x00,0x00,0x00,0x00,
 197          0x00,0x20,0x20,0x20,0x20,0x1E,0x21,0x20,0x20,0x20,0x20,0x1F,0x20,0x10,0x10,0x00,//五,18
 198          
 199          0x00,0x00,0x00,0x00,0x00,0x00,0x0C,0x70,0xE0,0x00,0x00,0x00,0x00,0x00,0x00,0x00,
 200          0x00,0x08,0x08,0x08,0x08,0x88,0x08,0x08,0x09,0x08,0x08,0x08,0x08,0x0C,0x0C,0x00,
 201          0x00,0x00,0x00,0x80,0x70,0x1F,0x01,0x00,0x00,0x01,0x06,0x38,0xE0,0x00,0x00,0x00,
 202          0x00,0x30,0x0C,0x03,0x00,0x00,0x00,0x00,0x00,0x00,0x00,0x00,0x03,0x3F,0x00,0x00,//六,19
 203          
 204          0x00,0x00,0x00,0xF8,0x10,0x10,0x10,0x10,0x10,0x10,0x10,0x10,0xF0,0x00,0x00,0x00,
 205          0x00,0x00,0x00,0xFF,0x80,0x80,0x80,0x80,0x80,0x80,0x80,0x80,0xFF,0x00,0x00,0x00,
 206          0x00,0x00,0x00,0xFF,0x00,0x00,0x00,0x00,0x00,0x00,0x00,0x00,0xFF,0x00,0x00,0x00,
 207          0x00,0x00,0x00,0x3F,0x04,0x04,0x04,0x04,0x04,0x04,0x04,0x04,0x1F,0x00,0x00,0x00,//日,20
 208          
 209          0x00,0x00,0x00,0x00,0x00,0x00,0x00,0x00,0x00,0x00,0x00,0x00,0x00,0x00,0x00,0x00,
 210          0x00,0x00,0x00,0x00,0x00,0x00,0x00,0x00,0x00,0x00,0x00,0x00,0x00,0x00,0x00,0x00,
 211          0x00,0x00,0x00,0x00,0x00,0x00,0x00,0x00,0x00,0x00,0x00,0x00,0x00,0x00,0x00,0x00,
 212          0x00,0x00,0x00,0x00,0x00,0x00,0x00,0x00,0x00,0x00,0x00,0x00,0x00,0x00,0x00,0x00,//不显示,21
 213          };
 214          /*******************************************************************************
 215          * 函 数 名         : oled_IIC_Start
 216          * 函数功能                 : 开始
 217          *******************************************************************************/
 218           void oled_IIC_Start()
 219          {
 220   1         oled_SCL = 1;                
 221   1         oled_SDA = 1;
 222   1         oled_SDA = 0;
 223   1         oled_SCL = 0;
 224   1      }                                                                  
 225          /*******************************************************************************
 226          * 函 数 名         : oled_IIC_Stop
 227          * 函数功能                 : 停止
 228          *******************************************************************************/
 229          void oled_IIC_Stop()
 230          {
 231   1         oled_SCL = 0;
 232   1         oled_SDA = 0;
 233   1         oled_SCL = 1;
 234   1         oled_SDA = 1;
 235   1      }       
 236          /*******************************************************************************
 237          * 函 数 名         : oled_Write_IIC_Byte
 238          * 函数功能                 : 写字节
 239          *******************************************************************************/
 240          void oled_Write_IIC_Byte(uchar IIC_Byte)
 241          {
C51 COMPILER V9.01   OLED                                                                  07/09/2019 14:26:37 PAGE 5   

 242   1              uchar i;
 243   1              for(i=0;i<8;i++)
 244   1              {
 245   2                      if(IIC_Byte & 0x80)
 246   2                              oled_SDA=1;
 247   2                      else
 248   2                      oled_SDA=0;
 249   2                      oled_SCL=1;
 250   2                      oled_SCL=0;
 251   2                      IIC_Byte<<=1;
 252   2              }
 253   1              oled_SDA=1;
 254   1              oled_SCL=1;
 255   1              oled_SCL=0;
 256   1      }                          
 257          /*******************************************************************************
 258          * 函 数 名         : OLED_12864_Write_data(
 259          * 函数功能                 : 写入数
 260          *******************************************************************************/
 261          void OLED_12864_Write_data(uint dat)
 262          {
 263   1              oled_IIC_Start();
 264   1              oled_Write_IIC_Byte(0x78);
 265   1              oled_Write_IIC_Byte(0x40);
 266   1              oled_Write_IIC_Byte(dat);
 267   1              oled_IIC_Stop();
 268   1      } 
 269          /*******************************************************************************
 270          * 函 数 名         : OLED_12864_Write_commomand(
 271          * 函数功能                 : 写入命令
 272          *******************************************************************************/
 273          void OLED_12864_Write_commomand(uint dat)
 274          {
 275   1              oled_IIC_Start();
 276   1              oled_Write_IIC_Byte(0x78);
 277   1              oled_Write_IIC_Byte(0x00);
 278   1              oled_Write_IIC_Byte(dat);
 279   1              oled_IIC_Stop();
 280   1      } 
 281          /*******************************************************************************
 282          * 函 数 名         : OLED_SetPos
 283          * 函数功能                 : 设置起始坐标 
 284          *******************************************************************************/
 285          void OLED_SetPos(uchar x, uchar y)
 286          { 
 287   1              OLED_12864_Write_commomand(0xb0+y);
 288   1              OLED_12864_Write_commomand(((x&0xf0)>>4)|0x10);
 289   1              OLED_12864_Write_commomand((x&0x0f)|0x01);
 290   1      }  
 291          /*******************************************************************************
 292          * 函 数 名         : OLED_Fill
 293          * 函数功能                 : 屏幕填充 
 294          *******************************************************************************/
 295          void OLED_Fill(uchar bmp_dat)//
 296          {
 297   1              uchar y,x;
 298   1              for(y=0;y<8;y++)
 299   1              {
 300   2                      OLED_12864_Write_commomand(0xb0+y);
 301   2                      OLED_12864_Write_commomand(0x01);
 302   2                      OLED_12864_Write_commomand(0x10);
 303   2                      for(x=0;x<128;x++)
C51 COMPILER V9.01   OLED                                                                  07/09/2019 14:26:37 PAGE 6   

 304   2                      OLED_12864_Write_data(bmp_dat);
 305   2              }
 306   1      } 
 307                   
 308          /*******************************************************************************
 309          * 函 数 名         : OLED_8x16Str
 310          * 函数功能                 : 显示8*16的坐标(x,y),y为页范围0～7
 311          *******************************************************************************/
 312          void OLED_8x16Str(uchar x, uchar y, uchar ch)
 313          {
 314   1              uchar i=0;
 315   1              if(x>120)
 316   1              {
 317   2                      x=0;y++;
 318   2              }
 319   1      
 320   1              OLED_SetPos(x,y);
 321   1              for(i=0;i<8;i++)
 322   1              {
 323   2                      OLED_12864_Write_data(F8X16[ch*16+i]);
 324   2              }
 325   1      
 326   1              OLED_SetPos(x,y+1);
 327   1              for(i=0;i<8;i++)
 328   1              {
 329   2                      OLED_12864_Write_data(F8X16[ch*16+i+8]);
 330   2              }
 331   1      }       
 332          /*******************************************************************************
 333          * 函 数 名         : OLED_16x16CN
 334          * 函数功能                 : 显示16*16的坐标(x,y)
 335          *******************************************************************************/
 336          void OLED_16x16CN(uchar x,uchar y,uchar N)
 337          {
 338   1              uchar i=0;
 339   1              uint adder=32*N;
 340   1      
 341   1              OLED_SetPos(x,y);
 342   1              for(i=0;i<16;i++)
 343   1              {
 344   2                      OLED_12864_Write_data(F16x16[adder]);
 345   2                      adder+=1;
 346   2              }
 347   1      
 348   1              OLED_SetPos(x,y+1);
 349   1              for(i=0;i<16;i++)
 350   1              {
 351   2                      OLED_12864_Write_data(F16x16[adder]);
 352   2                      adder+=1;
 353   2              }
 354   1      }  
 355          /*******************************************************************************
 356          * 函 数 名         : oled_IIC_Stop
 357          * 函数功能                 : 显示16*32的坐标(x,y)
 358          *******************************************************************************/
 359          void OLED_16x32(uchar x, uchar y, uchar ch)
 360          {
 361   1              uchar i=0;
 362   1              if(x>120)
 363   1              {
 364   2                      x=0;y++;
 365   2              }
C51 COMPILER V9.01   OLED                                                                  07/09/2019 14:26:37 PAGE 7   

 366   1      
 367   1              OLED_SetPos(x,y);
 368   1              for(i=0;i<16;i++)
 369   1              {
 370   2                      OLED_12864_Write_data(F16X32[ch*64+i]);
 371   2              }
 372   1      
 373   1              OLED_SetPos(x,y+1);
 374   1              for(i=0;i<16;i++)
 375   1              {
 376   2                      OLED_12864_Write_data(F16X32[ch*64+i+16]);
 377   2              }
 378   1              OLED_SetPos(x,y+2);
 379   1              for(i=0;i<16;i++)
 380   1              {
 381   2                      OLED_12864_Write_data(F16X32[ch*64+i+32]);
 382   2              }
 383   1              OLED_SetPos(x,y+3);
 384   1              for(i=0;i<16;i++)
 385   1              {
 386   2                      OLED_12864_Write_data(F16X32[ch*64+i+48]);
 387   2              }
 388   1      }
 389          


MODULE INFORMATION:   STATIC OVERLAYABLE
   CODE SIZE        =    532    ----
   CONSTANT SIZE    =   2320    ----
   XDATA SIZE       =   ----    ----
   PDATA SIZE       =   ----    ----
   DATA SIZE        =   ----       4
   IDATA SIZE       =   ----    ----
   BIT SIZE         =   ----    ----
END OF MODULE INFORMATION.


C51 COMPILATION COMPLETE.  0 WARNING(S),  0 ERROR(S)
