C51 COMPILER V9.00   LED                                                                   08/30/2019 18:01:34 PAGE 1   


C51 COMPILER V9.00, COMPILATION OF MODULE LED
OBJECT MODULE PLACED IN .\Objects\led.obj
COMPILER INVOKED BY: F:\workApp\Keil_v5\C51\BIN\C51.EXE led\led.c BROWSE DEBUG OBJECTEXTEND PRINT(.\Listings\led.lst) OB
                    -JECT(.\Objects\led.obj)

line level    source

   1          /*********************************************************************************************************
   2          *名称：led.c
   3          *功能：led灯对应的函数
   4          创建时间：2019/7/4
   5          修改时间：2019/7/4
   6          作者：黄彦钊
   7          *********************************************************************************************************/
   8          #include "led.h"                                                                                         
   9          #include "config.h"
  10          #include "delay/delay.h"                                                                                                                
  11          sbit LED1=P4^0;      //位定义，将stc12中的定义为LED
  12          sbit LED2=P4^1;           //每一个IO口都要进行定义
  13          sbit LED3=P4^4; 
  14                                                  
  15          /*******************************************************************************
  16          * 函 数 名         : run
  17          * 函数功能                 : 启动函数
  18                                                   每过50ms，led变化一次
  19          *******************************************************************************/ 
  20          void run()
  21          {
  22   1               P4SW=0xbb;     //定义P4IO口
  23   1           LED1=0;LED2=0;LED3=0;delay_ms(50);   //根据真值表点亮第1个LED       
  24   1           LED1=0;LED2=0;LED3=1;delay_ms(50);   //根据真值表点亮第2个LED       
  25   1           LED1=0;LED2=1;LED3=0;delay_ms(50);   //根据真值表点亮第3个LED       
  26   1           LED1=0;LED2=1;LED3=1;delay_ms(50);   //根据真值表点亮第4个LED       
  27   1           LED1=1;LED2=0;LED3=0;delay_ms(50);   //根据真值表点亮第5个LED       
  28   1           LED1=1;LED2=0;LED3=1;delay_ms(50);   //根据真值表点亮第6个LED       
  29   1           LED1=1;LED2=1;LED3=0;delay_ms(50);   //根据真值表点亮第7个LED       
  30   1           LED1=1;LED2=1;LED3=1;delay_ms(50);   //根据真值表点亮第8个LED       
  31   1      }


MODULE INFORMATION:   STATIC OVERLAYABLE
   CODE SIZE        =    107    ----
   CONSTANT SIZE    =   ----    ----
   XDATA SIZE       =   ----    ----
   PDATA SIZE       =   ----    ----
   DATA SIZE        =   ----    ----
   IDATA SIZE       =   ----    ----
   BIT SIZE         =   ----    ----
END OF MODULE INFORMATION.


C51 COMPILATION COMPLETE.  0 WARNING(S),  0 ERROR(S)
