C51 COMPILER V9.00   MAIN                                                                  08/30/2019 18:01:34 PAGE 1   


C51 COMPILER V9.00, COMPILATION OF MODULE MAIN
OBJECT MODULE PLACED IN .\Objects\main.obj
COMPILER INVOKED BY: F:\workApp\Keil_v5\C51\BIN\C51.EXE main.c BROWSE DEBUG OBJECTEXTEND PRINT(.\Listings\main.lst) OBJE
                    -CT(.\Objects\main.obj)

line level    source

   1          /*********************************************************************************************************
   2          *名称：main.c
   3          *功能：led流水灯
   4          创建时间：2019/7/8
   5          修改时间：2019/7/11
   6          作者：黄彦钊
   7          *********************************************************************************************************/
             -        
   8          
   9          #include "includes.h"  
  10          /*******************************************************************************
  11          * 函 数 名         : main
  12          * 函数功能                 : 主函数
  13          *******************************************************************************/ 
  14          void main()
  15          {
  16   1              while(1)
  17   1              {
  18   2                run();
  19   2              }       
  20   1      }


MODULE INFORMATION:   STATIC OVERLAYABLE
   CODE SIZE        =      5    ----
   CONSTANT SIZE    =   ----    ----
   XDATA SIZE       =   ----    ----
   PDATA SIZE       =   ----    ----
   DATA SIZE        =   ----    ----
   IDATA SIZE       =   ----    ----
   BIT SIZE         =   ----    ----
END OF MODULE INFORMATION.


C51 COMPILATION COMPLETE.  0 WARNING(S),  0 ERROR(S)
