C51 COMPILER V9.00   MAIN                                                                  07/14/2019 16:46:35 PAGE 1   


C51 COMPILER V9.00, COMPILATION OF MODULE MAIN
OBJECT MODULE PLACED IN .\Objects\main.obj
COMPILER INVOKED BY: F:\workApp\Keil_v5\C51\BIN\C51.EXE main.c BROWSE DEBUG OBJECTEXTEND PRINT(.\Listings\main.lst) OBJE
                    -CT(.\Objects\main.obj)

line level    source

   1          /*********************************************************************************************************
   2          *名称：spi-无线模块
   3          *功能：无线发送数据
   4          创建时间：2019/7/8
   5          修改时间：2019/7/8
   6          作者：黄彦钊
   7          *********************************************************************************************************/
   8          
   9          #include "includes.h"
  10          
  11          void main()
  12          {
  13   1              run();
  14   1      }


MODULE INFORMATION:   STATIC OVERLAYABLE
   CODE SIZE        =      3    ----
   CONSTANT SIZE    =   ----    ----
   XDATA SIZE       =   ----    ----
   PDATA SIZE       =   ----    ----
   DATA SIZE        =   ----    ----
   IDATA SIZE       =   ----    ----
   BIT SIZE         =   ----    ----
END OF MODULE INFORMATION.


C51 COMPILATION COMPLETE.  0 WARNING(S),  0 ERROR(S)
