C51 COMPILER V9.00   UART                                                                  07/14/2019 16:46:35 PAGE 1   


C51 COMPILER V9.00, COMPILATION OF MODULE UART
OBJECT MODULE PLACED IN .\Objects\UART.obj
COMPILER INVOKED BY: F:\workApp\Keil_v5\C51\BIN\C51.EXE UART\UART.c BROWSE DEBUG OBJECTEXTEND PRINT(.\Listings\UART.lst)
                    - OBJECT(.\Objects\UART.obj)

line level    source

   1          /*********************************************************************************************************
   2          *名称：UART_Init.c
   3          *功能：串口初始化
   4          创建时间：2019/7/5
   5          修改时间：2019/XX/XX
   6          作者：XXX
   7          *********************************************************************************************************/
   8          
   9          #include "UART.h"
  10          
  11          void UART_Init()  
  12          {  
  13   1          TMOD=0x20;      //设置计数器1的工作方式2
  14   1              TH1=0xfd;                       //设置计数器1的初值，决定波特率
  15   1              TL1=0xfd;                       //设置计数器1的初值，决定波特率
  16   1              PCON=0x00;      // 波特率倍增0x00不加倍  0x80加倍
  17   1              SCON=0x50;              //设置工作方式1 开启接受允许
  18   1              EA=1;               //开启总中断
  19   1              ES=1;                   //开启串口接受中断
  20   1              TR1=1;                  //计数器1开始运行
  21   1      }                               
  22          /*******************************************************************************
  23          * 函 数 名         : UART_Send_Byte
  24          * 函数功能                 : 发送一位数据
  25          *******************************************************************************/
  26          void UART_Send_Byte(uchar byte)
  27          {
  28   1              SBUF=byte;                      //缓冲区装载要发送的字节数据
  29   1              while(TI==0);           //等待发送完毕，TI标志位会置1
  30   1              TI=0;                           //清零发送完成标志位
  31   1      }                                                
  32          
  33          void UART_Interrupt()
  34          {
  35   1              uchar date;
  36   1      
  37   1              date=SBUF;        //取出接受到的数据
  38   1              RI=0;                     //清除接受中断标志位
  39   1              SBUF=date;                //接收到的数据放入发送缓存器发送
  40   1              while(!TI);        //等待发送数据完成
  41   1              TI=0;                           //清除发送完成标志位
  42   1      
  43   1      }


MODULE INFORMATION:   STATIC OVERLAYABLE
   CODE SIZE        =     42    ----
   CONSTANT SIZE    =   ----    ----
   XDATA SIZE       =   ----    ----
   PDATA SIZE       =   ----    ----
   DATA SIZE        =   ----    ----
   IDATA SIZE       =   ----    ----
   BIT SIZE         =   ----    ----
END OF MODULE INFORMATION.

C51 COMPILER V9.00   UART                                                                  07/14/2019 16:46:35 PAGE 2   


C51 COMPILATION COMPLETE.  0 WARNING(S),  0 ERROR(S)
