C51 COMPILER V9.00   DISPLAY                                                               07/15/2019 09:14:35 PAGE 1   


C51 COMPILER V9.00, COMPILATION OF MODULE DISPLAY
OBJECT MODULE PLACED IN .\Objects\display.obj
COMPILER INVOKED BY: D:\单片机\C51\BIN\C51.EXE display\display.c BROWSE DEBUG OBJECTEXTEND PRINT(.\Listings\display.lst)
                    - OBJECT(.\Objects\display.obj)

line level    source

   1          /*********************************************************************************************************
   2          *名称：display.c
   3          *功能：不同光显示的函数
   4          创建时间：2019/7/6
   5          修改时间：2019/XX/XX
   6          作者：XXX
   7          **********************************************************************************************************
             -/
   8          
   9          #include "display.h"
  10          
  11          U16 N = 100;    //      定义每个灯亮的时间、单位为毫秒、修改此值可以改变速度 
  12          
  13          /*******************************************************************************
  14          * 函 数 名         : Display1
  15          * 函数功能                 : 各种颜色灯单个点亮左右流动
  16          *******************************************************************************/
  17          void Display1()
  18          {
  19   1              U8 i;
  20   1      
  21   1              RR=0;GG=1;BB=1;//红灯亮
  22   1          for(i=0;i<8;i++)
  23   1              { //低位向高位流动  
  24   2              P3 = ~(1<<i);
  25   2              Delay_ms(N); 
  26   2          }                
  27   1          for(i=0;i<8;i++)
  28   1              {//高位向低位流动   
  29   2              P3 = ~(1<<7-i);
  30   2              Delay_ms(N); 
  31   2          }                
  32   1          RR=1;GG=0;BB=1;//绿灯亮
  33   1          for(i=0;i<8;i++)
  34   1              { //低位向高位流动  
  35   2              P3 = ~(1<<i);
  36   2              Delay_ms(N); 
  37   2          }                
  38   1          for(i=0;i<8;i++)
  39   1              {//高位向低位流动   
  40   2              P3 = ~(1<<7-i);
  41   2              Delay_ms(N); 
  42   2          }
  43   1          RR=1;GG=1;BB=0;//蓝灯点亮
  44   1          for(i=0;i<8;i++)
  45   1              {   
  46   2              P3 = ~(1<<i);
  47   2              Delay_ms(N); 
  48   2          }                
  49   1          for(i=0;i<8;i++)
  50   1              {   
  51   2              P3 = ~(1<<7-i);
  52   2              Delay_ms(N); 
  53   2          }
C51 COMPILER V9.00   DISPLAY                                                               07/15/2019 09:14:35 PAGE 2   

  54   1          RR=0;GG=0;BB=1;//红绿灯亮（黄色光）
  55   1          for(i=0;i<8;i++)
  56   1              {   
  57   2              P3 = ~(1<<i);
  58   2              Delay_ms(N); 
  59   2          }                
  60   1          for(i=0;i<8;i++)
  61   1              {   
  62   2              P3 = ~(1<<7-i);
  63   2              Delay_ms(N); 
  64   2          }                
  65   1          RR=0;GG=1;BB=0;//红蓝灯亮（粉红光）
  66   1          for(i=0;i<8;i++)
  67   1              {   
  68   2              P3 = ~(1<<i);
  69   2              Delay_ms(N); 
  70   2          }                
  71   1          for(i=0;i<8;i++)
  72   1              {   
  73   2              P3 = ~(1<<7-i);
  74   2              Delay_ms(N); 
  75   2          }
  76   1          RR=1;GG=0;BB=0;//蓝绿灯亮（青色光）
  77   1          for(i=0;i<8;i++)
  78   1              {   
  79   2              P3 = ~(1<<i);
  80   2              Delay_ms(N); 
  81   2          }                
  82   1          for(i=0;i<8;i++)
  83   1              {   
  84   2              P3 = ~(1<<7-i);
  85   2              Delay_ms(N); 
  86   2          }
  87   1          RR=0;GG=0;BB=0;//红蓝绿灯亮（白色光）
  88   1          for(i=0;i<8;i++)
  89   1              {   
  90   2              P3 = ~(1<<i);
  91   2              Delay_ms(N); 
  92   2          }                
  93   1          for(i=0;i<8;i++)
  94   1              {   
  95   2              P3 = ~(1<<7-i);
  96   2              Delay_ms(N); 
  97   2          }            
  98   1      }
  99          
 100          
 101          /*******************************************************************************
 102          * 函 数 名         : Display2
 103          * 函数功能                 : 各种颜色灯逐个点亮左右流动
 104          *******************************************************************************/
 105          void Display2()
 106          {
 107   1              U8 i;
 108   1      
 109   1              RR=0;GG=1;BB=1;//红灯亮
 110   1          for(i=0;i<8;i++)
 111   1              {   
 112   2              P3 = 0xfe<<i;
 113   2              Delay_ms(N); 
 114   2          }
 115   1          for(i=0;i<8;i++)
C51 COMPILER V9.00   DISPLAY                                                               07/15/2019 09:14:35 PAGE 3   

 116   1              {   
 117   2              P3 = 0x7f>>i;
 118   2              Delay_ms(N); 
 119   2          }
 120   1          RR=1;GG=0;BB=1;//绿灯亮
 121   1          for(i=0;i<8;i++)
 122   1              {   
 123   2              P3 = 0xfe<<i;
 124   2              Delay_ms(N); 
 125   2          }
 126   1          for(i=0;i<8;i++)
 127   1              {   
 128   2              P3 = 0x7f>>i;
 129   2              Delay_ms(N); 
 130   2          }
 131   1          RR=1;GG=1;BB=0;//蓝灯点亮
 132   1          for(i=0;i<8;i++)
 133   1              {   
 134   2              P3 = 0xfe<<i;
 135   2              Delay_ms(N); 
 136   2          }
 137   1          for(i=0;i<8;i++) 
 138   1              {   
 139   2              P3 = 0x7f>>i;
 140   2              Delay_ms(N); 
 141   2          }
 142   1          RR=0;GG=0;BB=1;//红绿灯亮
 143   1          for(i=0;i<8;i++)
 144   1              {   
 145   2              P3 = 0xfe<<i;
 146   2              Delay_ms(N); 
 147   2          }
 148   1          for(i=0;i<8;i++)
 149   1              {   
 150   2              P3 = 0x7f>>i;
 151   2              Delay_ms(N); 
 152   2          }
 153   1          RR=0;GG=1;BB=0;//红蓝灯亮
 154   1          for(i=0;i<8;i++)
 155   1              {   
 156   2              P3 = 0xfe<<i;
 157   2              Delay_ms(N); 
 158   2          }
 159   1          for(i=0;i<8;i++) 
 160   1              {   
 161   2              P3 = 0x7f>>i;
 162   2              Delay_ms(N); 
 163   2          }
 164   1          RR=1;GG=0;BB=0;//蓝绿灯亮
 165   1          for(i=0;i<8;i++)
 166   1              {   
 167   2              P3 = 0xfe<<i;
 168   2              Delay_ms(N); 
 169   2          }
 170   1          for(i=0;i<8;i++)
 171   1              {   
 172   2              P3 = 0x7f>>i;
 173   2              Delay_ms(N); 
 174   2          }
 175   1          RR=0;GG=0;BB=0;//红蓝绿灯亮
 176   1          for(i=0;i<8;i++)
 177   1              {   
C51 COMPILER V9.00   DISPLAY                                                               07/15/2019 09:14:35 PAGE 4   

 178   2              P3 = 0xfe<<i;
 179   2              Delay_ms(N); 
 180   2          }
 181   1          for(i=0;i<8;i++)
 182   1              {   
 183   2              P3 = 0x7f>>i;
 184   2              Delay_ms(N); 
 185   2          }
 186   1      }
 187          
 188          
 189          /*******************************************************************************
 190          * 函 数 名         : Display3
 191          * 函数功能                 : 各种颜色灯全部点亮一个熄灭的灯左右流动
 192          *******************************************************************************/
 193          void Display3()
 194          {
 195   1              U8 i;
 196   1      
 197   1              RR=0;GG=1;BB=1;//红灯亮
 198   1          for(i=0;i<8;i++)
 199   1              {   
 200   2              P3 = 1<<i;
 201   2              Delay_ms(N); 
 202   2              }
 203   1                      
 204   1          for(i=0;i<8;i++)
 205   1              {   
 206   2              P3 = 0x80>>i;
 207   2              Delay_ms(N); 
 208   2          }
 209   1          RR=1;GG=0;BB=1;//绿灯亮
 210   1          for(i=0;i<8;i++)
 211   1              {   
 212   2              P3 = 1<<i;
 213   2              Delay_ms(N); 
 214   2          }
 215   1                      
 216   1          for(i=0;i<8;i++)
 217   1              {   
 218   2              P3 = 0x80>>i;
 219   2              Delay_ms(N); 
 220   2          }
 221   1          RR=1;GG=1;BB=0;//蓝灯点亮
 222   1          for(i=0;i<8;i++)
 223   1              {   
 224   2              P3 = 1<<i;
 225   2              Delay_ms(N); 
 226   2          }
 227   1                      
 228   1          for(i=0;i<8;i++)
 229   1              {   
 230   2              P3 = 0x80>>i;
 231   2              Delay_ms(N); 
 232   2              }
 233   1          RR=0;GG=0;BB=1;//红绿灯亮
 234   1          for(i=0;i<8;i++)
 235   1              {   
 236   2              P3 = 1<<i;
 237   2              Delay_ms(N); 
 238   2          }
 239   1                      
C51 COMPILER V9.00   DISPLAY                                                               07/15/2019 09:14:35 PAGE 5   

 240   1              for(i=0;i<8;i++)
 241   1              {   
 242   2              P3 = 0x80>>i;
 243   2              Delay_ms(N); 
 244   2          }
 245   1          RR=0;GG=1;BB=0;//红蓝灯亮
 246   1          for(i=0;i<8;i++)
 247   1              {   
 248   2              P3 = 1<<i;
 249   2              Delay_ms(N); 
 250   2          }
 251   1                      
 252   1          for(i=0;i<8;i++) 
 253   1              {   
 254   2              P3 = 0x80>>i;
 255   2              Delay_ms(N); 
 256   2              }                        
 257   1                      
 258   1          RR=1;GG=0;BB=0;//蓝绿灯亮
 259   1          for(i=0;i<8;i++)
 260   1              {   
 261   2              P3 = 1<<i;
 262   2              Delay_ms(N); 
 263   2          }
 264   1                      
 265   1          for(i=0;i<8;i++)
 266   1              {   
 267   2              P3 = 0x80>>i;
 268   2              Delay_ms(N); 
 269   2          }
 270   1          RR=0;GG=0;BB=0;//红蓝绿灯亮
 271   1          for(i=0;i<8;i++)
 272   1              {   
 273   2              P3 = 1<<i;
 274   2              Delay_ms(N); 
 275   2          }
 276   1                      
 277   1          for(i=0;i<8;i++) 
 278   1              {   
 279   2              P3 = 0x80>>i;
 280   2              Delay_ms(N); 
 281   2              }                                                                                                     
             -                                                                                                                        
             -                                                                                           
 282   1                                     
 283   1      
 284   1      }


MODULE INFORMATION:   STATIC OVERLAYABLE
   CODE SIZE        =   1599    ----
   CONSTANT SIZE    =   ----    ----
   XDATA SIZE       =   ----    ----
   PDATA SIZE       =   ----    ----
   DATA SIZE        =      2       3
   IDATA SIZE       =   ----    ----
   BIT SIZE         =   ----    ----
END OF MODULE INFORMATION.


C51 COMPILATION COMPLETE.  0 WARNING(S),  0 ERROR(S)
