C51 COMPILER V9.01   MAIN                                                                  07/05/2019 11:43:20 PAGE 1   


C51 COMPILER V9.01, COMPILATION OF MODULE MAIN
OBJECT MODULE PLACED IN main.OBJ
COMPILER INVOKED BY: C:\Keil\C51\BIN\C51.EXE main.c DEBUG OBJECTEXTEND

line level    source

   1          /*****************************************************************************
   2          *Ãû³Æ£º³¬Éù²¨²â¾à
   3          *ÐÞ¸ÄÊ±¼ä£º2019/7/5
   4          ***************************************************************************/
   5          #include "includes.h"
   6          void main()
   7          {
   8   1              
   9   1          Initiali();
  10   1      }


MODULE INFORMATION:   STATIC OVERLAYABLE
   CODE SIZE        =      3    ----
   CONSTANT SIZE    =   ----    ----
   XDATA SIZE       =   ----    ----
   PDATA SIZE       =   ----    ----
   DATA SIZE        =   ----    ----
   IDATA SIZE       =   ----    ----
   BIT SIZE         =   ----    ----
END OF MODULE INFORMATION.


C51 COMPILATION COMPLETE.  0 WARNING(S),  0 ERROR(S)
