C51 COMPILER V9.01   SMGDISPLAY                                                            07/05/2019 11:43:21 PAGE 1   


C51 COMPILER V9.01, COMPILATION OF MODULE SMGDISPLAY
OBJECT MODULE PLACED IN smgdisplay.obj
COMPILER INVOKED BY: C:\Keil\C51\BIN\C51.EXE smgdisplay\smgdisplay.c DEBUG OBJECTEXTEND PRINT(.\smgdisplay.lst) OBJECT(s
                    -mgdisplay.obj)

line level    source

   1          /*********************************************************************************************************
   2          *名称：smgdisplay.c
   3          *功能：数码管显示所用到的函数
   4          创建时间：2019/7/5
   5          修改时间：2019/7/5
   6          作者：黄剑桥
   7          *********************************************************************************************************/
   8          
   9          #include "smgdisplay.h"
  10          
  11          U8 code DuanMa[]={0xC0,0xF9,0xA4,0xB0,0x99,0x92,0x82,0xF8,0x80,0x90,0x8C,0xBF,0xC6,0xA1,0x86,0xFF,0xbf};
  12          U8 code WeiMa[]={0x01,0x02,0x04,0x08,0x10,0x20,0x40,0x80};
  13          U8 shuju[10]={1,2,3,4,5,6,7,8,9};
  14          U8 disbuff[4]      ={ 0,0,0,0,};
  15          /**************************************************************************
  16          * 函数名称： Display
  17          * 参数：         JNdata
  18          * 功能：     向hc595传送一个字节
  19          ******************************************************************************/
  20                     
  21          void DisplayData (U8 JNdata)
  22          {
  23   1          U16 i;
  24   1              for(i=0;i<8;i++)
  25   1              {
  26   2          if (JNdata&0x80) DIO=1;
  27   2               else DIO=0;                    //先读入高位   x&0x80;                          
  28   2              SCLK=0;
  29   2              SCLK=1; //SCLK引脚的上升沿移入数据
  30   2              JNdata<<=1;             //数据向左移一位
  31   2              }  
  32   1      }
  33           /**************************************************************************
  34          * 函数名称： DisplayAddr
  35          * 参数：         j  显示的数据
  36          * 功能：     在指定的位置显示指定的数据（指定的位置需要在这个函数控制）
  37          ******************************************************************************/
  38          void DisplayAddr(U16 j,U8 i)
  39          {
  40   1          U8 sum;
  41   1              U8 code *Data;//查表指针
  42   1              Data = DuanMa+shuju[j];
  43   1              sum=*Data;
  44   1              DisplayData(sum);                                          //sum就是显示的值
  45   1              DisplayData(WeiMa[i]);                          //0x02即点亮第二个数码管
  46   1              RCLK=0;
  47   1              RCLK=1;                                                  //RCLK引脚更新数据                                       
  48   1              Delay_us(100);
  49   1              
  50   1      
  51   1      }
  52          
  53          void CsbDisplay()
  54          {
C51 COMPILER V9.01   SMGDISPLAY                                                            07/05/2019 11:43:21 PAGE 2   

  55   1         U8 i,j;
  56   1          for(i=0;i<2;i++)
  57   1          {
  58   2           switch(i)
  59   2          {
  60   3                      case(0):
  61   3                                      DisplayAddr(disbuff[0],3); break;//显示第0位
  62   3                      case(1):
  63   3                                      DisplayAddr(disbuff[1],2); break;//显示第1位
  64   3                      
  65   3                              
  66   3                 j=10;
  67   3                 while(j--);  
  68   3          }
  69   2          }
  70   1      }


MODULE INFORMATION:   STATIC OVERLAYABLE
   CODE SIZE        =    113    ----
   CONSTANT SIZE    =     25    ----
   XDATA SIZE       =   ----    ----
   PDATA SIZE       =   ----    ----
   DATA SIZE        =     14       2
   IDATA SIZE       =   ----    ----
   BIT SIZE         =   ----    ----
END OF MODULE INFORMATION.


C51 COMPILATION COMPLETE.  0 WARNING(S),  0 ERROR(S)
