C51 COMPILER V9.00   DELAY                                                                 07/10/2019 19:48:37 PAGE 1   


C51 COMPILER V9.00, COMPILATION OF MODULE DELAY
OBJECT MODULE PLACED IN delay.obj
COMPILER INVOKED BY: D:\单片机\C51\BIN\C51.EXE delay\delay.c BROWSE DEBUG OBJECTEXTEND PRINT(.\delay.lst) OBJECT(delay.o
                    -bj)

line level    source

   1          /*********************************************************************************************************
   2          *名称：delay.c
   3          *功能：延时所用到的函数 
   4          创建时间：2019/7/10
   5          修改时间：2019/XX/XX
   6          作者：XXX
   7          *********************************************************************************************************/
   8          
   9          #include "delay.h"
  10          
  11          /*******************************************************************************
  12          * 函 数 名         : Delay_ms
  13          * 函数功能                 : 延时函数，1ms延时
  14          *******************************************************************************/
  15          
  16          void Delay_ms(U16 z)
  17          {
  18   1              U16 x,y;
  19   1      
  20   1              for(x=z;x>0;x--)
  21   1      
  22   1                      for(y=110;y>0;y--);
  23   1      }
  24          
  25          


MODULE INFORMATION:   STATIC OVERLAYABLE
   CODE SIZE        =     30    ----
   CONSTANT SIZE    =   ----    ----
   XDATA SIZE       =   ----    ----
   PDATA SIZE       =   ----    ----
   DATA SIZE        =   ----    ----
   IDATA SIZE       =   ----    ----
   BIT SIZE         =   ----    ----
END OF MODULE INFORMATION.


C51 COMPILATION COMPLETE.  0 WARNING(S),  0 ERROR(S)
