C51 COMPILER V9.00   SPI_SET                                                               07/10/2019 19:48:37 PAGE 1   


C51 COMPILER V9.00, COMPILATION OF MODULE SPI_SET
OBJECT MODULE PLACED IN spi_set.obj
COMPILER INVOKED BY: D:\单片机\C51\BIN\C51.EXE spi_set\spi_set.c BROWSE DEBUG OBJECTEXTEND PRINT(.\spi_set.lst) OBJECT(s
                    -pi_set.obj)

line level    source

   1          /*********************************************************************************************************
   2          *名称：spi_set.c
   3          *功能： 发送以及接收数据
   4          创建时间：2019/7/10
   5          修改时间：2019/XX/XX
   6          作者：XXX
   7          *********************************************************************************************************/
   8          
   9          #include "spi_set.h"
  10          
  11          
  12          /*******************************************************************************
  13          * 函 数 名         : spi_init
  14          * 函数功能                 : spi初始化
  15          *******************************************************************************/
  16          
  17          void spi_init(void)
  18          {
  19   1              SPCTL = (SSIG << 7) + (SPEN << 6) + (DORD << 5) + (MSTR << 4) + (CPOL << 3) + (CPHA << 2) + SPEED_16;
  20   1      }
  21          
  22          /*******************************************************************************
  23          * 函 数 名         :uart_init
  24          * 函数功能                 : 串口初始化
  25          *******************************************************************************/
  26          
  27          void uart_init(void)
  28          {
  29   1              PCON |= 0x80;           
  30   1              SCON = 0x50;    
  31   1              TMOD &= ~(1<<6);                //设置为定时器1
  32   1              TMOD = (TMOD & ~0x30) | 0x20;   
  33   1              TH1 = T1_TimerReload;   
  34   1              TR1  = 1;
  35   1              ES  = 1;
  36   1              EA = 1;
  37   1      }
  38          
  39          
  40          
  41          
  42          
  43          
  44          
  45          
  46          
  47          
  48          
  49          


MODULE INFORMATION:   STATIC OVERLAYABLE
   CODE SIZE        =     31    ----
   CONSTANT SIZE    =   ----    ----
C51 COMPILER V9.00   SPI_SET                                                               07/10/2019 19:48:37 PAGE 2   

   XDATA SIZE       =   ----    ----
   PDATA SIZE       =   ----    ----
   DATA SIZE        =   ----    ----
   IDATA SIZE       =   ----    ----
   BIT SIZE         =   ----    ----
END OF MODULE INFORMATION.


C51 COMPILATION COMPLETE.  0 WARNING(S),  0 ERROR(S)
