C51 COMPILER V9.00   MAIN                                                                  07/05/2019 20:46:24 PAGE 1   


C51 COMPILER V9.00, COMPILATION OF MODULE MAIN
OBJECT MODULE PLACED IN main.OBJ
COMPILER INVOKED BY: D:\单片机\C51\BIN\C51.EXE main.c BROWSE DEBUG OBJECTEXTEND

line level    source

   1          /*********************************************************************************************************
   2          *名称：i2c协议
   3          *功能：用i2c协议实现EEPROM芯片的通信 
   4          创建时间：2019/7/5
   5          修改时间：2019/XX/XX
   6          作者：XXX
   7          *********************************************************************************************************/
   8          
   9          #include "includes.h"
  10          
  11          int main()
  12          {
  13   1              I2C_Init();     //I2C初始化
  14   1              if(!I2C_TransmitData(255,0xf0));        //往AT24C02第255个单元中写入数据0xf0
  15   1              {
  16   2                      P1 = 0;
  17   2              }
  18   1              _nop_();        //延时5us
  19   1      
  20   1              P1 = I2C_ReceiveData(255);      //从AT24C02第255个单元中读取数据
  21   1      
  22   1              while(1);
  23   1      }


MODULE INFORMATION:   STATIC OVERLAYABLE
   CODE SIZE        =     25    ----
   CONSTANT SIZE    =   ----    ----
   XDATA SIZE       =   ----    ----
   PDATA SIZE       =   ----    ----
   DATA SIZE        =   ----    ----
   IDATA SIZE       =   ----    ----
   BIT SIZE         =   ----    ----
END OF MODULE INFORMATION.


C51 COMPILATION COMPLETE.  0 WARNING(S),  0 ERROR(S)
