C51 COMPILER V9.01   MAIN                                                                  07/09/2019 15:13:06 PAGE 1   


C51 COMPILER V9.01, COMPILATION OF MODULE MAIN
OBJECT MODULE PLACED IN .\Objects\main.obj
COMPILER INVOKED BY: D:\cx\C51\BIN\C51.EXE main.c BROWSE DEBUG OBJECTEXTEND PRINT(.\Listings\main.lst) OBJECT(.\Objects\
                    -main.obj)

line level    source

   1          /*********************************************************************************************************
   2          *名称：蓝牙模块
   3          *功能：单片机与手机通过蓝牙发送与接收字符
   4          创建时间：2019/7/5
   5          修改时间：2019/XX/XX
   6          作者：黄彦钊
   7          *********************************************************************************************************/
   8          
   9          #include "includes.h" 
  10          /*******************************************************************************
  11          * 函 数 名         : main
  12          * 函数功能                 : 主函数
  13          *******************************************************************************/
  14          void main()
  15          {
  16   1               BlueteethInit();         
  17   1               while(1)
  18   1               {  
  19   2                    ;
  20   2               }              
  21   1      }


MODULE INFORMATION:   STATIC OVERLAYABLE
   CODE SIZE        =      5    ----
   CONSTANT SIZE    =   ----    ----
   XDATA SIZE       =   ----    ----
   PDATA SIZE       =   ----    ----
   DATA SIZE        =   ----    ----
   IDATA SIZE       =   ----    ----
   BIT SIZE         =   ----    ----
END OF MODULE INFORMATION.


C51 COMPILATION COMPLETE.  0 WARNING(S),  0 ERROR(S)
