C51 COMPILER V9.01   DIANLIANGLED                                                          07/05/2019 11:09:42 PAGE 1   


C51 COMPILER V9.01, COMPILATION OF MODULE DIANLIANGLED
OBJECT MODULE PLACED IN DianliangLED.OBJ
COMPILER INVOKED BY: C:\Keil\C51\BIN\C51.EXE DianliangLED.c BROWSE DEBUG OBJECTEXTEND

line level    source

   1          /*********************************************************************************************************
   2          *名称：DianLiangLED.c
   3          *功能：点亮LED对应的函数
   4          创建时间：2019/7/4
   5          修改时间：2019/7/4
   6          作者：黄剑桥
   7          *********************************************************************************************************/
   8          #include "DianLiangLED.h"
   9          
  10          void Dian_Liang_LED()
  11          {
  12   1         
  13   1               P4SW=0xbb;     //定义P4IO口
  14   1           LED1=0;
  15   1               LED2=0;  //根据真值表点亮第一个LED
  16   1               LED3=0;
  17   1      
  18   1          
  19   1      }


MODULE INFORMATION:   STATIC OVERLAYABLE
   CODE SIZE        =     10    ----
   CONSTANT SIZE    =   ----    ----
   XDATA SIZE       =   ----    ----
   PDATA SIZE       =   ----    ----
   DATA SIZE        =   ----    ----
   IDATA SIZE       =   ----    ----
   BIT SIZE         =   ----    ----
END OF MODULE INFORMATION.


C51 COMPILATION COMPLETE.  0 WARNING(S),  0 ERROR(S)
