C51 COMPILER V9.01   MAIN                                                                  07/05/2019 11:09:42 PAGE 1   


C51 COMPILER V9.01, COMPILATION OF MODULE MAIN
OBJECT MODULE PLACED IN main.OBJ
COMPILER INVOKED BY: C:\Keil\C51\BIN\C51.EXE main.c BROWSE DEBUG OBJECTEXTEND

line level    source

   1          /*********************************************************************************************************
   2          *名称：点亮第一个LED
   3          创建时间：2019/7/4
   4          修改时间：2019/7/4
   5          作者：黄剑桥
   6          *********************************************************************************************************/
   7          
   8          #include "includes.h"
   9          void main()
  10          {
  11   1      while(1)
  12   1      {
  13   2        Dian_Liang_LED();
  14   2      }       
  15   1      }


MODULE INFORMATION:   STATIC OVERLAYABLE
   CODE SIZE        =      5    ----
   CONSTANT SIZE    =   ----    ----
   XDATA SIZE       =   ----    ----
   PDATA SIZE       =   ----    ----
   DATA SIZE        =   ----    ----
   IDATA SIZE       =   ----    ----
   BIT SIZE         =   ----    ----
END OF MODULE INFORMATION.


C51 COMPILATION COMPLETE.  0 WARNING(S),  0 ERROR(S)
