C51 COMPILER V9.00   LED                                                                   08/30/2019 17:21:23 PAGE 1   


C51 COMPILER V9.00, COMPILATION OF MODULE LED
OBJECT MODULE PLACED IN .\Objects\led.obj
COMPILER INVOKED BY: F:\workApp\Keil_v5\C51\BIN\C51.EXE led\led.c BROWSE DEBUG OBJECTEXTEND PRINT(.\Listings\led.lst) OB
                    -JECT(.\Objects\led.obj)

line level    source

   1          /*********************************************************************************************************
   2          *名称：led.c
   3          *功能：点亮LED对应的函数
   4          创建时间：2019/7/4
   5          修改时间：2019/7/4
   6          作者：黄彦钊
   7          *********************************************************************************************************/
   8          #include "led.h"   
   9          sbit LED1=P4^0;      //位定义，将stc12中的定义为LED
  10          sbit LED2=P4^1;           //每一个IO口都要进行定义
  11          sbit LED3=P4^4;          
  12                                    
  13          /*******************************************************************************
  14          * 函 数 名         : led1
  15          * 函数功能                 : 根据真值表点亮第1个LED
  16          *******************************************************************************/ 
  17          void led1()
  18          {
  19   1           LED1=0;
  20   1               LED2=0;  
  21   1               LED3=0;
  22   1      }               
  23          /*******************************************************************************
  24          * 函 数 名         : led2
  25          * 函数功能                 : 根据真值表点亮第1，2个LED
  26          *******************************************************************************/ 
  27          void led2()
  28          {
  29   1           LED1=0;
  30   1               LED2=1; 
  31   1               LED3=1;
  32   1      }       
  33          /*******************************************************************************
  34          * 函 数 名         : led3
  35          * 函数功能                 : 根据真值表点亮第1，3个LED
  36          *******************************************************************************/ 
  37          void led3()
  38          {
  39   1           LED1=1;
  40   1               LED2=0; 
  41   1               LED3=1;
  42   1      }


MODULE INFORMATION:   STATIC OVERLAYABLE
   CODE SIZE        =     21    ----
   CONSTANT SIZE    =   ----    ----
   XDATA SIZE       =   ----    ----
   PDATA SIZE       =   ----    ----
   DATA SIZE        =   ----    ----
   IDATA SIZE       =   ----    ----
   BIT SIZE         =   ----    ----
END OF MODULE INFORMATION.


C51 COMPILATION COMPLETE.  0 WARNING(S),  0 ERROR(S)
