Added Pin To Net: NetName=SR04_ECHO Pin=P2-1
Added Pin To Net: NetName=SR04_TRIG Pin=P2-2
Added Pin To Net: NetName=T1 Pin=P2-3
Added Pin To Net: NetName=T0 Pin=P2-4
Added Pin To Net: NetName=INT1 Pin=P2-5
Added Pin To Net: NetName=INT0 Pin=P2-6
Added Pin To Net: NetName=24L01_SCK Pin=P2-9
Added Pin To Net: NetName=24L01_MOSI Pin=P2-10
Added Pin To Net: NetName=24L01_MISO Pin=P2-11
Added Pin To Net: NetName=24L01_IRQ Pin=P2-12
Added Pin To Net: NetName=24L01_CE Pin=P2-13
Added Pin To Net: NetName=24L01_CSN Pin=P2-14
Added Pin To Net: NetName=DO Pin=P2-15
Added Pin To Net: NetName=AO Pin=P2-16
Added Pin To Net: NetName=DHT11_DATA Pin=P3-1
Added Pin To Net: NetName=ULN2003_IN5 Pin=P3-4
Added Pin To Net: NetName=ULN2003_IN4 Pin=P3-5
Added Pin To Net: NetName=ULN2003_IN3 Pin=P3-6
Added Pin To Net: NetName=ULN2003_IN2 Pin=P3-7
Added Pin To Net: NetName=ULN2003_IN1 Pin=P3-8
Added Pin To Net: NetName=LED_B Pin=P3-9
Added Pin To Net: NetName=LED_R Pin=P3-10
Added Pin To Net: NetName=LED_G Pin=P3-11
Added Pin To Net: NetName=OLED_SCL Pin=P3-12
Added Pin To Net: NetName=OLED_SDA Pin=P3-13
Added Pin To Net: NetName=74HC595_SER Pin=P3-14
Added Pin To Net: NetName=74HC595_SRCLK Pin=P3-15
Added Pin To Net: NetName=74HC595_RCLK Pin=P3-16
Added Pin To Net: NetName=NetP3_2 Pin=P4-2
Added Pin To Net: NetName=NetP3_3 Pin=P4-3
Added Pin To Net: NetName=DS3231_SCL Pin=P12-1
Added Pin To Net: NetName=DS3231_SDA Pin=P12-2
Added Pin To Net: NetName=NetK4_2 Pin=P12-6
Added Pin To Net: NetName=NetK5_2 Pin=P12-7
Added Pin To Net: NetName=NetK6_2 Pin=P12-8
Added Pin To Net: NetName=NetP12_3 Pin=P13-3
Added Pin To Net: NetName=NetP12_4 Pin=P13-4
Added Pin To Net: NetName=NetP12_5 Pin=P13-5
Added Pin To Net: NetName=AO Pin=U6-3
Added Pin To Net: NetName=DO Pin=U6-4
Added Pin To Net: NetName=24L01_CSN Pin=U6-5
Added Pin To Net: NetName=24L01_CE Pin=U6-6
Added Pin To Net: NetName=24L01_IRQ Pin=U6-7
Added Pin To Net: NetName=24L01_MISO Pin=U6-8
Added Pin To Net: NetName=24L01_MOSI Pin=U6-9
Added Pin To Net: NetName=24L01_SCK Pin=U6-10
Added Pin To Net: NetName=INT0 Pin=U6-13
Added Pin To Net: NetName=INT1 Pin=U6-14
Added Pin To Net: NetName=T0 Pin=U6-15
Added Pin To Net: NetName=T1 Pin=U6-16
Added Pin To Net: NetName=SR04_TRIG Pin=U6-17
Added Pin To Net: NetName=SR04_ECHO Pin=U6-18
Added Pin To Net: NetName=DS3231_SCL Pin=U6-19
Added Pin To Net: NetName=DS3231_SDA Pin=U6-20
Added Pin To Net: NetName=NetK4_2 Pin=U6-24
Added Pin To Net: NetName=NetK5_2 Pin=U6-25
Added Pin To Net: NetName=NetK6_2 Pin=U6-26
Added Pin To Net: NetName=DHT11_DATA Pin=U6-27
Added Pin To Net: NetName=ULN2003_IN5 Pin=U6-30
Added Pin To Net: NetName=ULN2003_IN4 Pin=U6-31
Added Pin To Net: NetName=ULN2003_IN3 Pin=U6-32
Added Pin To Net: NetName=ULN2003_IN2 Pin=U6-33
Added Pin To Net: NetName=ULN2003_IN1 Pin=U6-34
Added Pin To Net: NetName=LED_B Pin=U6-35
Added Pin To Net: NetName=LED_R Pin=U6-36
Added Pin To Net: NetName=LED_G Pin=U6-37
Added Pin To Net: NetName=OLED_SCL Pin=U6-38
Added Pin To Net: NetName=OLED_SDA Pin=U6-39
Added Pin To Net: NetName=74HC595_SER Pin=U6-40
Added Pin To Net: NetName=74HC595_SRCLK Pin=U6-41
Added Pin To Net: NetName=74HC595_RCLK Pin=U6-42
Added Pin To Net: NetName=NetP12_5 Pin=U11-1
Added Pin To Net: NetName=NetP12_4 Pin=U11-2
Added Pin To Net: NetName=NetP12_3 Pin=U11-3
Added Pin To Net: NetName=NetP1_7 Pin=P1-7
Added Pin To Net: NetName=NetP1_7 Pin=P2-7
Added Pin To Net: NetName=NetP1_7 Pin=U6-12
Added Net: Name=NetP1_7
Added Pin To Net: NetName=NetP1_8 Pin=P1-8
Added Pin To Net: NetName=NetP1_8 Pin=P2-8
Added Pin To Net: NetName=NetP1_8 Pin=U6-11
Added Net: Name=NetP1_8
Added Member To Class: ClassName=STC12C5A60S2µ×°å Member=Component  R20
Added Member To Class: ClassName=STC12C5A60S2µ×°å Member=Component  R21
Added Room: Name=STC12C5A60S2µ×°å
