Removed Pin From Net: NetName=DS3231_SCL Pin=P12-1
Removed Pin From Net: NetName=DS3231_SDA Pin=P12-2
Removed Pin From Net: NetName=NetK4_2 Pin=P12-6
Removed Pin From Net: NetName=NetK5_2 Pin=P12-7
Removed Pin From Net: NetName=NetK6_2 Pin=P12-8
Removed Pin From Net: NetName=NetP12_3 Pin=P13-3
Removed Pin From Net: NetName=NetP12_4 Pin=P13-4
Removed Pin From Net: NetName=NetP12_5 Pin=P13-5
Removed Pin From Net: NetName=DS3231_SCL Pin=U6-19
Removed Pin From Net: NetName=DS3231_SDA Pin=U6-20
Removed Pin From Net: NetName=NetK4_2 Pin=U6-24
Removed Pin From Net: NetName=NetK5_2 Pin=U6-25
Removed Pin From Net: NetName=NetK6_2 Pin=U6-26
Removed Pin From Net: NetName=NetP12_5 Pin=U11-1
Removed Pin From Net: NetName=NetP12_4 Pin=U11-2
Removed Pin From Net: NetName=NetP12_3 Pin=U11-3
Added Pin To Net: NetName=NetP12_1 Pin=P12-1
Added Pin To Net: NetName=NetP12_1 Pin=U6-19
Added Net: Name=NetP12_1
Added Pin To Net: NetName=NetP12_2 Pin=P12-2
Added Pin To Net: NetName=NetP12_2 Pin=U6-20
Added Net: Name=NetP12_2
Added Pin To Net: NetName=NetP12_6 Pin=P12-6
Added Pin To Net: NetName=NetP12_6 Pin=U6-24
Added Net: Name=NetP12_6
Added Pin To Net: NetName=NetP12_7 Pin=P12-7
Added Pin To Net: NetName=NetP12_7 Pin=U6-25
Added Net: Name=NetP12_7
Added Pin To Net: NetName=NetP12_8 Pin=P12-8
Added Pin To Net: NetName=NetP12_8 Pin=U6-26
Added Net: Name=NetP12_8
Added Pin To Net: NetName=NetP13_3 Pin=P13-3
Added Pin To Net: NetName=NetP13_3 Pin=U11-3
Added Net: Name=NetP13_3
Added Pin To Net: NetName=NetP13_4 Pin=P13-4
Added Pin To Net: NetName=NetP13_4 Pin=U11-2
Added Net: Name=NetP13_4
Added Pin To Net: NetName=NetP13_5 Pin=P13-5
Added Pin To Net: NetName=NetP13_5 Pin=U11-1
Added Net: Name=NetP13_5
Added Member To Class: ClassName=STC12C5A60S2µ×°å Member=Component  R21
Added Room: Name=STC12C5A60S2µ×°å
