Added Component: Designator=U6(STC12_moudle)
Added Pin To Net: NetName=V- Pin=U6-1
Added Pin To Net: NetName=V- Pin=U6-1
Added Pin To Net: NetName=GND Pin=U6-2
Added Pin To Net: NetName=GND Pin=U6-2
Added Pin To Net: NetName=NetP2_16 Pin=U6-3
Added Pin To Net: NetName=NetP2_15 Pin=U6-4
Added Pin To Net: NetName=NetP2_14 Pin=U6-5
Added Pin To Net: NetName=NetP2_13 Pin=U6-6
Added Pin To Net: NetName=NetP2_12 Pin=U6-7
Added Pin To Net: NetName=NetP2_11 Pin=U6-8
Added Pin To Net: NetName=NetP2_10 Pin=U6-9
Added Pin To Net: NetName=NetP2_9 Pin=U6-10
Added Pin To Net: NetName=NetP2_8 Pin=U6-11
Added Pin To Net: NetName=NetP2_7 Pin=U6-12
Added Pin To Net: NetName=NetP2_6 Pin=U6-13
Added Pin To Net: NetName=NetP2_5 Pin=U6-14
Added Pin To Net: NetName=NetP2_4 Pin=U6-15
Added Pin To Net: NetName=NetP2_3 Pin=U6-16
Added Pin To Net: NetName=NetP2_2 Pin=U6-17
Added Pin To Net: NetName=NetP2_1 Pin=U6-18
Added Pin To Net: NetName=NetP12_1 Pin=U6-19
Added Pin To Net: NetName=NetP12_2 Pin=U6-20
Added Pin To Net: NetName=NetP12_3 Pin=U6-21
Added Pin To Net: NetName=NetP12_4 Pin=U6-22
Added Pin To Net: NetName=NetP12_5 Pin=U6-23
Added Pin To Net: NetName=NetP12_6 Pin=U6-24
Added Pin To Net: NetName=NetP12_7 Pin=U6-25
Added Pin To Net: NetName=NetP12_8 Pin=U6-26
Added Pin To Net: NetName=NetP3_1 Pin=U6-27
Added Pin To Net: NetName=NetP3_2 Pin=U6-28
Added Pin To Net: NetName=NetP3_3 Pin=U6-29
Added Pin To Net: NetName=NetP3_4 Pin=U6-30
Added Pin To Net: NetName=NetP3_5 Pin=U6-31
Added Pin To Net: NetName=NetP3_6 Pin=U6-32
Added Pin To Net: NetName=NetP3_7 Pin=U6-33
Added Pin To Net: NetName=NetP3_8 Pin=U6-34
Added Pin To Net: NetName=NetP3_9 Pin=U6-35
Added Pin To Net: NetName=NetP3_10 Pin=U6-36
Added Pin To Net: NetName=NetP3_11 Pin=U6-37
Added Pin To Net: NetName=NetP3_12 Pin=U6-38
Added Pin To Net: NetName=NetP3_13 Pin=U6-39
Added Pin To Net: NetName=NetP3_14 Pin=U6-40
Added Pin To Net: NetName=NetP3_15 Pin=U6-41
Added Pin To Net: NetName=NetP3_16 Pin=U6-42
Added Pin To Net: NetName=5V Pin=U6-43
Added Pin To Net: NetName=5V Pin=U6-43
Added Pin To Net: NetName=VIN Pin=U6-44
Added Pin To Net: NetName=VIN Pin=U6-44
Added Member To Class: ClassName=STC12C5A60S2µ×°å Member=Component U6 socket
Added Room: Name=STC12C5A60S2µ×°å
