C51 COMPILER V9.54   MAIN                                                                  06/13/2019 14:03:53 PAGE 1   


C51 COMPILER V9.54, COMPILATION OF MODULE MAIN
OBJECT MODULE PLACED IN .\Objects\main.obj
COMPILER INVOKED BY: C:\KEIL5\C51\BIN\C51.EXE main.c OPTIMIZE(8,SPEED) BROWSE DEBUG OBJECTEXTEND PRINT(.\Listings\main.l
                    -st) OBJECT(.\Objects\main.obj)

line level    source

   1          /*********************************************************************************************************
   2          *名称：红外通信
   3          *功能：利用红外遥控在数码管上显示数值 
   4          创建时间：2019/XX/XX
   5          修改时间：2019/6/5
   6          作者：XXX
   7          *********************************************************************************************************/
   8          
   9          #include "includes.h"
  10          
  11          int main()
  12          {
  13   1              IrInit();  //红外模块初始化
  14   1              
  15   1              while(1)
  16   1              {
  17   2                      DisplayAddr(shuju[IRCOM[5]]); //显示
  18   2              }
  19   1              
  20   1              return 0;
  21   1      }
*** WARNING C294 IN LINE 20 OF main.c: unreachable code


MODULE INFORMATION:   STATIC OVERLAYABLE
   CODE SIZE        =     15    ----
   CONSTANT SIZE    =   ----    ----
   XDATA SIZE       =   ----    ----
   PDATA SIZE       =   ----    ----
   DATA SIZE        =   ----    ----
   IDATA SIZE       =   ----    ----
   BIT SIZE         =   ----    ----
END OF MODULE INFORMATION.


C51 COMPILATION COMPLETE.  1 WARNING(S),  0 ERROR(S)
