C51 COMPILER V9.00   DATE_READ                                                             07/06/2019 20:08:09 PAGE 1   


C51 COMPILER V9.00, COMPILATION OF MODULE DATE_READ
OBJECT MODULE PLACED IN date_read.obj
COMPILER INVOKED BY: D:\单片机\C51\BIN\C51.EXE data_read\date_read.c BROWSE DEBUG OBJECTEXTEND PRINT(.\date_read.lst) OB
                    -JECT(date_read.obj)

line level    source

   1          /*********************************************************************************************************
   2          *名称：date_read.c
   3          *功能：读取温湿度以及校验位数据
   4          创建时间：2019/7/6
   5          修改时间：2019/XX/XX
   6          作者：XXX
   7          **********************************************************************************************************
             -/
   8          
   9          #include "date_read.h"
  10          
  11          void  COM(void)
  12          {
  13   1           U8 i;
  14   1                
  15   1           for(i=0; i<8; i++)    
  16   1               {
  17   2                      
  18   2                      flag = 2;       
  19   2                      while((!DATA) && flag++);
  20   2                      Delay_10us();
  21   2                      Delay_10us();
  22   2                      Delay_10us();
  23   2                      temp = 0;
  24   2      
  25   2                  if( DATA ) temp = 1;
  26   2      
  27   2                      flag = 2;
  28   2                      while((DATA) && flag++);        //超时则跳出for循环
  29   2                      if(flag == 1) break; //判断数据位是0还是1
  30   2                                                       // 如果高电平高过预定0高电平值则数据位为 1 
  31   2                       comdata <<= 1;  
  32   2                       comdata |= temp;        //0
  33   2                 }
  34   1      }
  35          
  36          
  37          void RH(void)
  38          {
  39   1              //主机拉低18ms 
  40   1              DATA = low;
  41   1              Delay_ms(180);
  42   1              DATA = high;
  43   1              //总线由上拉电阻拉高 主机延时20us
  44   1              Delay_10us();
  45   1              Delay_10us();
  46   1              Delay_10us();
  47   1              Delay_10us();
  48   1              //主机设为输入 判断从机响应信号 
  49   1              DATA = high;
  50   1              //判断从机是否有低电平响应信号 如不响应则跳出，响应则向下运行     
  51   1              if( !DATA )              //T !    
  52   1              {
  53   2                      flag = 2;
C51 COMPILER V9.00   DATE_READ                                                             07/06/2019 20:08:09 PAGE 2   

  54   2               //判断从机是否发出 80us 的低电平响应信号是否结束        
  55   2                      while(( !DATA ) && flag++);
  56   2                  flag = 2;
  57   2               //判断从机是否发出 80us 的高电平，如发出则进入数据接收状态
  58   2                      while(( DATA )&& flag++);
  59   2               //数据接收状态          
  60   2                      COM();
  61   2                      RH_data_H_temp = comdata;
  62   2                      COM();
  63   2                      RH_data_L_temp = comdata;
  64   2                      COM();
  65   2                      T_data_H_temp = comdata;
  66   2                      COM();
  67   2                      T_data_L_temp = comdata;
  68   2                      COM();
  69   2                      checkdata_temp = comdata;
  70   2                      DATA = high;
  71   2      
  72   2               //数据校验 
  73   2                      temp = (T_data_H_temp + T_data_L_temp + RH_data_H_temp + RH_data_L_temp);
  74   2                      if(temp == checkdata_temp)
  75   2                      {
  76   3                              RH_data_H = RH_data_H_temp;
  77   3                              RH_data_L = RH_data_L_temp;
  78   3                              T_data_H = T_data_H_temp;
  79   3                              T_data_L = T_data_L_temp;
  80   3                              checkdata = checkdata_temp;
  81   3                      }
  82   2              }
  83   1      }


MODULE INFORMATION:   STATIC OVERLAYABLE
   CODE SIZE        =    188    ----
   CONSTANT SIZE    =   ----    ----
   XDATA SIZE       =   ----    ----
   PDATA SIZE       =   ----    ----
   DATA SIZE        =     35       1
   IDATA SIZE       =   ----    ----
   BIT SIZE         =   ----    ----
END OF MODULE INFORMATION.


C51 COMPILATION COMPLETE.  0 WARNING(S),  0 ERROR(S)
