C51 COMPILER V9.00   DELAY                                                                 07/10/2019 20:15:47 PAGE 1   


C51 COMPILER V9.00, COMPILATION OF MODULE DELAY
OBJECT MODULE PLACED IN delay.obj
COMPILER INVOKED BY: D:\单片机\C51\BIN\C51.EXE delay\delay.c BROWSE DEBUG OBJECTEXTEND PRINT(.\delay.lst) OBJECT(delay.o
                    -bj)

line level    source

   1          /*********************************************************************************************************
   2          *名称：delay.c
   3          *功能：延时
   4          创建时间：2019/7/6
   5          修改时间：2019/XX/XX
   6          作者：XXX
   7          **********************************************************************************************************
             -/
   8          
   9          #include "delay.h"
  10          
  11          /*******************************************************************************
  12          * 函 数 名         : Delay_ms
  13          * 函数功能                 : 延时函数，1Ms的延时
  14          *******************************************************************************/
  15          void Delay_ms(U16 z)
  16          {
  17   1              U16 x,y;
  18   1      
  19   1              for(x=z;x>0;x--)
  20   1      
  21   1                      for(y=110;y>0;y--);
  22   1      }
  23          
  24          
  25          /*******************************************************************************
  26          * 函 数 名         : Delay_10us
  27          * 函数功能                 : 延时函数，1us的延时
  28          *******************************************************************************/
  29          void Delay_10us(void)
  30          {
  31   1              U8 i;
  32   1              
  33   1              i--;
  34   1              i--;
  35   1              i--;
  36   1              i--;
  37   1              i--;
  38   1              i--;
  39   1      }


MODULE INFORMATION:   STATIC OVERLAYABLE
   CODE SIZE        =     43    ----
   CONSTANT SIZE    =   ----    ----
   XDATA SIZE       =   ----    ----
   PDATA SIZE       =   ----    ----
   DATA SIZE        =   ----       1
   IDATA SIZE       =   ----    ----
   BIT SIZE         =   ----    ----
END OF MODULE INFORMATION.


C51 COMPILATION COMPLETE.  0 WARNING(S),  0 ERROR(S)
