C51 COMPILER V9.00   UART                                                                  07/10/2019 20:15:47 PAGE 1   


C51 COMPILER V9.00, COMPILATION OF MODULE UART
OBJECT MODULE PLACED IN uart.obj
COMPILER INVOKED BY: D:\单片机\C51\BIN\C51.EXE uart\uart.c BROWSE DEBUG OBJECTEXTEND PRINT(.\uart.lst) OBJECT(uart.obj)

line level    source

   1          /*********************************************************************************************************
   2          *名称：uart.c
   3          *功能：串口通信
   4          创建时间：2019/7/6
   5          修改时间：2019/XX/XX
   6          作者：XXX
   7          **********************************************************************************************************
             -/
   8          
   9          #include "uart.h"
  10                                                                                                                                                                  
  11          /*******************************************************************************
  12          * 函 数 名         : UART_Init
  13          * 函数功能                 : 串口初始化
  14          *******************************************************************************/
  15          
  16          void UART_Init()
  17          {
  18   1              TMOD = 0x20;      //定时器T1使用工作方式2
  19   1              TH1 = 253;        // 设置初值
  20   1              TL1 = 253;
  21   1              TR1 = 1;          // 开始计时
  22   1              SCON = 0x50;      //工作方式1，波特率9600bps，允许接收   
  23   1              ES = 1;
  24   1              EA = 1;           // 打开所以中断   
  25   1              TI = 0;
  26   1              RI = 0; 
  27   1      }


MODULE INFORMATION:   STATIC OVERLAYABLE
   CODE SIZE        =     23    ----
   CONSTANT SIZE    =   ----    ----
   XDATA SIZE       =   ----    ----
   PDATA SIZE       =   ----    ----
   DATA SIZE        =   ----    ----
   IDATA SIZE       =   ----    ----
   BIT SIZE         =   ----    ----
END OF MODULE INFORMATION.


C51 COMPILATION COMPLETE.  0 WARNING(S),  0 ERROR(S)
