C51 COMPILER V9.00   UART_INIT                                                             07/06/2019 09:43:47 PAGE 1   


C51 COMPILER V9.00, COMPILATION OF MODULE UART_INIT
OBJECT MODULE PLACED IN UART_Init.obj
COMPILER INVOKED BY: D:\单片机\C51\BIN\C51.EXE UART_Init\UART_Init.c BROWSE DEBUG OBJECTEXTEND PRINT(.\UART_Init.lst) OB
                    -JECT(UART_Init.obj)

line level    source

   1          /*********************************************************************************************************
   2          *名称：UART_Init.c
   3          *功能：串口初始化
   4          创建时间：2019/7/5
   5          修改时间：2019/XX/XX
   6          作者：XXX
   7          *********************************************************************************************************/
   8          
   9          #include "UART_Init.h"
  10          
  11          void UART_Init()  
  12          {  
  13   1          TMOD=0x20;      //设置计数器1的工作方式2
  14   1              TH1=0xfd;                       //设置计数器1的初值，决定波特率
  15   1              TL1=0xfd;                       //设置计数器1的初值，决定波特率
  16   1              PCON=0x00;      // 波特率倍增0x00不加倍  0x80加倍
  17   1              SCON=0x50;              //设置工作方式1 开启接受允许
  18   1              EA=1;               //开启总中断
  19   1              ES=1;                   //开启串口接受中断
  20   1              TR1=1;                  //计数器1开始运行
  21   1      }  


MODULE INFORMATION:   STATIC OVERLAYABLE
   CODE SIZE        =     22    ----
   CONSTANT SIZE    =   ----    ----
   XDATA SIZE       =   ----    ----
   PDATA SIZE       =   ----    ----
   DATA SIZE        =   ----    ----
   IDATA SIZE       =   ----    ----
   BIT SIZE         =   ----    ----
END OF MODULE INFORMATION.


C51 COMPILATION COMPLETE.  0 WARNING(S),  0 ERROR(S)
