C51 COMPILER V9.00   DELAY                                                                 07/14/2019 12:07:49 PAGE 1   


C51 COMPILER V9.00, COMPILATION OF MODULE DELAY
OBJECT MODULE PLACED IN .\Objects\delay.obj
COMPILER INVOKED BY: D:\单片机\C51\BIN\C51.EXE delay\delay.c BROWSE DEBUG OBJECTEXTEND PRINT(.\Listings\delay.lst) OBJEC
                    -T(.\Objects\delay.obj)

line level    source

   1          /*********************************************************************************************************
   2          *名称：delay.c
   3          *功能：延时所用到的函数
   4          创建时间：2019/7/14
   5          修改时间：2019/XX/XX
   6          作者：XXX
   7          **********************************************************************************************************
             -/
   8          
   9          
  10          #include "delay.h"
  11          /*******************************************************************************
  12          * 函 数 名         : Delay_30us
  13          * 函数功能                 : 延时函数，30us的延时
  14          *******************************************************************************/
  15          
  16          void Delay_30us()//@12.000MHz
  17          {
  18   1              uchar i;
  19   1              i=87;
  20   1              while(--i);
  21   1      }
  22          
  23          /*******************************************************************************
  24          * 函 数 名         : Delay_20ms
  25          * 函数功能                 : 延时函数，20Ms的延时
  26          *******************************************************************************/
  27          
  28          void Delay_20ms()//@12.000MHz
  29          {
  30   1              uchar i,j,k;
  31   1              i=1;
  32   1              j=234;
  33   1              k=113;
  34   1              do
  35   1              {
  36   2                      do
  37   2                      {
  38   3                              while(--k);
  39   3                      }
  40   2                while(--j);
  41   2              }while(--i);
  42   1      }
  43          
  44          /*******************************************************************************
  45          * 函 数 名         : Delay_1s
  46          * 函数功能                 : 延时函数，1s的延时
  47          *******************************************************************************/
  48          
  49          void Delay_1s()//@12.000MHz
  50          {
  51   1              uchar i,j,k;
  52   1              i=46;
  53   1              j=153;
C51 COMPILER V9.00   DELAY                                                                 07/14/2019 12:07:49 PAGE 2   

  54   1              k=245;
  55   1              do
  56   1              {
  57   2                      do
  58   2                      {
  59   3                              while(--k);
  60   3                      }
  61   2                while(--j);
  62   2              }while(--i);
  63   1      }
  64          
  65          /*******************************************************************************
  66          * 函 数 名         : Delay_ms
  67          * 函数功能                 : 延时函数，1Ms的延时
  68          *******************************************************************************/
  69          void Delay_ms(uint z)
  70          {
  71   1              uint x,y;
  72   1      
  73   1              for(x=z;x>0;x--)
  74   1      
  75   1                      for(y=110;y>0;y--);
  76   1      }
  77          
  78          /*******************************************************************************
  79          * 函 数 名         : nop
  80          * 函数功能                 : 延时函数，当晶振为12HZ，延时2us
  81          *******************************************************************************/
  82          
  83          void nop()
  84          {
  85   1              _nop_();
  86   1              _nop_();
  87   1      }


MODULE INFORMATION:   STATIC OVERLAYABLE
   CODE SIZE        =     64    ----
   CONSTANT SIZE    =   ----    ----
   XDATA SIZE       =   ----    ----
   PDATA SIZE       =   ----    ----
   DATA SIZE        =   ----    ----
   IDATA SIZE       =   ----    ----
   BIT SIZE         =   ----    ----
END OF MODULE INFORMATION.


C51 COMPILATION COMPLETE.  0 WARNING(S),  0 ERROR(S)
