C51 COMPILER V9.00   DRIVE                                                                 07/14/2019 12:07:49 PAGE 1   


C51 COMPILER V9.00, COMPILATION OF MODULE DRIVE
OBJECT MODULE PLACED IN .\Objects\drive.obj
COMPILER INVOKED BY: D:\单片机\C51\BIN\C51.EXE drive\drive.c BROWSE DEBUG OBJECTEXTEND PRINT(.\Listings\drive.lst) OBJEC
                    -T(.\Objects\drive.obj)

line level    source

   1          /*********************************************************************************************************
   2          *名称：drive.c
   3          *功能：dht11数据采集和系统初始化
   4          创建时间：2019/7/14
   5          修改时间：2019/XX/XX
   6          作者：XXX
   7          **********************************************************************************************************
             -/
   8          
   9          #include "drive.h"
  10          
  11          extern uint Temperature[3];
  12          extern uint Humidity[2];
  13          extern uchar Data_Receive[5];
  14          
  15          sbit DHT = P2^0;
  16          
  17          /*******************************************************************************
  18          * 函 数 名         : OLED_Display
  19          * 函数功能                 : OLED显示驱动函数
  20          *******************************************************************************/
  21          
  22          void OLED_Display()
  23          {
  24   1              
  25   1              OLED_DataDisplay_T(56,4,Temperature);//在指定位置显示温度
  26   1              OLED_DataDisplay_H(56,6,Humidity);//在指定位置显示湿度
  27   1      }
  28          
  29          /*******************************************************************************
  30          * 函 数 名         : DHT_Collect
  31          * 函数功能                 : 温度采集函数
  32          *******************************************************************************/
  33          
  34          void DHT_Collect()
  35          {
  36   1              uchar i,j;//for循环变量
  37   1              uchar t;//超时判断
  38   1              uchar dat8=0;//一次读取的8位数据，需要读5次
  39   1              uint CheckValue=0;//校验和
  40   1              
  41   1              DHT=0;//主机发起始信号
  42   1              Delay_20ms();//主机拉低总线至少18ms
  43   1              DHT=1;//主机拉高总线20~40us
  44   1              Delay_30us();
  45   1              
  46   1              t=80;//设置超时等待时间
  47   1              while(DHT&&t--);//等待DHT11拉低总线
  48   1              if(t==0)//超时
  49   1              {
  50   2                      DHT=1;
  51   2              }
  52   1              t=250;//设置超时等待时间
  53   1              while(!DHT&&t--);//等待DHT11拉高总线
C51 COMPILER V9.00   DRIVE                                                                 07/14/2019 12:07:49 PAGE 2   

  54   1              if(t==0)//超时
  55   1              {
  56   2                      DHT=1;
  57   2              }
  58   1              t=250;//设置超时等待时间
  59   1              while(DHT&&t--);//等待DHT11拉低总线
  60   1              if(t==0)//超时
  61   1              {
  62   2                      DHT=1;
  63   2              }
  64   1      
  65   1              for(j=0;j<5;j++)//5次读取
  66   1              {
  67   2                      for(i=0;i<8;i++)//1次8个位
  68   2                      {
  69   3              //等待50us开始时隙
  70   3                              t=150;//设置超时等待时间
  71   3                              while(!DHT&&t--);//等待DHT11拉高总线
  72   3                              if(t==0)//超时
  73   3                              {
  74   4                                      DHT=1;
  75   4                              }
  76   3                              t=0;//记录时间清零
  77   3                              while(DHT&&++t);//等待并记录高电平持续时间
  78   3                              dat8<<=1;
  79   3                              if(t>30)//高电平持续时间较长(70us)
  80   3                              dat8+=1;//传输值为1
  81   3                      }
  82   2                      Data_Receive[j]=dat8;
  83   2              }
  84   1              
  85   1              Delay_30us();//等待DHT11拉低50us
  86   1              Delay_30us();
  87   1              DHT=1;
  88   1      
  89   1              for(i=0;i<4;i++)
  90   1              {
  91   2                      CheckValue+=Data_Receive[i];//计算校验值
  92   2              }
  93   1              if((uchar)CheckValue==Data_Receive[4])//比对
  94   1              {
  95   2                      Temperature[0]=Data_Receive[2]/10;
  96   2                      Temperature[1]=Data_Receive[2]%10;
  97   2                      Temperature[2]=Data_Receive[3]%10;
  98   2                      Humidity[0]=Data_Receive[0]/10;
  99   2                      Humidity[1]=Data_Receive[0]%10;
 100   2              }
 101   1      }
 102          
 103          /*******************************************************************************
 104          * 函 数 名         : sys_init
 105          * 函数功能                 : 系统初始化函数
 106          *******************************************************************************/
 107          
 108          void sys_init()
 109          {
 110   1              uchar i;
 111   1              
 112   1              //YLED=1;
 113   1              //RLED=1;
 114   1              OLED_Init(); //OLED初始化
 115   1              OLED_CLS();//清屏
C51 COMPILER V9.00   DRIVE                                                                 07/14/2019 12:07:49 PAGE 3   

 116   1              for(i = 0;i < 8;i++)//通过点整显示汉字 -- i表示字表数组的位置
 117   1              {
 118   2                      OLED_P16x16Ch(i*16,0,i);
 119   2              }
 120   1              OLED_FormLine(0,3);//显示一条横线
 121   1              OLED_FormTemp(8,4);//显示温度文字
 122   1              OLED_FormHumi(16,6);//显示湿度文字
 123   1              OLED_AnyChar_16X16(96,4,TempChar);//在行4（每行高16像素），列96像素位置显示摄氏度℃字符
 124   1              OLED_AnyChar_8X16(88,6,HumiChar);//在行6（每行高16像素），列88像素位置显示百分号%字符
 125   1              OLED_AnyChar_8X16(72,4,PointChar);//在行4（每行高16像素），列72像素位置显示冒号:字符
 126   1      }


MODULE INFORMATION:   STATIC OVERLAYABLE
   CODE SIZE        =    364    ----
   CONSTANT SIZE    =   ----    ----
   XDATA SIZE       =   ----    ----
   PDATA SIZE       =   ----    ----
   DATA SIZE        =   ----       5
   IDATA SIZE       =   ----    ----
   BIT SIZE         =   ----    ----
END OF MODULE INFORMATION.


C51 COMPILATION COMPLETE.  0 WARNING(S),  0 ERROR(S)
