C51 COMPILER V9.00   FUNCTION                                                              07/12/2019 14:21:34 PAGE 1   


C51 COMPILER V9.00, COMPILATION OF MODULE FUNCTION
OBJECT MODULE PLACED IN .\Objects\function.obj
COMPILER INVOKED BY: D:\单片机\C51\BIN\C51.EXE function\function.c BROWSE DEBUG OBJECTEXTEND PRINT(.\Listings\function.l
                    -st) OBJECT(.\Objects\function.obj)

line level    source

   1          /*********************************************************************************************************
   2          *名称：function.c
   3          *功能：对OLED功能设置
   4          创建时间：2019/7/5
   5          修改时间：2019/XX/XX
   6          作者：XXX
   7          **********************************************************************************************************
             -/
   8          
   9          #include "function.h"
  10          
  11          /*******************************************************************************
  12          * 函 数 名         : OLED_WrCmd
  13          * 函数功能                 : OLED写命令
  14          *******************************************************************************/
  15          
  16          void OLED_WrCmd(U8 IIC_Command)
  17          {
  18   1              IIC_Start();
  19   1      
  20   1              Write_IIC_Byte(0x78);            //Slave address,SA0=0
  21   1      
  22   1              Write_IIC_Byte(0x00);                   //write command
  23   1      
  24   1              Write_IIC_Byte(IIC_Command);
  25   1      
  26   1              IIC_Stop();
  27   1      }
  28          
  29          /*******************************************************************************
  30          * 函 数 名         : OLED_WrDat
  31          * 函数功能                 : OLED写数据
  32          *******************************************************************************/
  33          
  34          void OLED_WrDat(U8 IIC_Data)
  35          {
  36   1              IIC_Start();
  37   1      
  38   1              Write_IIC_Byte(0x78);
  39   1      
  40   1              Write_IIC_Byte(0x40);                   //write data
  41   1      
  42   1              Write_IIC_Byte(IIC_Data);
  43   1      
  44   1              IIC_Stop();
  45   1      }
  46          
  47          /*******************************************************************************
  48          * 函 数 名         : OLED_Set_pos
  49          * 函数功能                 : OLED设置坐标
  50          *******************************************************************************/
  51          
  52          void OLED_Set_Pos(U8 x, U8 y) 
  53          { 
C51 COMPILER V9.00   FUNCTION                                                              07/12/2019 14:21:34 PAGE 2   

  54   1              OLED_WrCmd(0xb0+y);
  55   1      
  56   1              OLED_WrCmd(((x&0xf0)>>4)|0x10);
  57   1      
  58   1              OLED_WrCmd((x&0x0f)|0x01);
  59   1      } 
  60          
  61          
  62          /*******************************************************************************
  63          * 函 数 名         : OLED_Fill
  64          * 函数功能                 : OLED全屏
  65          *******************************************************************************/
  66          
  67          void OLED_Fill(U8 bmp_dat) 
  68          {
  69   1              U8 y,x;
  70   1              for(y=0;y<8;y++)
  71   1              {
  72   2                      OLED_WrCmd(0xb0+y);
  73   2      
  74   2                      OLED_WrCmd(0x01);
  75   2      
  76   2                      OLED_WrCmd(0x10);
  77   2      
  78   2                      for(x=0;x<X_WIDTH;x++)
  79   2      
  80   2                      OLED_WrDat(bmp_dat);
  81   2              }
  82   1      }
  83          
  84          
  85          /*******************************************************************************
  86          * 函 数 名         : OLED_CLS
  87          * 函数功能                 : OLED复位
  88          *******************************************************************************/
  89          
  90          void OLED_CLS(void)
  91          {
  92   1              U8 y,x;
  93   1              for(y=0;y<8;y++)
  94   1              {
  95   2                      OLED_WrCmd(0xb0+y);
  96   2      
  97   2                      OLED_WrCmd(0x01);
  98   2      
  99   2                      OLED_WrCmd(0x10);
 100   2      
 101   2                      for(x=0;x<X_WIDTH;x++)
 102   2      
 103   2                      OLED_WrDat(0);
 104   2              }
 105   1      }
 106          
 107          


MODULE INFORMATION:   STATIC OVERLAYABLE
   CODE SIZE        =    173    ----
   CONSTANT SIZE    =   ----    ----
   XDATA SIZE       =   ----    ----
   PDATA SIZE       =   ----    ----
   DATA SIZE        =   ----       8
C51 COMPILER V9.00   FUNCTION                                                              07/12/2019 14:21:34 PAGE 3   

   IDATA SIZE       =   ----    ----
   BIT SIZE         =   ----    ----
END OF MODULE INFORMATION.


C51 COMPILATION COMPLETE.  0 WARNING(S),  0 ERROR(S)
