C51 COMPILER V9.00   MAIN                                                                  07/14/2019 10:07:25 PAGE 1   


C51 COMPILER V9.00, COMPILATION OF MODULE MAIN
OBJECT MODULE PLACED IN .\Objects\main.obj
COMPILER INVOKED BY: D:\单片机\C51\BIN\C51.EXE main.c BROWSE DEBUG OBJECTEXTEND PRINT(.\Listings\main.lst) OBJECT(.\Obje
                    -cts\main.obj)

line level    source

   1          /*********************************************************************************************************
   2          *名称：OLED显示屏
   3          *功能：在屏幕中显示图片
   4          创建时间：2019/7/7
   5          修改时间：2019/XX/XX
   6          作者：李诗琪
   7          *********************************************************************************************************/
   8          
   9          #include "includes.h"
  10          
  11          int main(void)
  12          {
  13   1              OLED_Init();
  14   1              while(1)
  15   1              {
  16   2              
  17   2                      Draw_BMP(0,0,128,8,BMP1);  //图片显示
  18   2      
  19   2                      Delay_ms(8000);
  20   2      
  21   2                      Draw_BMP(0,0,128,8,BMP2);
  22   2      
  23   2                      Delay_ms(8000);
  24   2                              
  25   2                      OLED_CLS();
  26   2              }
  27   1      }


MODULE INFORMATION:   STATIC OVERLAYABLE
   CODE SIZE        =     74    ----
   CONSTANT SIZE    =   ----    ----
   XDATA SIZE       =   ----    ----
   PDATA SIZE       =   ----    ----
   DATA SIZE        =   ----    ----
   IDATA SIZE       =   ----    ----
   BIT SIZE         =   ----    ----
END OF MODULE INFORMATION.


C51 COMPILATION COMPLETE.  0 WARNING(S),  0 ERROR(S)
