Removed Pin From Net: NetName=NetR6_1 Pin=R6-1
Removed Pin From Net: NetName=NetR6_1 Pin=R7-2
Removed Pin From Net: NetName=NetR8_1 Pin=R8-1
Removed Pin From Net: NetName=NetR6_1 Pin=R8-2
Removed Member From Class: ClassName=STC12+CH340E Member=R8
Change Component Comment : Designator=C9 Old Comment=0.1米F New Comment=0.1米F 0603
Change Component Comment : Designator=R4 Old Comment=次 New Comment=1k
Change Component Comment : Designator=R6 Old Comment=次 New Comment=22k
Change Component Comment : Designator=R7 Old Comment=次 New Comment=33k
Added Component: Designator=MOS10(SOT_23_3)
Added Component: Designator=R100(R_0805)
Added Component: Designator=SW1(switchi_slide(SMD))
Added Pin To Net: NetName=NetR6_1 Pin=MOS10-1
Added Pin To Net: NetName=VIN Pin=MOS10-2
Added Pin To Net: NetName=VCC Pin=MOS10-3
Added Pin To Net: NetName=NetR8_1 Pin=R6-1
Added Pin To Net: NetName=NetR8_1 Pin=R7-2
Added Pin To Net: NetName=VIN Pin=R100-2
Added Pin To Net: NetName=GND Pin=SW1-1
Added Pin To Net: NetName=NetR6_1 Pin=SW1-2
Change Net Name : Old Net Name=NetR6_1 New Net Name=NetMOS10_1
Change Net Name : Old Net Name=NetR8_1 New Net Name=NetR6_1
Added Pin To Net: NetName=NetR100_1 Pin=R100-1
Added Pin To Net: NetName=NetR100_1 Pin=SW1-3
Added Net: Name=NetR100_1
Added Member To Class: ClassName=STC12+CH340E Member=Component MOS10 SI2301
Added Member To Class: ClassName=STC12+CH340E Member=Component R100 100K次
Added Member To Class: ClassName=STC12+CH340E Member=Component SW1 switchi_slide(SMD)
Added Room: Name=STC12+CH340E
