Removed Pin From Net: NetName=GND Pin=C2-1
Removed Pin From Net: NetName=3V3 Pin=C2-2
Removed Pin From Net: NetName=VCC Pin=C3-2
Removed Pin From Net: NetName=VCC Pin=C4-1
Removed Pin From Net: NetName=GND Pin=C4-2
Removed Pin From Net: NetName=NetC5_1 Pin=C5-1
Removed Pin From Net: NetName=GND Pin=C5-2
Removed Pin From Net: NetName=NetFB1_1 Pin=FB1-1
Removed Pin From Net: NetName=VCC Pin=FB1-2
Removed Pin From Net: NetName=NetC5_1 Pin=K1-2
Removed Pin From Net: NetName=VIN Pin=MOS1-2
Removed Pin From Net: NetName=NetFB1_1 Pin=MOS1-3
Removed Pin From Net: NetName=VIN Pin=P9-1
Removed Pin From Net: NetName=VIN Pin=P9-2
Removed Pin From Net: NetName=GND Pin=P10-1
Removed Pin From Net: NetName=GND Pin=P10-2
Removed Pin From Net: NetName=NetC5_1 Pin=Q1-1
Removed Pin From Net: NetName=VIN Pin=R1-2
Removed Pin From Net: NetName=NetC5_1 Pin=R2-1
Removed Pin From Net: NetName=VCC Pin=U1-7
Removed Pin From Net: NetName=GND Pin=USB1-0
Removed Pin From Net: NetName=GND Pin=USB1-0
Removed Pin From Net: NetName=GND Pin=USB1-0
Removed Pin From Net: NetName=GND Pin=USB1-0
Removed Pin From Net: NetName=GND Pin=USB1-5
Removed Member From Class: ClassName=STC12+CH340E Member=C8
Removed Member From Class: ClassName=STC12+CH340E Member=FB1
Removed Member From Class: ClassName=STC12+CH340E Member=P9
Removed Member From Class: ClassName=STC12+CH340E Member=P10
Change Component Footprint: Designator=R2 Old Footprint=R_0603 New Footprint=R_0805
Change Component Comment : Designator=C2 Old Comment=0.1米F New Comment=10米F
Change Component Comment : Designator=R2 Old Comment=10k次 New Comment=1K次
Change Component Designator: OldDesignator=C1 NewDesignator=C4
Change Component Designator: OldDesignator=C7 NewDesignator=C6
Change Component Designator: OldDesignator=C8 NewDesignator=C5
Change Component Designator: OldDesignator=LED1 NewDesignator=LED2
Change Component Designator: OldDesignator=LED2 NewDesignator=LED1
Change Component Designator: OldDesignator=P1 NewDesignator=P4
Change Component Designator: OldDesignator=P2 NewDesignator=P3
Change Component Designator: OldDesignator=P3 NewDesignator=P1
Change Component Designator: OldDesignator=P4 NewDesignator=P2
Change Component Designator: OldDesignator=P5 NewDesignator=P7
Change Component Designator: OldDesignator=P7 NewDesignator=P5
Change Component Designator: OldDesignator=P8 NewDesignator=P6
Change Component Designator: OldDesignator=R3 NewDesignator=R7
Change Component Designator: OldDesignator=R5 NewDesignator=R6
Change Component Designator: OldDesignator=U2 NewDesignator=U3
Added Component: Designator=C1(C_0603)
Added Component: Designator=D1(DO_41_GLASS)
Added Component: Designator=F1(FB_0805)
Added Component: Designator=MOS2(SOT_23_3)
Added Component: Designator=R3(R_0603)
Added Component: Designator=R4(R_0603)
Added Component: Designator=R5(R_0603)
Added Component: Designator=U2(TSSOP_8)
Added Pin To Net: NetName=GND Pin=C1-1
Added Pin To Net: NetName=3V3 Pin=C1-2
Added Pin To Net: NetName=VCC Pin=C2-1
Added Pin To Net: NetName=GND Pin=C2-2
Added Pin To Net: NetName=VIN Pin=C3-2
Added Pin To Net: NetName=GND Pin=D1-1
Added Pin To Net: NetName=VIN Pin=F1-1
Added Pin To Net: NetName=NetC5_1 Pin=F1-2
Added Pin To Net: NetName=NetFB1_1 Pin=K1-2
Added Pin To Net: NetName=NetC5_1 Pin=MOS1-2
Added Pin To Net: NetName=VCC Pin=MOS1-3
Added Pin To Net: NetName=GND Pin=MOS2-2
Added Pin To Net: NetName=NetFB1_1 Pin=Q1-1
Added Pin To Net: NetName=NetC5_1 Pin=R1-2
Added Pin To Net: NetName=VIN Pin=R3-2
Added Pin To Net: NetName=NetFB1_1 Pin=R4-1
Added Pin To Net: NetName=NetC5_1 Pin=R4-2
Added Pin To Net: NetName=GND Pin=R5-1
Added Pin To Net: NetName=VIN Pin=U1-7
Added Pin To Net: NetName=GND Pin=U2-4
Added Pin To Net: NetName=NetFB1_1 Pin=U2-7
Added Pin To Net: NetName=VCC Pin=U2-8
Change Net Name : Old Net Name=NetC5_1 New Net Name=NetF1_2
Change Net Name : Old Net Name=NetC7_1 New Net Name=NetC6_1
Change Net Name : Old Net Name=NetC8_1 New Net Name=NetC5_1
Change Net Name : Old Net Name=NetFB1_1 New Net Name=NetK1_2
Change Net Name : Old Net Name=NetLED1_1 New Net Name=NetLED2_1
Change Net Name : Old Net Name=NetLED2_2 New Net Name=NetLED1_2
Change Net Name : Old Net Name=NetP3_1 New Net Name=NetP1_1
Change Net Name : Old Net Name=NetP3_2 New Net Name=NetP1_2
Change Net Name : Old Net Name=NetP3_3 New Net Name=NetP1_3
Change Net Name : Old Net Name=NetP3_4 New Net Name=NetP1_4
Change Net Name : Old Net Name=NetP3_5 New Net Name=NetP1_5
Change Net Name : Old Net Name=NetP3_6 New Net Name=NetP1_6
Change Net Name : Old Net Name=NetP3_7 New Net Name=NetP1_7
Change Net Name : Old Net Name=NetP3_8 New Net Name=NetP1_8
Change Net Name : Old Net Name=NetP4_1 New Net Name=NetP2_1
Change Net Name : Old Net Name=NetP4_2 New Net Name=NetP2_2
Change Net Name : Old Net Name=NetP4_3 New Net Name=NetP2_3
Change Net Name : Old Net Name=NetP4_4 New Net Name=NetP2_4
Change Net Name : Old Net Name=NetP4_5 New Net Name=NetP2_5
Change Net Name : Old Net Name=NetP4_6 New Net Name=NetP2_6
Change Net Name : Old Net Name=NetP4_7 New Net Name=NetP2_7
Change Net Name : Old Net Name=NetP4_8 New Net Name=NetP2_8
Change Net Name : Old Net Name=NetP5_1 New Net Name=NetP7_1
Change Net Name : Old Net Name=NetP5_2 New Net Name=NetP7_2
Change Net Name : Old Net Name=NetP5_3 New Net Name=NetP7_3
Change Net Name : Old Net Name=NetP5_4 New Net Name=NetP7_4
Change Net Name : Old Net Name=NetP5_5 New Net Name=NetP7_5
Change Net Name : Old Net Name=NetP5_6 New Net Name=NetP7_6
Change Net Name : Old Net Name=NetP5_7 New Net Name=NetP7_7
Change Net Name : Old Net Name=NetP7_3 New Net Name=NetP5_3
Change Net Name : Old Net Name=NetP7_4 New Net Name=NetP5_4
Change Net Name : Old Net Name=NetP7_5 New Net Name=NetP5_5
Change Net Name : Old Net Name=NetP7_6 New Net Name=NetP5_6
Change Net Name : Old Net Name=NetP7_7 New Net Name=NetP5_7
Change Net Name : Old Net Name=NetP7_8 New Net Name=NetP5_8
Change Net Name : Old Net Name=NetP8_1 New Net Name=NetP6_1
Change Net Name : Old Net Name=NetP8_2 New Net Name=NetP6_2
Change Net Name : Old Net Name=NetP8_3 New Net Name=NetP6_3
Change Net Name : Old Net Name=NetP8_4 New Net Name=NetP6_4
Change Net Name : Old Net Name=NetP8_5 New Net Name=NetP6_5
Change Net Name : Old Net Name=NetP8_6 New Net Name=NetP6_6
Change Net Name : Old Net Name=NetP8_7 New Net Name=NetP6_7
Change Net Name : Old Net Name=NetP8_8 New Net Name=NetP6_8
Added Pin To Net: NetName=IN_3V3 Pin=D1-2
Added Pin To Net: NetName=IN_3V3 Pin=MOS2-1
Added Pin To Net: NetName=IN_3V3 Pin=R2-1
Added Pin To Net: NetName=IN_3V3 Pin=U2-5
Added Net: Name=IN_3V3
Added Pin To Net: NetName=NetMOS2_3 Pin=MOS2-3
Added Pin To Net: NetName=NetMOS2_3 Pin=USB1-5
Added Net: Name=NetMOS2_3
Added Pin To Net: NetName=NetR3_1 Pin=R3-1
Added Pin To Net: NetName=NetR3_1 Pin=R5-2
Added Pin To Net: NetName=NetR3_1 Pin=U2-6
Added Net: Name=NetR3_1
Added Member To Class: ClassName=STC12+CH340E Member=Component D1 3.3V
Added Member To Class: ClassName=STC12+CH340E Member=Component F1 FUSE_0805
Added Member To Class: ClassName=STC12+CH340E Member=Component MOS2 AO3400A
Added Member To Class: ClassName=STC12+CH340E Member=Component R4 100K次
Added Member To Class: ClassName=STC12+CH340E Member=Component R6 10K次
Added Member To Class: ClassName=STC12+CH340E Member=Component R7 10K次
Added Member To Class: ClassName=STC12+CH340E Member=Component U3 STC12LEXXS2
Added Room: Name=STC12+CH340E
