Added Component: Designator=C1(C_0603)
Added Component: Designator=C2(C_0603)
Added Component: Designator=C3(C_0603)
Added Component: Designator=C4(C_0603)
Added Component: Designator=C5(C_0603)
Added Component: Designator=C6(C_0603)
Added Component: Designator=D1(SOD_80)
Added Component: Designator=F1(FB_0805)
Added Component: Designator=K1(TACT SWITCH_2_SMD)
Added Component: Designator=LED1(LED_0603-G)
Added Component: Designator=LED2(LED_0603-B)
Added Component: Designator=MOS1(SOT_23_3)
Added Component: Designator=MOS2(SOT_23_3)
Added Component: Designator=P1(PIN_8)
Added Component: Designator=P2(PIN_8)
Added Component: Designator=P3(PIN_4)
Added Component: Designator=P4(PIN_4)
Added Component: Designator=P5(PIN_8)
Added Component: Designator=P6(PIN_8)
Added Component: Designator=P7(PIN_8)
Added Component: Designator=Q1(SOT_23_3)
Added Component: Designator=R1(R_0603)
Added Component: Designator=R2(R_0805)
Added Component: Designator=R3(R_0603)
Added Component: Designator=R4(R_0603)
Added Component: Designator=R5(R_0603)
Added Component: Designator=R6(R_0603)
Added Component: Designator=R7(R_0603)
Added Component: Designator=U1(MSOP_10)
Added Component: Designator=U2(TSSOP_8)
Added Component: Designator=U3(LQFP_44)
Added Component: Designator=USB1(MICRO USB B)
Added Component: Designator=Y1(Crystal_HC_49US)
Added Pin To Net: NetName=3V3 Pin=C1-2
Added Pin To Net: NetName=3V3 Pin=LED1-1
Added Pin To Net: NetName=3V3 Pin=P4-3
Added Pin To Net: NetName=3V3 Pin=P4-4
Added Pin To Net: NetName=3V3 Pin=R7-1
Added Pin To Net: NetName=3V3 Pin=U1-10
Added Net: Name=3V3
Added Pin To Net: NetName=D+ Pin=U1-1
Added Pin To Net: NetName=D+ Pin=U1-1
Added Pin To Net: NetName=D+ Pin=USB1-3
Added Net: Name=D+
Added Pin To Net: NetName=D- Pin=U1-2
Added Pin To Net: NetName=D- Pin=USB1-2
Added Net: Name=D-
Added Pin To Net: NetName=GND Pin=C1-1
Added Pin To Net: NetName=GND Pin=C2-2
Added Pin To Net: NetName=GND Pin=C3-1
Added Pin To Net: NetName=GND Pin=C4-2
Added Pin To Net: NetName=GND Pin=C5-2
Added Pin To Net: NetName=GND Pin=C6-2
Added Pin To Net: NetName=GND Pin=D1-1
Added Pin To Net: NetName=GND Pin=K1-1
Added Pin To Net: NetName=GND Pin=LED2-2
Added Pin To Net: NetName=GND Pin=MOS2-2
Added Pin To Net: NetName=GND Pin=P3-1
Added Pin To Net: NetName=GND Pin=P3-2
Added Pin To Net: NetName=GND Pin=P4-1
Added Pin To Net: NetName=GND Pin=P4-2
Added Pin To Net: NetName=GND Pin=Q1-2
Added Pin To Net: NetName=GND Pin=R5-1
Added Pin To Net: NetName=GND Pin=U1-3
Added Pin To Net: NetName=GND Pin=U2-4
Added Pin To Net: NetName=GND Pin=U3-16
Added Net: Name=GND
Added Pin To Net: NetName=IN_3V3 Pin=D1-2
Added Pin To Net: NetName=IN_3V3 Pin=MOS2-1
Added Pin To Net: NetName=IN_3V3 Pin=R2-1
Added Pin To Net: NetName=IN_3V3 Pin=U2-5
Added Net: Name=IN_3V3
Added Pin To Net: NetName=NetC5_1 Pin=C5-1
Added Pin To Net: NetName=NetC5_1 Pin=U3-15
Added Pin To Net: NetName=NetC5_1 Pin=Y1-2
Added Net: Name=NetC5_1
Added Pin To Net: NetName=NetC6_1 Pin=C6-1
Added Pin To Net: NetName=NetC6_1 Pin=U3-14
Added Pin To Net: NetName=NetC6_1 Pin=Y1-1
Added Net: Name=NetC6_1
Added Pin To Net: NetName=NetF1_2 Pin=F1-2
Added Pin To Net: NetName=NetF1_2 Pin=MOS1-2
Added Pin To Net: NetName=NetF1_2 Pin=R1-2
Added Pin To Net: NetName=NetF1_2 Pin=R4-2
Added Net: Name=NetF1_2
Added Pin To Net: NetName=NetK1_2 Pin=K1-2
Added Pin To Net: NetName=NetK1_2 Pin=Q1-1
Added Pin To Net: NetName=NetK1_2 Pin=R4-1
Added Pin To Net: NetName=NetK1_2 Pin=U2-7
Added Net: Name=NetK1_2
Added Pin To Net: NetName=NetLED1_2 Pin=LED1-2
Added Pin To Net: NetName=NetLED1_2 Pin=R6-1
Added Net: Name=NetLED1_2
Added Pin To Net: NetName=NetLED2_1 Pin=LED2-1
Added Pin To Net: NetName=NetLED2_1 Pin=R7-2
Added Net: Name=NetLED2_1
Added Pin To Net: NetName=NetMOS1_1 Pin=MOS1-1
Added Pin To Net: NetName=NetMOS1_1 Pin=Q1-3
Added Pin To Net: NetName=NetMOS1_1 Pin=R1-1
Added Net: Name=NetMOS1_1
Added Pin To Net: NetName=NetMOS2_3 Pin=MOS2-3
Added Pin To Net: NetName=NetMOS2_3 Pin=USB1-5
Added Net: Name=NetMOS2_3
Added Pin To Net: NetName=NetP1_1 Pin=P1-1
Added Pin To Net: NetName=NetP1_1 Pin=U3-40
Added Net: Name=NetP1_1
Added Pin To Net: NetName=NetP1_2 Pin=P1-2
Added Pin To Net: NetName=NetP1_2 Pin=U3-41
Added Net: Name=NetP1_2
Added Pin To Net: NetName=NetP1_3 Pin=P1-3
Added Pin To Net: NetName=NetP1_3 Pin=U3-42
Added Net: Name=NetP1_3
Added Pin To Net: NetName=NetP1_4 Pin=P1-4
Added Pin To Net: NetName=NetP1_4 Pin=U3-43
Added Net: Name=NetP1_4
Added Pin To Net: NetName=NetP1_5 Pin=P1-5
Added Pin To Net: NetName=NetP1_5 Pin=U3-44
Added Net: Name=NetP1_5
Added Pin To Net: NetName=NetP1_6 Pin=P1-6
Added Pin To Net: NetName=NetP1_6 Pin=U3-1
Added Net: Name=NetP1_6
Added Pin To Net: NetName=NetP1_7 Pin=P1-7
Added Pin To Net: NetName=NetP1_7 Pin=U3-2
Added Net: Name=NetP1_7
Added Pin To Net: NetName=NetP1_8 Pin=P1-8
Added Pin To Net: NetName=NetP1_8 Pin=U3-3
Added Net: Name=NetP1_8
Added Pin To Net: NetName=NetP2_1 Pin=P2-1
Added Pin To Net: NetName=NetP2_1 Pin=U3-30
Added Net: Name=NetP2_1
Added Pin To Net: NetName=NetP2_2 Pin=P2-2
Added Pin To Net: NetName=NetP2_2 Pin=U3-31
Added Net: Name=NetP2_2
Added Pin To Net: NetName=NetP2_3 Pin=P2-3
Added Pin To Net: NetName=NetP2_3 Pin=U3-32
Added Net: Name=NetP2_3
Added Pin To Net: NetName=NetP2_4 Pin=P2-4
Added Pin To Net: NetName=NetP2_4 Pin=U3-33
Added Net: Name=NetP2_4
Added Pin To Net: NetName=NetP2_5 Pin=P2-5
Added Pin To Net: NetName=NetP2_5 Pin=U3-34
Added Net: Name=NetP2_5
Added Pin To Net: NetName=NetP2_6 Pin=P2-6
Added Pin To Net: NetName=NetP2_6 Pin=U3-35
Added Net: Name=NetP2_6
Added Pin To Net: NetName=NetP2_7 Pin=P2-7
Added Pin To Net: NetName=NetP2_7 Pin=U3-36
Added Net: Name=NetP2_7
Added Pin To Net: NetName=NetP2_8 Pin=P2-8
Added Pin To Net: NetName=NetP2_8 Pin=U3-37
Added Net: Name=NetP2_8
Added Pin To Net: NetName=NetP5_3 Pin=P5-3
Added Pin To Net: NetName=NetP5_3 Pin=U3-8
Added Net: Name=NetP5_3
Added Pin To Net: NetName=NetP5_4 Pin=P5-4
Added Pin To Net: NetName=NetP5_4 Pin=U3-9
Added Net: Name=NetP5_4
Added Pin To Net: NetName=NetP5_5 Pin=P5-5
Added Pin To Net: NetName=NetP5_5 Pin=U3-10
Added Net: Name=NetP5_5
Added Pin To Net: NetName=NetP5_6 Pin=P5-6
Added Pin To Net: NetName=NetP5_6 Pin=U3-11
Added Net: Name=NetP5_6
Added Pin To Net: NetName=NetP5_7 Pin=P5-7
Added Pin To Net: NetName=NetP5_7 Pin=U3-12
Added Net: Name=NetP5_7
Added Pin To Net: NetName=NetP5_8 Pin=P5-8
Added Pin To Net: NetName=NetP5_8 Pin=U3-13
Added Net: Name=NetP5_8
Added Pin To Net: NetName=NetP6_1 Pin=P6-1
Added Pin To Net: NetName=NetP6_1 Pin=U3-18
Added Net: Name=NetP6_1
Added Pin To Net: NetName=NetP6_2 Pin=P6-2
Added Pin To Net: NetName=NetP6_2 Pin=U3-19
Added Net: Name=NetP6_2
Added Pin To Net: NetName=NetP6_3 Pin=P6-3
Added Pin To Net: NetName=NetP6_3 Pin=U3-20
Added Net: Name=NetP6_3
Added Pin To Net: NetName=NetP6_4 Pin=P6-4
Added Pin To Net: NetName=NetP6_4 Pin=U3-21
Added Net: Name=NetP6_4
Added Pin To Net: NetName=NetP6_5 Pin=P6-5
Added Pin To Net: NetName=NetP6_5 Pin=U3-22
Added Net: Name=NetP6_5
Added Pin To Net: NetName=NetP6_6 Pin=P6-6
Added Pin To Net: NetName=NetP6_6 Pin=U3-23
Added Net: Name=NetP6_6
Added Pin To Net: NetName=NetP6_7 Pin=P6-7
Added Pin To Net: NetName=NetP6_7 Pin=U3-24
Added Net: Name=NetP6_7
Added Pin To Net: NetName=NetP6_8 Pin=P6-8
Added Pin To Net: NetName=NetP6_8 Pin=U3-25
Added Net: Name=NetP6_8
Added Pin To Net: NetName=NetP7_1 Pin=P7-1
Added Pin To Net: NetName=NetP7_1 Pin=U3-17
Added Net: Name=NetP7_1
Added Pin To Net: NetName=NetP7_2 Pin=P7-2
Added Pin To Net: NetName=NetP7_2 Pin=U3-28
Added Net: Name=NetP7_2
Added Pin To Net: NetName=NetP7_3 Pin=P7-3
Added Pin To Net: NetName=NetP7_3 Pin=U3-39
Added Net: Name=NetP7_3
Added Pin To Net: NetName=NetP7_4 Pin=P7-4
Added Pin To Net: NetName=NetP7_4 Pin=U3-6
Added Net: Name=NetP7_4
Added Pin To Net: NetName=NetP7_5 Pin=P7-5
Added Pin To Net: NetName=NetP7_5 Pin=U3-26
Added Net: Name=NetP7_5
Added Pin To Net: NetName=NetP7_6 Pin=P7-6
Added Pin To Net: NetName=NetP7_6 Pin=U3-27
Added Net: Name=NetP7_6
Added Pin To Net: NetName=NetP7_7 Pin=P7-7
Added Pin To Net: NetName=NetP7_7 Pin=U3-29
Added Net: Name=NetP7_7
Added Pin To Net: NetName=NetR3_1 Pin=R3-1
Added Pin To Net: NetName=NetR3_1 Pin=R5-2
Added Pin To Net: NetName=NetR3_1 Pin=U2-6
Added Net: Name=NetR3_1
Added Pin To Net: NetName=RST Pin=P7-8
Added Pin To Net: NetName=RST Pin=U3-4
Added Net: Name=RST
Added Pin To Net: NetName=RXD Pin=P5-1
Added Pin To Net: NetName=RXD Pin=U1-8
Added Pin To Net: NetName=RXD Pin=U3-5
Added Net: Name=RXD
Added Pin To Net: NetName=TXD Pin=P5-2
Added Pin To Net: NetName=TXD Pin=R6-2
Added Pin To Net: NetName=TXD Pin=U1-9
Added Pin To Net: NetName=TXD Pin=U3-7
Added Net: Name=TXD
Added Pin To Net: NetName=VCC Pin=C2-1
Added Pin To Net: NetName=VCC Pin=C4-1
Added Pin To Net: NetName=VCC Pin=MOS1-3
Added Pin To Net: NetName=VCC Pin=P3-3
Added Pin To Net: NetName=VCC Pin=P3-4
Added Pin To Net: NetName=VCC Pin=U2-8
Added Pin To Net: NetName=VCC Pin=U3-38
Added Net: Name=VCC
Added Pin To Net: NetName=VIN Pin=C3-2
Added Pin To Net: NetName=VIN Pin=F1-1
Added Pin To Net: NetName=VIN Pin=R2-2
Added Pin To Net: NetName=VIN Pin=R3-2
Added Pin To Net: NetName=VIN Pin=U1-7
Added Pin To Net: NetName=VIN Pin=USB1-1
Added Net: Name=VIN
Added Class: Name=STC12+CH340E
Added Room: Name=STC12+CH340E
